#
# There is insufficient memory for the Java Runtime Environment to continue.
# Native memory allocation (malloc) failed to allocate 32744 bytes for ChunkPool::allocate
# Possible reasons:
#   The system is out of physical RAM or swap space
#   The process is running with CompressedOops enabled, and the Java Heap may be blocking the growth of the native heap
# Possible solutions:
#   Reduce memory load on the system
#   Increase physical memory or swap space
#   Check if swap backing store is full
#   Decrease Java heap size (-Xmx/-Xms)
#   Decrease number of Java threads
#   Decrease Java thread stack sizes (-Xss)
#   Set larger code cache with -XX:ReservedCodeCacheSize=
#   JVM is running with Unscaled Compressed Oops mode in which the Java heap is
#     placed in the first 4GB address space. The Java Heap base address is the
#     maximum limit for the native heap growth. Please use -XX:HeapBaseMinAddress
#     to set the Java Heap base and to place the Java Heap above 4GB virtual address.
# This output file may be truncated or incomplete.
#
#  Out of Memory Error (arena.cpp:79), pid=11324, tid=1096
#
# JRE version: OpenJDK Runtime Environment Temurin-17.0.10+7 (17.0.10+7) (build 17.0.10+7)
# Java VM: OpenJDK 64-Bit Server VM Temurin-17.0.10+7 (17.0.10+7, mixed mode, tiered, compressed oops, compressed class ptrs, parallel gc, windows-amd64)
# No core dump will be written. Minidumps are not enabled by default on client versions of Windows
#

---------------  S U M M A R Y ------------

Command Line: --add-modules=ALL-SYSTEM --add-opens=java.base/java.util=ALL-UNNAMED --add-opens=java.base/java.lang=ALL-UNNAMED --add-opens=java.base/sun.nio.fs=ALL-UNNAMED -Declipse.application=org.eclipse.jdt.ls.core.id1 -Dosgi.bundles.defaultStartLevel=4 -Declipse.product=org.eclipse.jdt.ls.core.product -Djava.import.generatesMetadataFilesAtProjectRoot=false -DDetectVMInstallationsJob.disabled=true -Dfile.encoding=utf8 -XX:+UseParallelGC -XX:GCTimeRatio=4 -XX:AdaptiveSizePolicyWeight=90 -Dsun.zip.disableMemoryMapping=true -Xmx1G -Xms100m -Xlog:disable -javaagent:c:\Users\Dell\.vscode\extensions\redhat.java-1.28.1-win32-x64\lombok\lombok-1.18.31.jar -XX:+HeapDumpOnOutOfMemoryError -XX:HeapDumpPath=c:\Users\Dell\AppData\Roaming\Code\User\workspaceStorage\d77688133bc9dfcb1443ad5b983b3a8c\redhat.java -Daether.dependencyCollector.impl=bf c:\Users\Dell\.vscode\extensions\redhat.java-1.28.1-win32-x64\server\plugins\org.eclipse.equinox.launcher_1.6.700.v20231214-2017.jar -configuration c:\Users\Dell\AppData\Roaming\Code\User\globalStorage\redhat.java\1.28.1\config_win -data c:\Users\Dell\AppData\Roaming\Code\User\workspaceStorage\d77688133bc9dfcb1443ad5b983b3a8c\redhat.java\jdt_ws --stdio

Host: Intel(R) Core(TM) i5-3337U CPU @ 1.80GHz, 4 cores, 5G,  Windows 10 , 64 bit Build 19041 (10.0.19041.3636)
Time: Fri Mar 29 00:36:33 2024 India Standard Time elapsed time: 7.189100 seconds (0d 0h 0m 7s)

---------------  T H R E A D  ---------------

Current thread (0x0000024cfa7348a0):  JavaThread "C2 CompilerThread0" daemon [_thread_in_native, id=1096, stack(0x000000744f500000,0x000000744f600000)]


Current CompileTask:
C2:   7189 1477       4       java.io.WinNTFileSystem::normalize (143 bytes)

Stack: [0x000000744f500000,0x000000744f600000]
Native frames: (J=compiled Java code, j=interpreted, Vv=VM code, C=native code)
V  [jvm.dll+0x67d2c9]
V  [jvm.dll+0x834afa]
V  [jvm.dll+0x8365be]
V  [jvm.dll+0x836c23]
V  [jvm.dll+0x2477ff]
V  [jvm.dll+0xac711]
V  [jvm.dll+0xacb5c]
V  [jvm.dll+0x36c3d0]
V  [jvm.dll+0x36b921]
V  [jvm.dll+0x36b964]
V  [jvm.dll+0x5661a1]
V  [jvm.dll+0x566973]
V  [jvm.dll+0x1bcf87]
V  [jvm.dll+0x21a049]
V  [jvm.dll+0x219311]
V  [jvm.dll+0x1a502d]
V  [jvm.dll+0x2290de]
V  [jvm.dll+0x2272ac]
V  [jvm.dll+0x7e9bb7]
V  [jvm.dll+0x7e3fba]
V  [jvm.dll+0x67c1b5]
C  [ucrtbase.dll+0x21bb2]
C  [KERNEL32.DLL+0x17344]
C  [ntdll.dll+0x526b1]


---------------  P R O C E S S  ---------------

Threads class SMR info:
_java_thread_list=0x0000024c806f0560, length=13, elements={
0x0000024ce68df540, 0x0000024ce6996570, 0x0000024ce6997be0, 0x0000024cfa765130,
0x0000024cfa765ec0, 0x0000024cfa766c50, 0x0000024cfa76a940, 0x0000024cfa7348a0,
0x0000024ce699aed0, 0x0000024ce699dba0, 0x0000024ce693f060, 0x0000024cffb3fed0,
0x0000024c80755c50
}

Java Threads: ( => current thread )
  0x0000024ce68df540 JavaThread "main" [_thread_in_Java, id=12548, stack(0x000000744ec00000,0x000000744ed00000)]
  0x0000024ce6996570 JavaThread "Reference Handler" daemon [_thread_blocked, id=15316, stack(0x000000744ef00000,0x000000744f000000)]
  0x0000024ce6997be0 JavaThread "Finalizer" daemon [_thread_blocked, id=14720, stack(0x000000744f000000,0x000000744f100000)]
  0x0000024cfa765130 JavaThread "Signal Dispatcher" daemon [_thread_blocked, id=7572, stack(0x000000744f100000,0x000000744f200000)]
  0x0000024cfa765ec0 JavaThread "Attach Listener" daemon [_thread_blocked, id=11544, stack(0x000000744f200000,0x000000744f300000)]
  0x0000024cfa766c50 JavaThread "Service Thread" daemon [_thread_blocked, id=3860, stack(0x000000744f300000,0x000000744f400000)]
  0x0000024cfa76a940 JavaThread "Monitor Deflation Thread" daemon [_thread_blocked, id=11044, stack(0x000000744f400000,0x000000744f500000)]
=>0x0000024cfa7348a0 JavaThread "C2 CompilerThread0" daemon [_thread_in_native, id=1096, stack(0x000000744f500000,0x000000744f600000)]
  0x0000024ce699aed0 JavaThread "C1 CompilerThread0" daemon [_thread_in_native, id=7592, stack(0x000000744f600000,0x000000744f700000)]
  0x0000024ce699dba0 JavaThread "Sweeper thread" daemon [_thread_blocked, id=15432, stack(0x000000744f700000,0x000000744f800000)]
  0x0000024ce693f060 JavaThread "Common-Cleaner" daemon [_thread_blocked, id=8000, stack(0x000000744f800000,0x000000744f900000)]
  0x0000024cffb3fed0 JavaThread "Notification Thread" daemon [_thread_blocked, id=14368, stack(0x000000744f900000,0x000000744fa00000)]
  0x0000024c80755c50 JavaThread "Active Thread: Equinox Container: e66c76bf-112b-4710-be51-e5fd464ee83d" [_thread_blocked, id=13988, stack(0x000000744fe00000,0x000000744ff00000)]

Other Threads:
  0x0000024cfa715940 VMThread "VM Thread" [stack: 0x000000744ee00000,0x000000744ef00000] [id=15364]
  0x0000024c800265d0 WatcherThread [stack: 0x000000744fa00000,0x000000744fb00000] [id=8036]
  0x0000024ce68f3fb0 GCTaskThread "GC Thread#0" [stack: 0x000000744ed00000,0x000000744ee00000] [id=16144]
  0x0000024c80486a00 GCTaskThread "GC Thread#1" [stack: 0x000000744fb00000,0x000000744fc00000] [id=15248]
  0x0000024c804da470 GCTaskThread "GC Thread#2" [stack: 0x000000744fc00000,0x000000744fd00000] [id=8208]
  0x0000024c804da730 GCTaskThread "GC Thread#3" [stack: 0x000000744fd00000,0x000000744fe00000] [id=7028]

Threads with active compile tasks:
C2 CompilerThread0     7269 1477       4       java.io.WinNTFileSystem::normalize (143 bytes)
C1 CompilerThread0     7269 1488       3       java.net.URL::<init> (438 bytes)

VM state: not at safepoint (normal execution)

VM Mutex/Monitor currently owned by a thread: None

Heap address: 0x00000000c0000000, size: 1024 MB, Compressed Oops mode: 32-bit

CDS archive(s) not mapped
Compressed class space mapped at: 0x0000000100000000-0x0000000140000000, reserved size: 1073741824
Narrow klass base: 0x0000000000000000, Narrow klass shift: 3, Narrow klass range: 0x140000000

GC Precious Log:
 CPUs: 4 total, 4 available
 Memory: 6013M
 Large Page Support: Disabled
 NUMA Support: Disabled
 Compressed Oops: Enabled (32-bit)
 Alignments: Space 512K, Generation 512K, Heap 2M
 Heap Min Capacity: 100M
 Heap Initial Capacity: 100M
 Heap Max Capacity: 1G
 Pre-touch: Disabled
 Parallel Workers: 4

Heap:
 PSYoungGen      total 29696K, used 23704K [0x00000000eab00000, 0x00000000ecc00000, 0x0000000100000000)
  eden space 25600K, 80% used [0x00000000eab00000,0x00000000ebf06c88,0x00000000ec400000)
  from space 4096K, 78% used [0x00000000ec400000,0x00000000ec71f5a8,0x00000000ec800000)
  to   space 4096K, 0% used [0x00000000ec800000,0x00000000ec800000,0x00000000ecc00000)
 ParOldGen       total 68608K, used 8K [0x00000000c0000000, 0x00000000c4300000, 0x00000000eab00000)
  object space 68608K, 0% used [0x00000000c0000000,0x00000000c0002000,0x00000000c4300000)
 Metaspace       used 13771K, committed 13952K, reserved 1114112K
  class space    used 1359K, committed 1472K, reserved 1048576K

Card table byte_map: [0x0000024ce62b0000,0x0000024ce64c0000] _byte_map_base: 0x0000024ce5cb0000

Marking Bits: (ParMarkBitMap*) 0x00007ff98c27d7d0
 Begin Bits: [0x0000024cf8580000, 0x0000024cf9580000)
 End Bits:   [0x0000024cf9580000, 0x0000024cfa580000)

Polling page: 0x0000024ce60a0000

Metaspace:

Usage:
  Non-class:     12.12 MB used.
      Class:      1.33 MB used.
       Both:     13.45 MB used.

Virtual space:
  Non-class space:       64.00 MB reserved,      12.19 MB ( 19%) committed,  1 nodes.
      Class space:        1.00 GB reserved,       1.44 MB ( <1%) committed,  1 nodes.
             Both:        1.06 GB reserved,      13.62 MB (  1%) committed. 

Chunk freelists:
   Non-Class:  3.34 MB
       Class:  14.48 MB
        Both:  17.83 MB

MaxMetaspaceSize: unlimited
CompressedClassSpaceSize: 1.00 GB
Initial GC threshold: 21.00 MB
Current GC threshold: 21.00 MB
CDS: off
MetaspaceReclaimPolicy: balanced
 - commit_granule_bytes: 65536.
 - commit_granule_words: 8192.
 - virtual_space_node_default_size: 8388608.
 - enlarge_chunks_in_place: 1.
 - new_chunks_are_fully_committed: 0.
 - uncommit_free_chunks: 1.
 - use_allocation_guard: 0.
 - handle_deallocations: 1.


Internal statistics:

num_allocs_failed_limit: 0.
num_arena_births: 54.
num_arena_deaths: 0.
num_vsnodes_births: 2.
num_vsnodes_deaths: 0.
num_space_committed: 218.
num_space_uncommitted: 0.
num_chunks_returned_to_freelist: 0.
num_chunks_taken_from_freelist: 222.
num_chunk_merges: 0.
num_chunk_splits: 147.
num_chunks_enlarged: 119.
num_inconsistent_stats: 0.

CodeHeap 'non-profiled nmethods': size=120000Kb used=600Kb max_used=600Kb free=119399Kb
 bounds [0x0000024cf1050000, 0x0000024cf12c0000, 0x0000024cf8580000]
CodeHeap 'profiled nmethods': size=120000Kb used=2722Kb max_used=2722Kb free=117277Kb
 bounds [0x0000024ce9580000, 0x0000024ce9830000, 0x0000024cf0ab0000]
CodeHeap 'non-nmethods': size=5760Kb used=1154Kb max_used=1172Kb free=4605Kb
 bounds [0x0000024cf0ab0000, 0x0000024cf0d20000, 0x0000024cf1050000]
 total_blobs=1933 nmethods=1483 adapters=364
 compilation: enabled
              stopped_count=0, restarted_count=0
 full_count=0

Compilation events (20 events):
Event: 6.996 Thread 0x0000024cfa7348a0 1476 %     4       java.io.WinNTFileSystem::normalize @ 58 (224 bytes)
Event: 7.006 Thread 0x0000024ce699aed0 1478       3       org.eclipse.osgi.framework.util.SecureAction::getProperty (31 bytes)
Event: 7.008 Thread 0x0000024ce699aed0 nmethod 1478 0x0000024ce9823190 code [0x0000024ce9823420, 0x0000024ce9823e98]
Event: 7.008 Thread 0x0000024ce699aed0 1479       3       java.net.URL::isBuiltinStreamHandler (32 bytes)
Event: 7.010 Thread 0x0000024ce699aed0 nmethod 1479 0x0000024ce9824210 code [0x0000024ce9824500, 0x0000024ce9825598]
Event: 7.010 Thread 0x0000024ce699aed0 1480       3       java.net.URL::isBuiltinStreamHandler (7 bytes)
Event: 7.010 Thread 0x0000024ce699aed0 nmethod 1480 0x0000024ce9825b90 code [0x0000024ce9825d40, 0x0000024ce9825f08]
Event: 7.010 Thread 0x0000024ce699aed0 1481       3       org.eclipse.osgi.internal.framework.EquinoxConfiguration$ConfigValues::internalGet (24 bytes)
Event: 7.012 Thread 0x0000024ce699aed0 nmethod 1481 0x0000024ce9826010 code [0x0000024ce98262c0, 0x0000024ce9826ee8]
Event: 7.013 Thread 0x0000024ce699aed0 1482       3       java.io.File::isAbsolute (8 bytes)
Event: 7.013 Thread 0x0000024ce699aed0 nmethod 1482 0x0000024ce9827310 code [0x0000024ce98274c0, 0x0000024ce9827628]
Event: 7.013 Thread 0x0000024ce699aed0 1483       3       java.io.WinNTFileSystem::isAbsolute (36 bytes)
Event: 7.014 Thread 0x0000024ce699aed0 nmethod 1483 0x0000024ce9827710 code [0x0000024ce9827920, 0x0000024ce9827fb8]
Event: 7.041 Thread 0x0000024ce699aed0 1485       3       java.util.Collections::emptyIterator (4 bytes)
Event: 7.041 Thread 0x0000024ce699aed0 nmethod 1485 0x0000024ce9828290 code [0x0000024ce9828420, 0x0000024ce9828518]
Event: 7.041 Thread 0x0000024cfa7348a0 nmethod 1476% 0x0000024cf10e4590 code [0x0000024cf10e4780, 0x0000024cf10e5938]
Event: 7.041 Thread 0x0000024cfa7348a0 1477       4       java.io.WinNTFileSystem::normalize (143 bytes)
Event: 7.047 Thread 0x0000024ce699aed0 1487       3       java.lang.ThreadLocal::getMap (5 bytes)
Event: 7.047 Thread 0x0000024ce699aed0 nmethod 1487 0x0000024ce9828590 code [0x0000024ce9828720, 0x0000024ce9828838]
Event: 7.183 Thread 0x0000024ce699aed0 1488       3       java.net.URL::<init> (438 bytes)

GC Heap History (2 events):
Event: 4.229 GC heap before
{Heap before GC invocations=1 (full 0):
 PSYoungGen      total 29696K, used 25600K [0x00000000eab00000, 0x00000000ecc00000, 0x0000000100000000)
  eden space 25600K, 100% used [0x00000000eab00000,0x00000000ec400000,0x00000000ec400000)
  from space 4096K, 0% used [0x00000000ec800000,0x00000000ec800000,0x00000000ecc00000)
  to   space 4096K, 0% used [0x00000000ec400000,0x00000000ec400000,0x00000000ec800000)
 ParOldGen       total 68608K, used 0K [0x00000000c0000000, 0x00000000c4300000, 0x00000000eab00000)
  object space 68608K, 0% used [0x00000000c0000000,0x00000000c0000000,0x00000000c4300000)
 Metaspace       used 11020K, committed 11200K, reserved 1114112K
  class space    used 1098K, committed 1216K, reserved 1048576K
}
Event: 4.242 GC heap after
{Heap after GC invocations=1 (full 0):
 PSYoungGen      total 29696K, used 3197K [0x00000000eab00000, 0x00000000ecc00000, 0x0000000100000000)
  eden space 25600K, 0% used [0x00000000eab00000,0x00000000eab00000,0x00000000ec400000)
  from space 4096K, 78% used [0x00000000ec400000,0x00000000ec71f5a8,0x00000000ec800000)
  to   space 4096K, 0% used [0x00000000ec800000,0x00000000ec800000,0x00000000ecc00000)
 ParOldGen       total 68608K, used 8K [0x00000000c0000000, 0x00000000c4300000, 0x00000000eab00000)
  object space 68608K, 0% used [0x00000000c0000000,0x00000000c0002000,0x00000000c4300000)
 Metaspace       used 11020K, committed 11200K, reserved 1114112K
  class space    used 1098K, committed 1216K, reserved 1048576K
}

Dll operation events (8 events):
Event: 0.018 Loaded shared library c:\Users\Dell\.vscode\extensions\redhat.java-1.28.1-win32-x64\jre\17.0.10-win32-x86_64\bin\java.dll
Event: 0.700 Loaded shared library c:\Users\Dell\.vscode\extensions\redhat.java-1.28.1-win32-x64\jre\17.0.10-win32-x86_64\bin\zip.dll
Event: 0.708 Loaded shared library C:\Users\Dell\.vscode\extensions\redhat.java-1.28.1-win32-x64\jre\17.0.10-win32-x86_64\bin\instrument.dll
Event: 0.745 Loaded shared library C:\Users\Dell\.vscode\extensions\redhat.java-1.28.1-win32-x64\jre\17.0.10-win32-x86_64\bin\net.dll
Event: 0.750 Loaded shared library C:\Users\Dell\.vscode\extensions\redhat.java-1.28.1-win32-x64\jre\17.0.10-win32-x86_64\bin\nio.dll
Event: 0.795 Loaded shared library C:\Users\Dell\.vscode\extensions\redhat.java-1.28.1-win32-x64\jre\17.0.10-win32-x86_64\bin\zip.dll
Event: 0.854 Loaded shared library C:\Users\Dell\.vscode\extensions\redhat.java-1.28.1-win32-x64\jre\17.0.10-win32-x86_64\bin\jimage.dll
Event: 1.159 Loaded shared library c:\Users\Dell\.vscode\extensions\redhat.java-1.28.1-win32-x64\jre\17.0.10-win32-x86_64\bin\verify.dll

Deoptimization events (20 events):
Event: 5.046 Thread 0x0000024ce68df540 DEOPT PACKING pc=0x0000024ce95f2f45 sp=0x000000744ecf3f40
Event: 5.046 Thread 0x0000024ce68df540 DEOPT UNPACKING pc=0x0000024cf0b06e43 sp=0x000000744ecf33f0 mode 0
Event: 5.243 Thread 0x0000024ce68df540 Uncommon trap: trap_request=0xffffffc6 fr.pc=0x0000024cf1078d9c relative=0x000000000000027c
Event: 5.243 Thread 0x0000024ce68df540 Uncommon trap: reason=bimorphic_or_optimized_type_check action=maybe_recompile pc=0x0000024cf1078d9c method=java.util.Collections$UnmodifiableCollection$1.next()Ljava/lang/Object; @ 4 c2
Event: 5.243 Thread 0x0000024ce68df540 DEOPT PACKING pc=0x0000024cf1078d9c sp=0x000000744ecf8160
Event: 5.243 Thread 0x0000024ce68df540 DEOPT UNPACKING pc=0x0000024cf0b066a3 sp=0x000000744ecf8110 mode 2
Event: 5.243 Thread 0x0000024ce68df540 Uncommon trap: trap_request=0xffffffc6 fr.pc=0x0000024cf1078d9c relative=0x000000000000027c
Event: 5.243 Thread 0x0000024ce68df540 Uncommon trap: reason=bimorphic_or_optimized_type_check action=maybe_recompile pc=0x0000024cf1078d9c method=java.util.Collections$UnmodifiableCollection$1.next()Ljava/lang/Object; @ 4 c2
Event: 5.243 Thread 0x0000024ce68df540 DEOPT PACKING pc=0x0000024cf1078d9c sp=0x000000744ecf8160
Event: 5.243 Thread 0x0000024ce68df540 DEOPT UNPACKING pc=0x0000024cf0b066a3 sp=0x000000744ecf8110 mode 2
Event: 6.599 Thread 0x0000024ce68df540 Uncommon trap: trap_request=0xffffffde fr.pc=0x0000024cf10b1f48 relative=0x0000000000000988
Event: 6.604 Thread 0x0000024ce68df540 Uncommon trap: reason=class_check action=maybe_recompile pc=0x0000024cf10b1f48 method=java.util.HashMap.putVal(ILjava/lang/Object;Ljava/lang/Object;ZZ)Ljava/lang/Object; @ 253 c2
Event: 6.604 Thread 0x0000024ce68df540 DEOPT PACKING pc=0x0000024cf10b1f48 sp=0x000000744ecfdfc0
Event: 6.604 Thread 0x0000024ce68df540 DEOPT UNPACKING pc=0x0000024cf0b066a3 sp=0x000000744ecfdee8 mode 2
Event: 6.608 Thread 0x0000024ce68df540 Uncommon trap: trap_request=0xffffffde fr.pc=0x0000024cf10b1f48 relative=0x0000000000000988
Event: 6.608 Thread 0x0000024ce68df540 Uncommon trap: reason=class_check action=maybe_recompile pc=0x0000024cf10b1f48 method=java.util.HashMap.putVal(ILjava/lang/Object;Ljava/lang/Object;ZZ)Ljava/lang/Object; @ 253 c2
Event: 6.608 Thread 0x0000024ce68df540 DEOPT PACKING pc=0x0000024cf10b1f48 sp=0x000000744ecfdfc0
Event: 6.608 Thread 0x0000024ce68df540 DEOPT UNPACKING pc=0x0000024cf0b066a3 sp=0x000000744ecfdee8 mode 2
Event: 7.043 Thread 0x0000024ce68df540 DEOPT PACKING pc=0x0000024ce96756c3 sp=0x000000744ecfe5b0
Event: 7.043 Thread 0x0000024ce68df540 DEOPT UNPACKING pc=0x0000024cf0b06e43 sp=0x000000744ecfdad0 mode 0

Classes unloaded (0 events):
No events

Classes redefined (0 events):
No events

Internal exceptions (20 events):
Event: 2.791 Thread 0x0000024ce68df540 Exception <a 'java/io/FileNotFoundException'{0x00000000eb85d058}> (0x00000000eb85d058) 
thrown [s\src\hotspot\share\prims\jni.cpp, line 516]
Event: 2.797 Thread 0x0000024ce68df540 Exception <a 'java/io/FileNotFoundException'{0x00000000eb85dd68}> (0x00000000eb85dd68) 
thrown [s\src\hotspot\share\prims\jni.cpp, line 516]
Event: 2.798 Thread 0x0000024ce68df540 Exception <a 'java/io/FileNotFoundException'{0x00000000eb85ea58}> (0x00000000eb85ea58) 
thrown [s\src\hotspot\share\prims\jni.cpp, line 516]
Event: 2.798 Thread 0x0000024ce68df540 Exception <a 'java/io/FileNotFoundException'{0x00000000eb85f718}> (0x00000000eb85f718) 
thrown [s\src\hotspot\share\prims\jni.cpp, line 516]
Event: 2.804 Thread 0x0000024ce68df540 Implicit null exception at 0x0000024cf1073af2 to 0x0000024cf1073fe4
Event: 2.814 Thread 0x0000024ce68df540 Exception <a 'java/io/FileNotFoundException'{0x00000000eb898778}> (0x00000000eb898778) 
thrown [s\src\hotspot\share\prims\jni.cpp, line 516]
Event: 3.704 Thread 0x0000024ce68df540 Exception <a 'java/lang/ClassNotFoundException'{0x00000000ec09d078}: sun/net/www/protocol/c/Handler> (0x00000000ec09d078) 
thrown [s\src\hotspot\share\classfile\systemDictionary.cpp, line 256]
Event: 3.705 Thread 0x0000024ce68df540 Exception <a 'java/lang/ClassNotFoundException'{0x00000000ec09e3a8}: sun/net/www/protocol/c/Handler> (0x00000000ec09e3a8) 
thrown [s\src\hotspot\share\classfile\systemDictionary.cpp, line 256]
Event: 3.705 Thread 0x0000024ce68df540 Exception <a 'java/lang/ClassNotFoundException'{0x00000000ec09f518}: sun/net/www/protocol/c/Handler> (0x00000000ec09f518) 
thrown [s\src\hotspot\share\classfile\systemDictionary.cpp, line 256]
Event: 3.737 Thread 0x0000024ce68df540 Exception <a 'java/io/FileNotFoundException'{0x00000000ec0c7298}> (0x00000000ec0c7298) 
thrown [s\src\hotspot\share\prims\jni.cpp, line 516]
Event: 3.941 Thread 0x0000024ce68df540 Implicit null exception at 0x0000024cf109a7ec to 0x0000024cf109a9cc
Event: 3.941 Thread 0x0000024ce68df540 Implicit null exception at 0x0000024cf109168e to 0x0000024cf10918c4
Event: 4.178 Thread 0x0000024ce68df540 Exception <a 'java/lang/NoSuchMethodError'{0x00000000ec3a08e8}: 'int java.lang.invoke.DirectMethodHandle$Holder.invokeStaticInit(java.lang.Object, java.lang.Object, java.lang.Object, java.lang.Object)'> (0x00000000ec3a08e8) 
thrown [s\src\hotspot\share\interpreter\linkResolver.cpp, line 759]
Event: 4.198 Thread 0x0000024ce68df540 Exception <a 'java/lang/NoSuchMethodError'{0x00000000ec3aaf58}: 'java.lang.Object java.lang.invoke.DirectMethodHandle$Holder.invokeInterface(java.lang.Object, java.lang.Object)'> (0x00000000ec3aaf58) 
thrown [s\src\hotspot\share\interpreter\linkResolver.cpp, line 759]
Event: 4.199 Thread 0x0000024ce68df540 Exception <a 'java/lang/IncompatibleClassChangeError'{0x00000000ec3ae750}: Found class java.lang.Object, but interface was expected> (0x00000000ec3ae750) 
thrown [s\src\hotspot\share\interpreter\linkResolver.cpp, line 826]
Event: 4.205 Thread 0x0000024ce68df540 Exception <a 'java/lang/NoSuchMethodError'{0x00000000ec3b2c40}: 'void java.lang.invoke.DirectMethodHandle$Holder.invokeStatic(java.lang.Object, java.lang.Object)'> (0x00000000ec3b2c40) 
thrown [s\src\hotspot\share\interpreter\linkResolver.cpp, line 759]
Event: 4.207 Thread 0x0000024ce68df540 Exception <a 'java/lang/NoSuchMethodError'{0x00000000ec3b6440}: 'void java.lang.invoke.DirectMethodHandle$Holder.invokeStaticInit(java.lang.Object, java.lang.Object)'> (0x00000000ec3b6440) 
thrown [s\src\hotspot\share\interpreter\linkResolver.cpp, line 759]
Event: 4.210 Thread 0x0000024ce68df540 Exception <a 'java/lang/NoSuchMethodError'{0x00000000ec3bd870}: 'int java.lang.invoke.DirectMethodHandle$Holder.invokeStaticInit(java.lang.Object, java.lang.Object)'> (0x00000000ec3bd870) 
thrown [s\src\hotspot\share\interpreter\linkResolver.cpp, line 759]
Event: 4.545 Thread 0x0000024ce68df540 Exception <a 'java/lang/NoSuchMethodError'{0x00000000eac4bc00}: 'void java.lang.invoke.DirectMethodHandle$Holder.invokeSpecial(java.lang.Object, java.lang.Object, java.lang.Object)'> (0x00000000eac4bc00) 
thrown [s\src\hotspot\share\interpreter\linkResolver.cpp, line 759]
Event: 6.500 Thread 0x0000024ce68df540 Exception <a 'java/lang/NoSuchMethodError'{0x00000000eb9e37c8}: 'java.lang.Object java.lang.invoke.DirectMethodHandle$Holder.newInvokeSpecial(java.lang.Object, int, java.lang.Object)'> (0x00000000eb9e37c8) 
thrown [s\src\hotspot\share\interpreter\linkResolver.cpp, line 759]

VM Operations (20 events):
Event: 2.688 Executing VM operation: HandshakeAllThreads
Event: 2.688 Executing VM operation: HandshakeAllThreads done
Event: 3.577 Executing VM operation: HandshakeAllThreads
Event: 3.577 Executing VM operation: HandshakeAllThreads done
Event: 3.577 Executing VM operation: Cleanup
Event: 3.577 Executing VM operation: Cleanup done
Event: 4.229 Executing VM operation: ParallelGCFailedAllocation
Event: 4.242 Executing VM operation: ParallelGCFailedAllocation done
Event: 5.245 Executing VM operation: Cleanup
Event: 5.246 Executing VM operation: Cleanup done
Event: 6.250 Executing VM operation: Cleanup
Event: 6.252 Executing VM operation: Cleanup done
Event: 6.276 Executing VM operation: HandshakeAllThreads
Event: 6.276 Executing VM operation: HandshakeAllThreads done
Event: 6.278 Executing VM operation: HandshakeAllThreads
Event: 6.278 Executing VM operation: HandshakeAllThreads done
Event: 6.291 Executing VM operation: HandshakeAllThreads
Event: 6.291 Executing VM operation: HandshakeAllThreads done
Event: 6.397 Executing VM operation: HandshakeAllThreads
Event: 6.397 Executing VM operation: HandshakeAllThreads done

Events (20 events):
Event: 6.615 loading class java/net/ContentHandlerFactory
Event: 6.615 loading class java/net/ContentHandlerFactory done
Event: 6.622 loading class java/net/ContentHandler
Event: 6.622 loading class java/net/ContentHandler done
Event: 6.691 loading class javax/xml/parsers/ParserConfigurationException
Event: 6.691 loading class javax/xml/parsers/ParserConfigurationException done
Event: 6.740 loading class java/security/KeyStoreException
Event: 6.741 loading class java/security/KeyStoreException done
Event: 6.839 loading class java/util/LinkedList$Node
Event: 6.841 loading class java/util/LinkedList$Node done
Event: 6.841 loading class java/util/LinkedList$ListItr
Event: 6.841 loading class java/util/LinkedList$ListItr done
Event: 6.923 loading class sun/nio/fs/WindowsChannelFactory
Event: 6.923 loading class sun/nio/fs/WindowsChannelFactory done
Event: 6.923 loading class sun/nio/fs/WindowsChannelFactory$1
Event: 6.923 loading class sun/nio/fs/WindowsChannelFactory$1 done
Event: 6.923 loading class sun/nio/fs/WindowsChannelFactory$Flags
Event: 6.924 loading class sun/nio/fs/WindowsChannelFactory$Flags done
Event: 6.924 loading class sun/nio/ch/FileChannelImpl$Closer
Event: 6.924 loading class sun/nio/ch/FileChannelImpl$Closer done


Dynamic libraries:
0x00007ff794890000 - 0x00007ff79489e000 	c:\Users\Dell\.vscode\extensions\redhat.java-1.28.1-win32-x64\jre\17.0.10-win32-x86_64\bin\java.exe
0x00007ff9e9f10000 - 0x00007ff9ea108000 	C:\Windows\SYSTEM32\ntdll.dll
0x00007ff9e7f40000 - 0x00007ff9e7ffd000 	C:\Windows\System32\KERNEL32.DLL
0x00007ff9e7710000 - 0x00007ff9e7a06000 	C:\Windows\System32\KERNELBASE.dll
0x00007ff9e7c40000 - 0x00007ff9e7d40000 	C:\Windows\System32\ucrtbase.dll
0x00007ff9d8cf0000 - 0x00007ff9d8d07000 	c:\Users\Dell\.vscode\extensions\redhat.java-1.28.1-win32-x64\jre\17.0.10-win32-x86_64\bin\jli.dll
0x00007ff9e8500000 - 0x00007ff9e869e000 	C:\Windows\System32\USER32.dll
0x00007ff9e7a10000 - 0x00007ff9e7a32000 	C:\Windows\System32\win32u.dll
0x00007ff9e94a0000 - 0x00007ff9e94cb000 	C:\Windows\System32\GDI32.dll
0x00007ff9e7ad0000 - 0x00007ff9e7be7000 	C:\Windows\System32\gdi32full.dll
0x00007ff9e7d40000 - 0x00007ff9e7ddd000 	C:\Windows\System32\msvcp_win.dll
0x00007ff9d8cd0000 - 0x00007ff9d8ceb000 	c:\Users\Dell\.vscode\extensions\redhat.java-1.28.1-win32-x64\jre\17.0.10-win32-x86_64\bin\VCRUNTIME140.dll
0x00007ff9db480000 - 0x00007ff9db71a000 	C:\Windows\WinSxS\amd64_microsoft.windows.common-controls_6595b64144ccf1df_6.0.19041.3636_none_60b6a03d71f818d5\COMCTL32.dll
0x00007ff9e94d0000 - 0x00007ff9e956e000 	C:\Windows\System32\msvcrt.dll
0x00007ff9e8930000 - 0x00007ff9e8962000 	C:\Windows\System32\IMM32.DLL
0x00007ff9e3200000 - 0x00007ff9e320c000 	c:\Users\Dell\.vscode\extensions\redhat.java-1.28.1-win32-x64\jre\17.0.10-win32-x86_64\bin\vcruntime140_1.dll
0x00007ff9cc630000 - 0x00007ff9cc6bd000 	c:\Users\Dell\.vscode\extensions\redhat.java-1.28.1-win32-x64\jre\17.0.10-win32-x86_64\bin\msvcp140.dll
0x00007ff98b6e0000 - 0x00007ff98c342000 	c:\Users\Dell\.vscode\extensions\redhat.java-1.28.1-win32-x64\jre\17.0.10-win32-x86_64\bin\server\jvm.dll
0x00007ff9e8390000 - 0x00007ff9e8440000 	C:\Windows\System32\ADVAPI32.dll
0x00007ff9e9590000 - 0x00007ff9e9630000 	C:\Windows\System32\sechost.dll
0x00007ff9e81a0000 - 0x00007ff9e82c5000 	C:\Windows\System32\RPCRT4.dll
0x00007ff9e75c0000 - 0x00007ff9e75e7000 	C:\Windows\System32\bcrypt.dll
0x00007ff9e74a0000 - 0x00007ff9e74eb000 	C:\Windows\SYSTEM32\POWRPROF.dll
0x00007ff9dec90000 - 0x00007ff9dec99000 	C:\Windows\SYSTEM32\WSOCK32.dll
0x00007ff9e86a0000 - 0x00007ff9e870b000 	C:\Windows\System32\WS2_32.dll
0x00007ff9de1e0000 - 0x00007ff9de207000 	C:\Windows\SYSTEM32\WINMM.dll
0x00007ff9e2d50000 - 0x00007ff9e2d5a000 	C:\Windows\SYSTEM32\VERSION.dll
0x00007ff9e7480000 - 0x00007ff9e7492000 	C:\Windows\SYSTEM32\UMPDC.dll
0x00007ff9e5350000 - 0x00007ff9e5362000 	C:\Windows\SYSTEM32\kernel.appcore.dll
0x00007ff9d8c90000 - 0x00007ff9d8c9a000 	c:\Users\Dell\.vscode\extensions\redhat.java-1.28.1-win32-x64\jre\17.0.10-win32-x86_64\bin\jimage.dll
0x00007ff9d5880000 - 0x00007ff9d5a64000 	C:\Windows\SYSTEM32\DBGHELP.DLL
0x00007ff9e1c90000 - 0x00007ff9e1cc4000 	C:\Windows\SYSTEM32\dbgcore.DLL
0x00007ff9e7a40000 - 0x00007ff9e7ac2000 	C:\Windows\System32\bcryptPrimitives.dll
0x00007ff9d8c50000 - 0x00007ff9d8c5e000 	c:\Users\Dell\.vscode\extensions\redhat.java-1.28.1-win32-x64\jre\17.0.10-win32-x86_64\bin\instrument.dll
0x00007ff9cbfe0000 - 0x00007ff9cc005000 	c:\Users\Dell\.vscode\extensions\redhat.java-1.28.1-win32-x64\jre\17.0.10-win32-x86_64\bin\java.dll
0x00007ff9cbfc0000 - 0x00007ff9cbfd8000 	c:\Users\Dell\.vscode\extensions\redhat.java-1.28.1-win32-x64\jre\17.0.10-win32-x86_64\bin\zip.dll
0x00007ff9e9630000 - 0x00007ff9e9d9b000 	C:\Windows\System32\SHELL32.dll
0x00007ff9e5630000 - 0x00007ff9e5dce000 	C:\Windows\SYSTEM32\windows.storage.dll
0x00007ff9e9140000 - 0x00007ff9e9493000 	C:\Windows\System32\combase.dll
0x00007ff9e6e50000 - 0x00007ff9e6e7e000 	C:\Windows\SYSTEM32\Wldp.dll
0x00007ff9e8710000 - 0x00007ff9e87dd000 	C:\Windows\System32\OLEAUT32.dll
0x00007ff9e80f0000 - 0x00007ff9e819d000 	C:\Windows\System32\SHCORE.dll
0x00007ff9e8000000 - 0x00007ff9e8055000 	C:\Windows\System32\shlwapi.dll
0x00007ff9e74f0000 - 0x00007ff9e7515000 	C:\Windows\SYSTEM32\profapi.dll
0x00007ff9cbe90000 - 0x00007ff9cbea9000 	C:\Users\Dell\.vscode\extensions\redhat.java-1.28.1-win32-x64\jre\17.0.10-win32-x86_64\bin\net.dll
0x00007ff9e0370000 - 0x00007ff9e047a000 	C:\Windows\SYSTEM32\WINHTTP.dll
0x00007ff9e6c20000 - 0x00007ff9e6c8a000 	C:\Windows\system32\mswsock.dll
0x00007ff9cbe70000 - 0x00007ff9cbe86000 	C:\Users\Dell\.vscode\extensions\redhat.java-1.28.1-win32-x64\jre\17.0.10-win32-x86_64\bin\nio.dll
0x00007ff9d5c40000 - 0x00007ff9d5c50000 	c:\Users\Dell\.vscode\extensions\redhat.java-1.28.1-win32-x64\jre\17.0.10-win32-x86_64\bin\verify.dll

dbghelp: loaded successfully - version: 4.0.5 - missing functions: none
symbol engine: initialized successfully - sym options: 0x614 - pdb path: .;c:\Users\Dell\.vscode\extensions\redhat.java-1.28.1-win32-x64\jre\17.0.10-win32-x86_64\bin;C:\Windows\SYSTEM32;C:\Windows\WinSxS\amd64_microsoft.windows.common-controls_6595b64144ccf1df_6.0.19041.3636_none_60b6a03d71f818d5;c:\Users\Dell\.vscode\extensions\redhat.java-1.28.1-win32-x64\jre\17.0.10-win32-x86_64\bin\server

VM Arguments:
jvm_args: --add-modules=ALL-SYSTEM --add-opens=java.base/java.util=ALL-UNNAMED --add-opens=java.base/java.lang=ALL-UNNAMED --add-opens=java.base/sun.nio.fs=ALL-UNNAMED -Declipse.application=org.eclipse.jdt.ls.core.id1 -Dosgi.bundles.defaultStartLevel=4 -Declipse.product=org.eclipse.jdt.ls.core.product -Djava.import.generatesMetadataFilesAtProjectRoot=false -DDetectVMInstallationsJob.disabled=true -Dfile.encoding=utf8 -XX:+UseParallelGC -XX:GCTimeRatio=4 -XX:AdaptiveSizePolicyWeight=90 -Dsun.zip.disableMemoryMapping=true -Xmx1G -Xms100m -Xlog:disable -javaagent:c:\Users\Dell\.vscode\extensions\redhat.java-1.28.1-win32-x64\lombok\lombok-1.18.31.jar -XX:+HeapDumpOnOutOfMemoryError -XX:HeapDumpPath=c:\Users\Dell\AppData\Roaming\Code\User\workspaceStorage\d77688133bc9dfcb1443ad5b983b3a8c\redhat.java -Daether.dependencyCollector.impl=bf 
java_command: c:\Users\Dell\.vscode\extensions\redhat.java-1.28.1-win32-x64\server\plugins\org.eclipse.equinox.launcher_1.6.700.v20231214-2017.jar -configuration c:\Users\Dell\AppData\Roaming\Code\User\globalStorage\redhat.java\1.28.1\config_win -data c:\Users\Dell\AppData\Roaming\Code\User\workspaceStorage\d77688133bc9dfcb1443ad5b983b3a8c\redhat.java\jdt_ws --stdio
java_class_path (initial): c:\Users\Dell\.vscode\extensions\redhat.java-1.28.1-win32-x64\server\plugins\org.eclipse.equinox.launcher_1.6.700.v20231214-2017.jar
Launcher Type: SUN_STANDARD

[Global flags]
    uintx AdaptiveSizePolicyWeight                 = 90                                        {product} {command line}
     intx CICompilerCount                          = 3                                         {product} {ergonomic}
    uintx GCTimeRatio                              = 4                                         {product} {command line}
     bool HeapDumpOnOutOfMemoryError               = true                                   {manageable} {command line}
    ccstr HeapDumpPath                             = c:\Users\Dell\AppData\Roaming\Code\User\workspaceStorage\d77688133bc9dfcb1443ad5b983b3a8c\redhat.java         {manageable} {command line}
   size_t InitialHeapSize                          = 104857600                                 {product} {command line}
   size_t MaxHeapSize                              = 1073741824                                {product} {command line}
   size_t MaxNewSize                               = 357564416                                 {product} {ergonomic}
   size_t MinHeapDeltaBytes                        = 524288                                    {product} {ergonomic}
   size_t MinHeapSize                              = 104857600                                 {product} {command line}
   size_t NewSize                                  = 34603008                                  {product} {ergonomic}
    uintx NonNMethodCodeHeapSize                   = 5832780                                {pd product} {ergonomic}
    uintx NonProfiledCodeHeapSize                  = 122912730                              {pd product} {ergonomic}
   size_t OldSize                                  = 70254592                                  {product} {ergonomic}
    uintx ProfiledCodeHeapSize                     = 122912730                              {pd product} {ergonomic}
    uintx ReservedCodeCacheSize                    = 251658240                              {pd product} {ergonomic}
     bool SegmentedCodeCache                       = true                                      {product} {ergonomic}
   size_t SoftMaxHeapSize                          = 1073741824                             {manageable} {ergonomic}
     bool UseCompressedClassPointers               = true                           {product lp64_product} {ergonomic}
     bool UseCompressedOops                        = true                           {product lp64_product} {ergonomic}
     bool UseLargePagesIndividualAllocation        = false                                  {pd product} {ergonomic}
     bool UseParallelGC                            = true                                      {product} {command line}

Logging:
Log output configuration:
 #0: stdout all=off uptime,level,tags
 #1: stderr all=off uptime,level,tags

Environment Variables:
CLASSPATH=.;C:\Program Files (x86)\MySQL\Connector J 8.0\mysql-connector-j-8.0.33.jar
PATH=C:\Program Files (x86)\Common Files\Intel\Shared Libraries\redist\intel64\compiler;C:\Program Files\Common Files\Oracle\Java\javapath;C:\Windows\system32;C:\Windows;C:\Windows\System32\Wbem;C:\Windows\System32\WindowsPowerShell\v1.0\;C:\Windows\System32\OpenSSH\;C:\Program Files\dotnet\;C:\mingw64\bin;C:\Program Files (x86)\Tesseract-OCR;C:\Program Files\Git\cmd;C:\Program Files (x86)\nodejs\;C:\Program Files\gnuplot\bin;C:\Users\Dell\AppData\Local\Programs\Python\Python312\Scripts\;C:\Users\Dell\AppData\Local\Programs\Python\Python312\;C:\Users\Dell\AppData\Local\Programs\Python\Launcher\;C:\Users\Dell\AppData\Local\Programs\Python\Python311\Scripts\;C:\Users\Dell\AppData\Local\Programs\Python\Python311\;C:\Program Files\MySQL\MySQL Shell 8.0\bin\;C:\Users\Dell\AppData\Local\Microsoft\WindowsApps;C:\Users\Dell\AppData\Local\Programs\Microsoft VS Code\bin;C:\Users\Dell\AppData\Local\Programs\MiKTeX\miktex\bin\x64\;C:\Users\Dell\AppData\Roaming\npm
USERNAME=DELL
OS=Windows_NT
PROCESSOR_IDENTIFIER=Intel64 Family 6 Model 58 Stepping 9, GenuineIntel
TMP=C:\Users\Dell\AppData\Local\Temp
TEMP=C:\Users\Dell\AppData\Local\Temp



Periodic native trim disabled


---------------  S Y S T E M  ---------------

OS:
 Windows 10 , 64 bit Build 19041 (10.0.19041.3636)
OS uptime: 1 days 13:48 hours
Hyper-V role detected

CPU: total 4 (initial active 4) (2 cores per cpu, 2 threads per core) family 6 model 58 stepping 9 microcode 0x21, cx8, cmov, fxsr, ht, mmx, sse, sse2, sse3, ssse3, sse4.1, sse4.2, popcnt, tsc, tscinvbit, avx, aes, erms, clmul, vzeroupper, clflush, hv
Processor Information for all 4 processors :
  Max Mhz: 1801, Current Mhz: 1801, Mhz Limit: 1801

Memory: 4k page, system-wide physical 6013M (542M free)
TotalPageFile size 8061M (AvailPageFile size 7M)
current process WorkingSet (physical memory assigned to process): 80M, peak: 80M
current process commit charge ("private bytes"): 189M, peak: 189M

vm_info: OpenJDK 64-Bit Server VM (17.0.10+7) for windows-amd64 JRE (17.0.10+7), built on Jan 16 2024 23:25:11 by "admin" with MS VC++ 16.10 / 16.11 (VS2019)

END.
