#
# There is insufficient memory for the Java Runtime Environment to continue.
# Native memory allocation (malloc) failed to allocate 508304 bytes for Chunk::new
# Possible reasons:
#   The system is out of physical RAM or swap space
#   The process is running with CompressedOops enabled, and the Java Heap may be blocking the growth of the native heap
# Possible solutions:
#   Reduce memory load on the system
#   Increase physical memory or swap space
#   Check if swap backing store is full
#   Decrease Java heap size (-Xmx/-Xms)
#   Decrease number of Java threads
#   Decrease Java thread stack sizes (-Xss)
#   Set larger code cache with -XX:ReservedCodeCacheSize=
#   JVM is running with Unscaled Compressed Oops mode in which the Java heap is
#     placed in the first 4GB address space. The Java Heap base address is the
#     maximum limit for the native heap growth. Please use -XX:HeapBaseMinAddress
#     to set the Java Heap base and to place the Java Heap above 4GB virtual address.
# This output file may be truncated or incomplete.
#
#  Out of Memory Error (arena.cpp:191), pid=5456, tid=11464
#
# JRE version: OpenJDK Runtime Environment Temurin-17.0.10+7 (17.0.10+7) (build 17.0.10+7)
# Java VM: OpenJDK 64-Bit Server VM Temurin-17.0.10+7 (17.0.10+7, mixed mode, tiered, compressed oops, compressed class ptrs, parallel gc, windows-amd64)
# No core dump will be written. Minidumps are not enabled by default on client versions of Windows
#

---------------  S U M M A R Y ------------

Command Line: --add-modules=ALL-SYSTEM --add-opens=java.base/java.util=ALL-UNNAMED --add-opens=java.base/java.lang=ALL-UNNAMED --add-opens=java.base/sun.nio.fs=ALL-UNNAMED -Declipse.application=org.eclipse.jdt.ls.core.id1 -Dosgi.bundles.defaultStartLevel=4 -Declipse.product=org.eclipse.jdt.ls.core.product -Djava.import.generatesMetadataFilesAtProjectRoot=false -DDetectVMInstallationsJob.disabled=true -Dfile.encoding=utf8 -XX:+UseParallelGC -XX:GCTimeRatio=4 -XX:AdaptiveSizePolicyWeight=90 -Dsun.zip.disableMemoryMapping=true -Xmx1G -Xms100m -Xlog:disable -javaagent:c:\Users\Dell\.vscode\extensions\redhat.java-1.28.1-win32-x64\lombok\lombok-1.18.31.jar -XX:+HeapDumpOnOutOfMemoryError -XX:HeapDumpPath=c:\Users\Dell\AppData\Roaming\Code\User\workspaceStorage\d77688133bc9dfcb1443ad5b983b3a8c\redhat.java -Daether.dependencyCollector.impl=bf c:\Users\Dell\.vscode\extensions\redhat.java-1.28.1-win32-x64\server\plugins\org.eclipse.equinox.launcher_1.6.700.v20231214-2017.jar -configuration c:\Users\Dell\AppData\Roaming\Code\User\globalStorage\redhat.java\1.28.1\config_win -data c:\Users\Dell\AppData\Roaming\Code\User\workspaceStorage\d77688133bc9dfcb1443ad5b983b3a8c\redhat.java\jdt_ws --stdio

Host: Intel(R) Core(TM) i5-3337U CPU @ 1.80GHz, 4 cores, 5G,  Windows 10 , 64 bit Build 19041 (10.0.19041.3636)
Time: Fri Mar 29 00:35:53 2024 India Standard Time elapsed time: 58.227758 seconds (0d 0h 0m 58s)

---------------  T H R E A D  ---------------

Current thread (0x0000016dffee3d30):  JavaThread "C2 CompilerThread0" daemon [_thread_in_native, id=11464, stack(0x0000001036d00000,0x0000001036e00000)]


Current CompileTask:
C2:  58227 4310   !   4       org.eclipse.osgi.internal.loader.classpath.ClasspathManager::findLocalClass (210 bytes)

Stack: [0x0000001036d00000,0x0000001036e00000]
Native frames: (J=compiled Java code, j=interpreted, Vv=VM code, C=native code)
V  [jvm.dll+0x67d2c9]
V  [jvm.dll+0x834afa]
V  [jvm.dll+0x8365be]
V  [jvm.dll+0x836c23]
V  [jvm.dll+0x2477ff]
V  [jvm.dll+0xac514]
V  [jvm.dll+0xacb5c]
V  [jvm.dll+0x3667d7]
V  [jvm.dll+0x1bcd86]
V  [jvm.dll+0x21a049]
V  [jvm.dll+0x219311]
V  [jvm.dll+0x1a502d]
V  [jvm.dll+0x2290de]
V  [jvm.dll+0x2272ac]
V  [jvm.dll+0x7e9bb7]
V  [jvm.dll+0x7e3fba]
V  [jvm.dll+0x67c1b5]
C  [ucrtbase.dll+0x21bb2]
C  [KERNEL32.DLL+0x17344]
C  [ntdll.dll+0x526b1]


---------------  P R O C E S S  ---------------

Threads class SMR info:
_java_thread_list=0x0000016d85dcc700, length=29, elements={
0x0000016dec05fbf0, 0x0000016dffea5740, 0x0000016dffea7ad0, 0x0000016dffede270,
0x0000016dffedf0f0, 0x0000016dffedff70, 0x0000016dffee0b30, 0x0000016dffee3d30,
0x0000016dffefc510, 0x0000016dffefea40, 0x0000016dec0c1850, 0x0000016d853e0340,
0x0000016d8586ad00, 0x0000016d85947e40, 0x0000016d859485f0, 0x0000016d8571a6f0,
0x0000016d85e9ba70, 0x0000016d85a0eeb0, 0x0000016d85e92570, 0x0000016d85e95810,
0x0000016d85e934a0, 0x0000016d85e92f90, 0x0000016d85e92060, 0x0000016d85e92a80,
0x0000016d85e93ec0, 0x0000016d85e939b0, 0x0000016d8532e8a0, 0x0000016d85b50540,
0x0000016d85b4dcc0
}

Java Threads: ( => current thread )
  0x0000016dec05fbf0 JavaThread "main" [_thread_blocked, id=13988, stack(0x0000001036300000,0x0000001036400000)]
  0x0000016dffea5740 JavaThread "Reference Handler" daemon [_thread_blocked, id=15192, stack(0x0000001036700000,0x0000001036800000)]
  0x0000016dffea7ad0 JavaThread "Finalizer" daemon [_thread_blocked, id=15248, stack(0x0000001036800000,0x0000001036900000)]
  0x0000016dffede270 JavaThread "Signal Dispatcher" daemon [_thread_blocked, id=968, stack(0x0000001036900000,0x0000001036a00000)]
  0x0000016dffedf0f0 JavaThread "Attach Listener" daemon [_thread_blocked, id=15396, stack(0x0000001036a00000,0x0000001036b00000)]
  0x0000016dffedff70 JavaThread "Service Thread" daemon [_thread_blocked, id=16132, stack(0x0000001036b00000,0x0000001036c00000)]
  0x0000016dffee0b30 JavaThread "Monitor Deflation Thread" daemon [_thread_blocked, id=16340, stack(0x0000001036c00000,0x0000001036d00000)]
=>0x0000016dffee3d30 JavaThread "C2 CompilerThread0" daemon [_thread_in_native, id=11464, stack(0x0000001036d00000,0x0000001036e00000)]
  0x0000016dffefc510 JavaThread "C1 CompilerThread0" daemon [_thread_blocked, id=14936, stack(0x0000001036e00000,0x0000001036f00000)]
  0x0000016dffefea40 JavaThread "Sweeper thread" daemon [_thread_blocked, id=13208, stack(0x0000001036f00000,0x0000001037000000)]
  0x0000016dec0c1850 JavaThread "Common-Cleaner" daemon [_thread_blocked, id=248, stack(0x0000001037000000,0x0000001037100000)]
  0x0000016d853e0340 JavaThread "Notification Thread" daemon [_thread_blocked, id=13712, stack(0x0000001037100000,0x0000001037200000)]
  0x0000016d8586ad00 JavaThread "Active Thread: Equinox Container: 7ee56ac1-f9dc-4818-99bb-e451706901bf" [_thread_blocked, id=8160, stack(0x0000001037600000,0x0000001037700000)]
  0x0000016d85947e40 JavaThread "Framework Event Dispatcher: Equinox Container: 7ee56ac1-f9dc-4818-99bb-e451706901bf" daemon [_thread_blocked, id=15404, stack(0x0000001037700000,0x0000001037800000)]
  0x0000016d859485f0 JavaThread "Start Level: Equinox Container: 7ee56ac1-f9dc-4818-99bb-e451706901bf" daemon [_thread_blocked, id=9864, stack(0x0000001037800000,0x0000001037900000)]
  0x0000016d8571a6f0 JavaThread "Bundle File Closer" daemon [_thread_blocked, id=10928, stack(0x0000001037900000,0x0000001037a00000)]
  0x0000016d85e9ba70 JavaThread "SCR Component Actor" daemon [_thread_blocked, id=2876, stack(0x0000001037a00000,0x0000001037b00000)]
  0x0000016d85a0eeb0 JavaThread "SCR Component Registry" daemon [_thread_blocked, id=412, stack(0x0000001037b00000,0x0000001037c00000)]
  0x0000016d85e92570 JavaThread "Worker-JM" [_thread_blocked, id=12876, stack(0x0000001037c00000,0x0000001037d00000)]
  0x0000016d85e95810 JavaThread "Worker-0: Repository registry initialization" [_thread_in_vm, id=14052, stack(0x0000001037d00000,0x0000001037e00000)]
  0x0000016d85e934a0 JavaThread "Worker-1: Updating Maven Dependencies" [_thread_blocked, id=10724, stack(0x0000001037e00000,0x0000001037f00000)]
  0x0000016d85e92f90 JavaThread "Worker-2" [_thread_blocked, id=9796, stack(0x0000001037f00000,0x0000001038000000)]
  0x0000016d85e92060 JavaThread "Java indexing" daemon [_thread_blocked, id=14372, stack(0x0000001038000000,0x0000001038100000)]
  0x0000016d85e92a80 JavaThread "Worker-3" [_thread_blocked, id=12388, stack(0x0000001038100000,0x0000001038200000)]
  0x0000016d85e93ec0 JavaThread "JNA Cleaner" daemon [_thread_blocked, id=12412, stack(0x0000001038300000,0x0000001038400000)]
  0x0000016d85e939b0 JavaThread "pool-2-thread-1" [_thread_blocked, id=3568, stack(0x0000001038400000,0x0000001038500000)]
  0x0000016d8532e8a0 JavaThread "C2 CompilerThread1" daemon [_thread_in_native, id=3792, stack(0x0000001038200000,0x0000001038300000)]
  0x0000016d85b50540 JavaThread "WorkspaceEventsHandler" [_thread_blocked, id=16052, stack(0x0000001038500000,0x0000001038600000)]
  0x0000016d85b4dcc0 JavaThread "pool-1-thread-1" [_thread_in_vm, id=6648, stack(0x0000001038600000,0x0000001038700000)]

Other Threads:
  0x0000016dec11e250 VMThread "VM Thread" [stack: 0x0000001036600000,0x0000001036700000] [id=4864]
  0x0000016d8541c080 WatcherThread [stack: 0x0000001037200000,0x0000001037300000] [id=14924]
  0x0000016dec076760 GCTaskThread "GC Thread#0" [stack: 0x0000001036500000,0x0000001036600000] [id=15428]
  0x0000016d859775a0 GCTaskThread "GC Thread#1" [stack: 0x0000001037300000,0x0000001037400000] [id=15436]
  0x0000016d85ac0810 GCTaskThread "GC Thread#2" [stack: 0x0000001037400000,0x0000001037500000] [id=14080]
  0x0000016d85ac0ad0 GCTaskThread "GC Thread#3" [stack: 0x0000001037500000,0x0000001037600000] [id=8820]

Threads with active compile tasks:
C2 CompilerThread0    58364 4310   !   4       org.eclipse.osgi.internal.loader.classpath.ClasspathManager::findLocalClass (210 bytes)
C2 CompilerThread1    58364 4336   !   4       org.eclipse.osgi.internal.loader.BundleLoader::findClass0 (470 bytes)

VM state: not at safepoint (normal execution)

VM Mutex/Monitor currently owned by a thread: None

Heap address: 0x00000000c0000000, size: 1024 MB, Compressed Oops mode: 32-bit

CDS archive(s) not mapped
Compressed class space mapped at: 0x0000000100000000-0x0000000140000000, reserved size: 1073741824
Narrow klass base: 0x0000000000000000, Narrow klass shift: 3, Narrow klass range: 0x140000000

GC Precious Log:
 CPUs: 4 total, 4 available
 Memory: 6013M
 Large Page Support: Disabled
 NUMA Support: Disabled
 Compressed Oops: Enabled (32-bit)
 Alignments: Space 512K, Generation 512K, Heap 2M
 Heap Min Capacity: 100M
 Heap Initial Capacity: 100M
 Heap Max Capacity: 1G
 Pre-touch: Disabled
 Parallel Workers: 4

Heap:
 PSYoungGen      total 23552K, used 6722K [0x00000000eab00000, 0x00000000ec700000, 0x0000000100000000)
  eden space 22528K, 26% used [0x00000000eab00000,0x00000000eb0d8858,0x00000000ec100000)
  from space 1024K, 71% used [0x00000000ec600000,0x00000000ec6b8000,0x00000000ec700000)
  to   space 1024K, 0% used [0x00000000ec500000,0x00000000ec500000,0x00000000ec600000)
 ParOldGen       total 68608K, used 15969K [0x00000000c0000000, 0x00000000c4300000, 0x00000000eab00000)
  object space 68608K, 23% used [0x00000000c0000000,0x00000000c0f986c8,0x00000000c4300000)
 Metaspace       used 41057K, committed 41984K, reserved 1114112K
  class space    used 4257K, committed 4672K, reserved 1048576K

Card table byte_map: [0x0000016deba00000,0x0000016debc10000] _byte_map_base: 0x0000016deb400000

Marking Bits: (ParMarkBitMap*) 0x00007ff98c27d7d0
 Begin Bits: [0x0000016dfdd00000, 0x0000016dfed00000)
 End Bits:   [0x0000016dfed00000, 0x0000016dffd00000)

Polling page: 0x0000016de9e80000

Metaspace:

Usage:
  Non-class:     35.94 MB used.
      Class:      4.16 MB used.
       Both:     40.10 MB used.

Virtual space:
  Non-class space:       64.00 MB reserved,      36.44 MB ( 57%) committed,  1 nodes.
      Class space:        1.00 GB reserved,       4.56 MB ( <1%) committed,  1 nodes.
             Both:        1.06 GB reserved,      41.00 MB (  4%) committed. 

Chunk freelists:
   Non-Class:  10.92 MB
       Class:  11.35 MB
        Both:  22.27 MB

MaxMetaspaceSize: unlimited
CompressedClassSpaceSize: 1.00 GB
Initial GC threshold: 21.00 MB
Current GC threshold: 58.38 MB
CDS: off
MetaspaceReclaimPolicy: balanced
 - commit_granule_bytes: 65536.
 - commit_granule_words: 8192.
 - virtual_space_node_default_size: 8388608.
 - enlarge_chunks_in_place: 1.
 - new_chunks_are_fully_committed: 0.
 - uncommit_free_chunks: 1.
 - use_allocation_guard: 0.
 - handle_deallocations: 1.


Internal statistics:

num_allocs_failed_limit: 6.
num_arena_births: 390.
num_arena_deaths: 14.
num_vsnodes_births: 2.
num_vsnodes_deaths: 0.
num_space_committed: 656.
num_space_uncommitted: 0.
num_chunks_returned_to_freelist: 20.
num_chunks_taken_from_freelist: 1762.
num_chunk_merges: 12.
num_chunk_splits: 1123.
num_chunks_enlarged: 721.
num_inconsistent_stats: 0.

CodeHeap 'non-profiled nmethods': size=120000Kb used=2072Kb max_used=2072Kb free=117927Kb
 bounds [0x0000016df67d0000, 0x0000016df6a40000, 0x0000016dfdd00000]
CodeHeap 'profiled nmethods': size=120000Kb used=9470Kb max_used=9470Kb free=110529Kb
 bounds [0x0000016deed00000, 0x0000016def640000, 0x0000016df6230000]
CodeHeap 'non-nmethods': size=5760Kb used=1270Kb max_used=1336Kb free=4489Kb
 bounds [0x0000016df6230000, 0x0000016df64a0000, 0x0000016df67d0000]
 total_blobs=4961 nmethods=4369 adapters=506
 compilation: enabled
              stopped_count=0, restarted_count=0
 full_count=0

Compilation events (20 events):
Event: 58.117 Thread 0x0000016dffefc510 4339   !   3       org.eclipse.osgi.internal.serviceregistry.ServiceRegistrationImpl::getProperties (17 bytes)
Event: 58.117 Thread 0x0000016dffefc510 nmethod 4339 0x0000016def62b010 code [0x0000016def62b1a0, 0x0000016def62b398]
Event: 58.122 Thread 0x0000016dffefc510 4340       3       org.eclipse.sisu.space.asm.ClassReader::readUTF (193 bytes)
Event: 58.123 Thread 0x0000016dffefc510 nmethod 4340 0x0000016def62b490 code [0x0000016def62b660, 0x0000016def62bb88]
Event: 58.130 Thread 0x0000016dffefc510 4341       3       jdk.internal.org.objectweb.asm.MethodWriter::addSuccessorToCurrentBasicBlock (24 bytes)
Event: 58.131 Thread 0x0000016dffefc510 nmethod 4341 0x0000016def62bd90 code [0x0000016def62bf40, 0x0000016def62c1b8]
Event: 58.131 Thread 0x0000016dffefc510 4342       3       jdk.internal.org.objectweb.asm.Frame::putAbstractType (379 bytes)
Event: 58.135 Thread 0x0000016dffefc510 nmethod 4342 0x0000016def62c310 code [0x0000016def62c740, 0x0000016def62de58]
Event: 58.138 Thread 0x0000016dffefc510 4344       3       org.eclipse.sisu.space.asm.ClassReader::readUTF8 (60 bytes)
Event: 58.138 Thread 0x0000016dffefc510 nmethod 4344 0x0000016def62e890 code [0x0000016def62ea80, 0x0000016def62ef08]
Event: 58.191 Thread 0x0000016dffefc510 4345       3       org.eclipse.osgi.storage.bundlefile.NestedDirBundleFile::getEntry (23 bytes)
Event: 58.191 Thread 0x0000016dffefc510 nmethod 4345 0x0000016def62f110 code [0x0000016def62f2e0, 0x0000016def62f5a8]
Event: 58.194 Thread 0x0000016dffefc510 4346       1       sun.reflect.generics.reflectiveObjects.ParameterizedTypeImpl::getRawType (5 bytes)
Event: 58.194 Thread 0x0000016dffefc510 nmethod 4346 0x0000016df69d5610 code [0x0000016df69d57a0, 0x0000016df69d5878]
Event: 58.198 Thread 0x0000016dffefc510 4347       3       java.lang.WeakPairMap$Pair::hashCode (10 bytes)
Event: 58.198 Thread 0x0000016dffefc510 nmethod 4347 0x0000016def62f690 code [0x0000016def62f840, 0x0000016def62f998]
Event: 58.201 Thread 0x0000016dffefc510 4348       3       jdk.internal.loader.AbstractClassLoaderValue::<init> (5 bytes)
Event: 58.201 Thread 0x0000016dffefc510 nmethod 4348 0x0000016def62fa90 code [0x0000016def62fc20, 0x0000016def62fd78]
Event: 58.203 Thread 0x0000016dffefc510 4349       1       com.google.gson.reflect.TypeToken::getRawType (5 bytes)
Event: 58.203 Thread 0x0000016dffefc510 nmethod 4349 0x0000016df69d5910 code [0x0000016df69d5aa0, 0x0000016df69d5b78]

GC Heap History (20 events):
Event: 49.871 GC heap before
{Heap before GC invocations=5 (full 0):
 PSYoungGen      total 29696K, used 8874K [0x00000000eab00000, 0x00000000ecc00000, 0x0000000100000000)
  eden space 25600K, 18% used [0x00000000eab00000,0x00000000eafb1fb0,0x00000000ec400000)
  from space 4096K, 99% used [0x00000000ec800000,0x00000000ecbf8a68,0x00000000ecc00000)
  to   space 4096K, 0% used [0x00000000ec400000,0x00000000ec400000,0x00000000ec800000)
 ParOldGen       total 68608K, used 6480K [0x00000000c0000000, 0x00000000c4300000, 0x00000000eab00000)
  object space 68608K, 9% used [0x00000000c0000000,0x00000000c0654390,0x00000000c4300000)
 Metaspace       used 21072K, committed 21504K, reserved 1114112K
  class space    used 2110K, committed 2304K, reserved 1048576K
}
Event: 49.877 GC heap after
{Heap after GC invocations=5 (full 0):
 PSYoungGen      total 29696K, used 4095K [0x00000000eab00000, 0x00000000ece00000, 0x0000000100000000)
  eden space 25600K, 0% used [0x00000000eab00000,0x00000000eab00000,0x00000000ec400000)
  from space 4096K, 99% used [0x00000000ec400000,0x00000000ec7ffff0,0x00000000ec800000)
  to   space 5120K, 0% used [0x00000000ec900000,0x00000000ec900000,0x00000000ece00000)
 ParOldGen       total 68608K, used 6536K [0x00000000c0000000, 0x00000000c4300000, 0x00000000eab00000)
  object space 68608K, 9% used [0x00000000c0000000,0x00000000c0662390,0x00000000c4300000)
 Metaspace       used 21072K, committed 21504K, reserved 1114112K
  class space    used 2110K, committed 2304K, reserved 1048576K
}
Event: 49.877 GC heap before
{Heap before GC invocations=6 (full 1):
 PSYoungGen      total 29696K, used 4095K [0x00000000eab00000, 0x00000000ece00000, 0x0000000100000000)
  eden space 25600K, 0% used [0x00000000eab00000,0x00000000eab00000,0x00000000ec400000)
  from space 4096K, 99% used [0x00000000ec400000,0x00000000ec7ffff0,0x00000000ec800000)
  to   space 5120K, 0% used [0x00000000ec900000,0x00000000ec900000,0x00000000ece00000)
 ParOldGen       total 68608K, used 6536K [0x00000000c0000000, 0x00000000c4300000, 0x00000000eab00000)
  object space 68608K, 9% used [0x00000000c0000000,0x00000000c0662390,0x00000000c4300000)
 Metaspace       used 21072K, committed 21504K, reserved 1114112K
  class space    used 2110K, committed 2304K, reserved 1048576K
}
Event: 49.918 GC heap after
{Heap after GC invocations=6 (full 1):
 PSYoungGen      total 29696K, used 0K [0x00000000eab00000, 0x00000000ece00000, 0x0000000100000000)
  eden space 25600K, 0% used [0x00000000eab00000,0x00000000eab00000,0x00000000ec400000)
  from space 4096K, 0% used [0x00000000ec400000,0x00000000ec400000,0x00000000ec800000)
  to   space 5120K, 0% used [0x00000000ec900000,0x00000000ec900000,0x00000000ece00000)
 ParOldGen       total 68608K, used 10348K [0x00000000c0000000, 0x00000000c4300000, 0x00000000eab00000)
  object space 68608K, 15% used [0x00000000c0000000,0x00000000c0a1b260,0x00000000c4300000)
 Metaspace       used 21072K, committed 21504K, reserved 1114112K
  class space    used 2110K, committed 2304K, reserved 1048576K
}
Event: 51.726 GC heap before
{Heap before GC invocations=7 (full 1):
 PSYoungGen      total 29696K, used 25600K [0x00000000eab00000, 0x00000000ece00000, 0x0000000100000000)
  eden space 25600K, 100% used [0x00000000eab00000,0x00000000ec400000,0x00000000ec400000)
  from space 4096K, 0% used [0x00000000ec400000,0x00000000ec400000,0x00000000ec800000)
  to   space 5120K, 0% used [0x00000000ec900000,0x00000000ec900000,0x00000000ece00000)
 ParOldGen       total 68608K, used 10348K [0x00000000c0000000, 0x00000000c4300000, 0x00000000eab00000)
  object space 68608K, 15% used [0x00000000c0000000,0x00000000c0a1b260,0x00000000c4300000)
 Metaspace       used 24357K, committed 24896K, reserved 1114112K
  class space    used 2471K, committed 2688K, reserved 1048576K
}
Event: 51.729 GC heap after
{Heap after GC invocations=7 (full 1):
 PSYoungGen      total 26624K, used 1292K [0x00000000eab00000, 0x00000000eca80000, 0x0000000100000000)
  eden space 25088K, 0% used [0x00000000eab00000,0x00000000eab00000,0x00000000ec380000)
  from space 1536K, 84% used [0x00000000ec900000,0x00000000eca432b8,0x00000000eca80000)
  to   space 2560K, 0% used [0x00000000ec580000,0x00000000ec580000,0x00000000ec800000)
 ParOldGen       total 68608K, used 10356K [0x00000000c0000000, 0x00000000c4300000, 0x00000000eab00000)
  object space 68608K, 15% used [0x00000000c0000000,0x00000000c0a1d260,0x00000000c4300000)
 Metaspace       used 24357K, committed 24896K, reserved 1114112K
  class space    used 2471K, committed 2688K, reserved 1048576K
}
Event: 53.988 GC heap before
{Heap before GC invocations=8 (full 1):
 PSYoungGen      total 26624K, used 26380K [0x00000000eab00000, 0x00000000eca80000, 0x0000000100000000)
  eden space 25088K, 100% used [0x00000000eab00000,0x00000000ec380000,0x00000000ec380000)
  from space 1536K, 84% used [0x00000000ec900000,0x00000000eca432b8,0x00000000eca80000)
  to   space 2560K, 0% used [0x00000000ec580000,0x00000000ec580000,0x00000000ec800000)
 ParOldGen       total 68608K, used 10356K [0x00000000c0000000, 0x00000000c4300000, 0x00000000eab00000)
  object space 68608K, 15% used [0x00000000c0000000,0x00000000c0a1d260,0x00000000c4300000)
 Metaspace       used 27147K, committed 27712K, reserved 1114112K
  class space    used 2766K, committed 3008K, reserved 1048576K
}
Event: 53.992 GC heap after
{Heap after GC invocations=8 (full 1):
 PSYoungGen      total 27136K, used 2558K [0x00000000eab00000, 0x00000000ecd00000, 0x0000000100000000)
  eden space 24576K, 0% used [0x00000000eab00000,0x00000000eab00000,0x00000000ec300000)
  from space 2560K, 99% used [0x00000000ec580000,0x00000000ec7ff828,0x00000000ec800000)
  to   space 5120K, 0% used [0x00000000ec800000,0x00000000ec800000,0x00000000ecd00000)
 ParOldGen       total 68608K, used 12316K [0x00000000c0000000, 0x00000000c4300000, 0x00000000eab00000)
  object space 68608K, 17% used [0x00000000c0000000,0x00000000c0c07178,0x00000000c4300000)
 Metaspace       used 27147K, committed 27712K, reserved 1114112K
  class space    used 2766K, committed 3008K, reserved 1048576K
}
Event: 54.911 GC heap before
{Heap before GC invocations=9 (full 1):
 PSYoungGen      total 27136K, used 27134K [0x00000000eab00000, 0x00000000ecd00000, 0x0000000100000000)
  eden space 24576K, 100% used [0x00000000eab00000,0x00000000ec300000,0x00000000ec300000)
  from space 2560K, 99% used [0x00000000ec580000,0x00000000ec7ff828,0x00000000ec800000)
  to   space 5120K, 0% used [0x00000000ec800000,0x00000000ec800000,0x00000000ecd00000)
 ParOldGen       total 68608K, used 12316K [0x00000000c0000000, 0x00000000c4300000, 0x00000000eab00000)
  object space 68608K, 17% used [0x00000000c0000000,0x00000000c0c07178,0x00000000c4300000)
 Metaspace       used 30190K, committed 30720K, reserved 1114112K
  class space    used 2972K, committed 3200K, reserved 1048576K
}
Event: 54.914 GC heap after
{Heap after GC invocations=9 (full 1):
 PSYoungGen      total 27136K, used 3027K [0x00000000eab00000, 0x00000000ecb00000, 0x0000000100000000)
  eden space 24064K, 0% used [0x00000000eab00000,0x00000000eab00000,0x00000000ec280000)
  from space 3072K, 98% used [0x00000000ec800000,0x00000000ecaf4e40,0x00000000ecb00000)
  to   space 3584K, 0% used [0x00000000ec400000,0x00000000ec400000,0x00000000ec780000)
 ParOldGen       total 68608K, used 12324K [0x00000000c0000000, 0x00000000c4300000, 0x00000000eab00000)
  object space 68608K, 17% used [0x00000000c0000000,0x00000000c0c09178,0x00000000c4300000)
 Metaspace       used 30190K, committed 30720K, reserved 1114112K
  class space    used 2972K, committed 3200K, reserved 1048576K
}
Event: 55.158 GC heap before
{Heap before GC invocations=10 (full 1):
 PSYoungGen      total 27136K, used 27091K [0x00000000eab00000, 0x00000000ecb00000, 0x0000000100000000)
  eden space 24064K, 100% used [0x00000000eab00000,0x00000000ec280000,0x00000000ec280000)
  from space 3072K, 98% used [0x00000000ec800000,0x00000000ecaf4e40,0x00000000ecb00000)
  to   space 3584K, 0% used [0x00000000ec400000,0x00000000ec400000,0x00000000ec780000)
 ParOldGen       total 68608K, used 12324K [0x00000000c0000000, 0x00000000c4300000, 0x00000000eab00000)
  object space 68608K, 17% used [0x00000000c0000000,0x00000000c0c09178,0x00000000c4300000)
 Metaspace       used 32019K, committed 32768K, reserved 1114112K
  class space    used 3114K, committed 3456K, reserved 1048576K
}
Event: 55.166 GC heap after
{Heap after GC invocations=10 (full 1):
 PSYoungGen      total 27136K, used 3566K [0x00000000eab00000, 0x00000000ecd00000, 0x0000000100000000)
  eden space 23552K, 0% used [0x00000000eab00000,0x00000000eab00000,0x00000000ec200000)
  from space 3584K, 99% used [0x00000000ec400000,0x00000000ec77b878,0x00000000ec780000)
  to   space 5632K, 0% used [0x00000000ec780000,0x00000000ec780000,0x00000000ecd00000)
 ParOldGen       total 68608K, used 13884K [0x00000000c0000000, 0x00000000c4300000, 0x00000000eab00000)
  object space 68608K, 20% used [0x00000000c0000000,0x00000000c0d8f3c0,0x00000000c4300000)
 Metaspace       used 32019K, committed 32768K, reserved 1114112K
  class space    used 3114K, committed 3456K, reserved 1048576K
}
Event: 55.957 GC heap before
{Heap before GC invocations=11 (full 1):
 PSYoungGen      total 27136K, used 21599K [0x00000000eab00000, 0x00000000ecd00000, 0x0000000100000000)
  eden space 23552K, 76% used [0x00000000eab00000,0x00000000ebc9c510,0x00000000ec200000)
  from space 3584K, 99% used [0x00000000ec400000,0x00000000ec77b878,0x00000000ec780000)
  to   space 5632K, 0% used [0x00000000ec780000,0x00000000ec780000,0x00000000ecd00000)
 ParOldGen       total 68608K, used 13884K [0x00000000c0000000, 0x00000000c4300000, 0x00000000eab00000)
  object space 68608K, 20% used [0x00000000c0000000,0x00000000c0d8f3c0,0x00000000c4300000)
 Metaspace       used 35135K, committed 35840K, reserved 1114112K
  class space    used 3468K, committed 3776K, reserved 1048576K
}
Event: 55.962 GC heap after
{Heap after GC invocations=11 (full 1):
 PSYoungGen      total 27136K, used 3246K [0x00000000eab00000, 0x00000000ecb00000, 0x0000000100000000)
  eden space 23552K, 0% used [0x00000000eab00000,0x00000000eab00000,0x00000000ec200000)
  from space 3584K, 90% used [0x00000000ec780000,0x00000000ecaabac0,0x00000000ecb00000)
  to   space 4096K, 0% used [0x00000000ec300000,0x00000000ec300000,0x00000000ec700000)
 ParOldGen       total 68608K, used 15245K [0x00000000c0000000, 0x00000000c4300000, 0x00000000eab00000)
  object space 68608K, 22% used [0x00000000c0000000,0x00000000c0ee34d0,0x00000000c4300000)
 Metaspace       used 35135K, committed 35840K, reserved 1114112K
  class space    used 3468K, committed 3776K, reserved 1048576K
}
Event: 55.962 GC heap before
{Heap before GC invocations=12 (full 2):
 PSYoungGen      total 27136K, used 3246K [0x00000000eab00000, 0x00000000ecb00000, 0x0000000100000000)
  eden space 23552K, 0% used [0x00000000eab00000,0x00000000eab00000,0x00000000ec200000)
  from space 3584K, 90% used [0x00000000ec780000,0x00000000ecaabac0,0x00000000ecb00000)
  to   space 4096K, 0% used [0x00000000ec300000,0x00000000ec300000,0x00000000ec700000)
 ParOldGen       total 68608K, used 15245K [0x00000000c0000000, 0x00000000c4300000, 0x00000000eab00000)
  object space 68608K, 22% used [0x00000000c0000000,0x00000000c0ee34d0,0x00000000c4300000)
 Metaspace       used 35135K, committed 35840K, reserved 1114112K
  class space    used 3468K, committed 3776K, reserved 1048576K
}
Event: 56.015 GC heap after
{Heap after GC invocations=12 (full 2):
 PSYoungGen      total 27136K, used 0K [0x00000000eab00000, 0x00000000ecb00000, 0x0000000100000000)
  eden space 23552K, 0% used [0x00000000eab00000,0x00000000eab00000,0x00000000ec200000)
  from space 3584K, 0% used [0x00000000ec780000,0x00000000ec780000,0x00000000ecb00000)
  to   space 4096K, 0% used [0x00000000ec300000,0x00000000ec300000,0x00000000ec700000)
 ParOldGen       total 68608K, used 15066K [0x00000000c0000000, 0x00000000c4300000, 0x00000000eab00000)
  object space 68608K, 21% used [0x00000000c0000000,0x00000000c0eb68a0,0x00000000c4300000)
 Metaspace       used 35122K, committed 35840K, reserved 1114112K
  class space    used 3464K, committed 3776K, reserved 1048576K
}
Event: 57.114 GC heap before
{Heap before GC invocations=13 (full 2):
 PSYoungGen      total 27136K, used 23552K [0x00000000eab00000, 0x00000000ecb00000, 0x0000000100000000)
  eden space 23552K, 100% used [0x00000000eab00000,0x00000000ec200000,0x00000000ec200000)
  from space 3584K, 0% used [0x00000000ec780000,0x00000000ec780000,0x00000000ecb00000)
  to   space 4096K, 0% used [0x00000000ec300000,0x00000000ec300000,0x00000000ec700000)
 ParOldGen       total 68608K, used 15066K [0x00000000c0000000, 0x00000000c4300000, 0x00000000eab00000)
  object space 68608K, 21% used [0x00000000c0000000,0x00000000c0eb68a0,0x00000000c4300000)
 Metaspace       used 38520K, committed 39360K, reserved 1114112K
  class space    used 3908K, committed 4288K, reserved 1048576K
}
Event: 57.118 GC heap after
{Heap after GC invocations=13 (full 2):
 PSYoungGen      total 24064K, used 985K [0x00000000eab00000, 0x00000000ec800000, 0x0000000100000000)
  eden space 23040K, 0% used [0x00000000eab00000,0x00000000eab00000,0x00000000ec180000)
  from space 1024K, 96% used [0x00000000ec300000,0x00000000ec3f6638,0x00000000ec400000)
  to   space 2048K, 0% used [0x00000000ec600000,0x00000000ec600000,0x00000000ec800000)
 ParOldGen       total 68608K, used 15074K [0x00000000c0000000, 0x00000000c4300000, 0x00000000eab00000)
  object space 68608K, 21% used [0x00000000c0000000,0x00000000c0eb88a0,0x00000000c4300000)
 Metaspace       used 38520K, committed 39360K, reserved 1114112K
  class space    used 3908K, committed 4288K, reserved 1048576K
}
Event: 58.092 GC heap before
{Heap before GC invocations=14 (full 2):
 PSYoungGen      total 24064K, used 24025K [0x00000000eab00000, 0x00000000ec800000, 0x0000000100000000)
  eden space 23040K, 100% used [0x00000000eab00000,0x00000000ec180000,0x00000000ec180000)
  from space 1024K, 96% used [0x00000000ec300000,0x00000000ec3f6638,0x00000000ec400000)
  to   space 2048K, 0% used [0x00000000ec600000,0x00000000ec600000,0x00000000ec800000)
 ParOldGen       total 68608K, used 15074K [0x00000000c0000000, 0x00000000c4300000, 0x00000000eab00000)
  object space 68608K, 21% used [0x00000000c0000000,0x00000000c0eb88a0,0x00000000c4300000)
 Metaspace       used 40450K, committed 41344K, reserved 1114112K
  class space    used 4173K, committed 4544K, reserved 1048576K
}
Event: 58.095 GC heap after
{Heap after GC invocations=14 (full 2):
 PSYoungGen      total 23552K, used 736K [0x00000000eab00000, 0x00000000ec700000, 0x0000000100000000)
  eden space 22528K, 0% used [0x00000000eab00000,0x00000000eab00000,0x00000000ec100000)
  from space 1024K, 71% used [0x00000000ec600000,0x00000000ec6b8000,0x00000000ec700000)
  to   space 1024K, 0% used [0x00000000ec500000,0x00000000ec500000,0x00000000ec600000)
 ParOldGen       total 68608K, used 15969K [0x00000000c0000000, 0x00000000c4300000, 0x00000000eab00000)
  object space 68608K, 23% used [0x00000000c0000000,0x00000000c0f986c8,0x00000000c4300000)
 Metaspace       used 40450K, committed 41344K, reserved 1114112K
  class space    used 4173K, committed 4544K, reserved 1048576K
}

Dll operation events (12 events):
Event: 0.049 Loaded shared library c:\Users\Dell\.vscode\extensions\redhat.java-1.28.1-win32-x64\jre\17.0.10-win32-x86_64\bin\java.dll
Event: 0.648 Loaded shared library c:\Users\Dell\.vscode\extensions\redhat.java-1.28.1-win32-x64\jre\17.0.10-win32-x86_64\bin\zip.dll
Event: 0.658 Loaded shared library C:\Users\Dell\.vscode\extensions\redhat.java-1.28.1-win32-x64\jre\17.0.10-win32-x86_64\bin\instrument.dll
Event: 0.696 Loaded shared library C:\Users\Dell\.vscode\extensions\redhat.java-1.28.1-win32-x64\jre\17.0.10-win32-x86_64\bin\net.dll
Event: 0.700 Loaded shared library C:\Users\Dell\.vscode\extensions\redhat.java-1.28.1-win32-x64\jre\17.0.10-win32-x86_64\bin\nio.dll
Event: 0.818 Loaded shared library C:\Users\Dell\.vscode\extensions\redhat.java-1.28.1-win32-x64\jre\17.0.10-win32-x86_64\bin\zip.dll
Event: 0.987 Loaded shared library C:\Users\Dell\.vscode\extensions\redhat.java-1.28.1-win32-x64\jre\17.0.10-win32-x86_64\bin\jimage.dll
Event: 1.315 Loaded shared library c:\Users\Dell\.vscode\extensions\redhat.java-1.28.1-win32-x64\jre\17.0.10-win32-x86_64\bin\verify.dll
Event: 24.490 Loaded shared library C:\Users\Dell\AppData\Roaming\Code\User\globalStorage\redhat.java\1.28.1\config_win\org.eclipse.equinox.launcher\org.eclipse.equinox.launcher.win32.win32.x86_64_1.2.900.v20240129-1338\eclipse_11900.dll
Event: 50.059 Loaded shared library C:\Users\Dell\.vscode\extensions\redhat.java-1.28.1-win32-x64\jre\17.0.10-win32-x86_64\bin\management.dll
Event: 50.065 Loaded shared library C:\Users\Dell\.vscode\extensions\redhat.java-1.28.1-win32-x64\jre\17.0.10-win32-x86_64\bin\management_ext.dll
Event: 56.392 Loaded shared library C:\Users\Dell\AppData\Local\Temp\jna-2094529\jna5873195671664368117.dll

Deoptimization events (20 events):
Event: 57.954 Thread 0x0000016d85e95810 Uncommon trap: trap_request=0xffffff66 fr.pc=0x0000016df694677c relative=0x00000000000000dc
Event: 57.954 Thread 0x0000016d85e95810 Uncommon trap: reason=speculate_class_check action=maybe_recompile pc=0x0000016df694677c method=java.util.regex.Pattern$CharPredicate.lambda$negate$3(I)Z @ 2 c2
Event: 57.954 Thread 0x0000016d85e95810 DEOPT PACKING pc=0x0000016df694677c sp=0x0000001037dfe630
Event: 57.954 Thread 0x0000016d85e95810 DEOPT UNPACKING pc=0x0000016df62866a3 sp=0x0000001037dfe550 mode 2
Event: 57.954 Thread 0x0000016d85e95810 Uncommon trap: trap_request=0xffffff66 fr.pc=0x0000016df694677c relative=0x00000000000000dc
Event: 57.954 Thread 0x0000016d85e95810 Uncommon trap: reason=speculate_class_check action=maybe_recompile pc=0x0000016df694677c method=java.util.regex.Pattern$CharPredicate.lambda$negate$3(I)Z @ 2 c2
Event: 57.954 Thread 0x0000016d85e95810 DEOPT PACKING pc=0x0000016df694677c sp=0x0000001037dfe630
Event: 57.954 Thread 0x0000016d85e95810 DEOPT UNPACKING pc=0x0000016df62866a3 sp=0x0000001037dfe550 mode 2
Event: 57.954 Thread 0x0000016d85e95810 Uncommon trap: trap_request=0xffffff66 fr.pc=0x0000016df694677c relative=0x00000000000000dc
Event: 57.954 Thread 0x0000016d85e95810 Uncommon trap: reason=speculate_class_check action=maybe_recompile pc=0x0000016df694677c method=java.util.regex.Pattern$CharPredicate.lambda$negate$3(I)Z @ 2 c2
Event: 57.954 Thread 0x0000016d85e95810 DEOPT PACKING pc=0x0000016df694677c sp=0x0000001037dfe630
Event: 57.954 Thread 0x0000016d85e95810 DEOPT UNPACKING pc=0x0000016df62866a3 sp=0x0000001037dfe550 mode 2
Event: 57.954 Thread 0x0000016d85e95810 Uncommon trap: trap_request=0xffffff66 fr.pc=0x0000016df694677c relative=0x00000000000000dc
Event: 57.954 Thread 0x0000016d85e95810 Uncommon trap: reason=speculate_class_check action=maybe_recompile pc=0x0000016df694677c method=java.util.regex.Pattern$CharPredicate.lambda$negate$3(I)Z @ 2 c2
Event: 57.954 Thread 0x0000016d85e95810 DEOPT PACKING pc=0x0000016df694677c sp=0x0000001037dfe630
Event: 57.954 Thread 0x0000016d85e95810 DEOPT UNPACKING pc=0x0000016df62866a3 sp=0x0000001037dfe550 mode 2
Event: 58.062 Thread 0x0000016dec05fbf0 Uncommon trap: trap_request=0xffffff45 fr.pc=0x0000016df699e7e4 relative=0x00000000000049e4
Event: 58.062 Thread 0x0000016dec05fbf0 Uncommon trap: reason=unstable_if action=reinterpret pc=0x0000016df699e7e4 method=jdk.internal.org.objectweb.asm.Frame.execute(IILjdk/internal/org/objectweb/asm/Symbol;Ljdk/internal/org/objectweb/asm/SymbolTable;)V @ 1 c2
Event: 58.062 Thread 0x0000016dec05fbf0 DEOPT PACKING pc=0x0000016df699e7e4 sp=0x00000010363fd730
Event: 58.062 Thread 0x0000016dec05fbf0 DEOPT UNPACKING pc=0x0000016df62866a3 sp=0x00000010363fd6d8 mode 2

Classes unloaded (7 events):
Event: 55.974 Thread 0x0000016dec11e250 Unloading class 0x0000000100252400 'java/lang/invoke/LambdaForm$MH+0x0000000100252400'
Event: 55.974 Thread 0x0000016dec11e250 Unloading class 0x0000000100252000 'java/lang/invoke/LambdaForm$MH+0x0000000100252000'
Event: 55.974 Thread 0x0000016dec11e250 Unloading class 0x0000000100251c00 'java/lang/invoke/LambdaForm$MH+0x0000000100251c00'
Event: 55.974 Thread 0x0000016dec11e250 Unloading class 0x0000000100251800 'java/lang/invoke/LambdaForm$MH+0x0000000100251800'
Event: 55.974 Thread 0x0000016dec11e250 Unloading class 0x0000000100251400 'java/lang/invoke/LambdaForm$BMH+0x0000000100251400'
Event: 55.974 Thread 0x0000016dec11e250 Unloading class 0x0000000100251000 'java/lang/invoke/LambdaForm$DMH+0x0000000100251000'
Event: 55.974 Thread 0x0000016dec11e250 Unloading class 0x000000010024c400 'java/lang/invoke/LambdaForm$DMH+0x000000010024c400'

Classes redefined (0 events):
No events

Internal exceptions (20 events):
Event: 55.516 Thread 0x0000016d859485f0 Exception <a 'sun/nio/fs/WindowsException'{0x00000000eb05d578}> (0x00000000eb05d578) 
thrown [s\src\hotspot\share\prims\jni.cpp, line 516]
Event: 55.516 Thread 0x0000016d859485f0 Exception <a 'sun/nio/fs/WindowsException'{0x00000000eb05db18}> (0x00000000eb05db18) 
thrown [s\src\hotspot\share\prims\jni.cpp, line 516]
Event: 55.590 Thread 0x0000016d85e95810 Exception <a 'java/lang/NoSuchMethodError'{0x00000000eb1d0ab0}: 'java.lang.Object java.lang.invoke.DirectMethodHandle$Holder.invokeSpecialIFC(java.lang.Object, java.lang.Object, java.lang.Object, java.lang.Object)'> (0x00000000eb1d0ab0) 
thrown [s\src\hotspot\share\interpreter\linkResolver.cpp, line 759]
Event: 55.706 Thread 0x0000016d859485f0 Exception <a 'java/lang/ClassNotFoundException'{0x00000000eb49cdd0}: com/sun/org/apache/xml/internal/serializer/spi/XMLEntitiesProvider> (0x00000000eb49cdd0) 
thrown [s\src\hotspot\share\classfile\systemDictionary.cpp, line 256]
Event: 56.126 Thread 0x0000016d859485f0 Exception <a 'java/io/FileNotFoundException'{0x00000000eadd95a0}> (0x00000000eadd95a0) 
thrown [s\src\hotspot\share\prims\jni.cpp, line 516]
Event: 56.503 Thread 0x0000016d859485f0 Exception <a 'java/lang/UnsatisfiedLinkError'{0x00000000eb2ebf18}: The specified procedure could not be found.
> (0x00000000eb2ebf18) 
thrown [s\src\hotspot\share\prims\jni.cpp, line 535]
Event: 56.512 Thread 0x0000016d859485f0 Exception <a 'java/io/FileNotFoundException'{0x00000000eb313238}> (0x00000000eb313238) 
thrown [s\src\hotspot\share\prims\jni.cpp, line 516]
Event: 56.513 Thread 0x0000016d85e95810 Exception <a 'java/lang/NoSuchMethodError'{0x00000000eb3911c0}: 'int java.lang.invoke.DirectMethodHandle$Holder.invokeSpecialIFC(java.lang.Object, java.lang.Object, java.lang.Object, java.lang.Object, java.lang.Object)'> (0x00000000eb3911c0) 
thrown [s\src\hotspot\share\interpreter\linkResolver.cpp, line 759]
Event: 56.529 Thread 0x0000016d859485f0 Exception <a 'java/io/FileNotFoundException'{0x00000000eb4410b8}> (0x00000000eb4410b8) 
thrown [s\src\hotspot\share\prims\jni.cpp, line 516]
Event: 56.561 Thread 0x0000016d859485f0 Exception <a 'java/lang/UnsatisfiedLinkError'{0x00000000eb51e618}: The specified procedure could not be found.
> (0x00000000eb51e618) 
thrown [s\src\hotspot\share\prims\jni.cpp, line 535]
Event: 56.645 Thread 0x0000016dec05fbf0 Exception <a 'sun/nio/fs/WindowsException'{0x00000000eb6fc570}> (0x00000000eb6fc570) 
thrown [s\src\hotspot\share\prims\jni.cpp, line 516]
Event: 56.646 Thread 0x0000016dec05fbf0 Exception <a 'sun/nio/fs/WindowsException'{0x00000000eb6ffa98}> (0x00000000eb6ffa98) 
thrown [s\src\hotspot\share\prims\jni.cpp, line 516]
Event: 56.647 Thread 0x0000016dec05fbf0 Exception <a 'sun/nio/fs/WindowsException'{0x00000000eb700060}> (0x00000000eb700060) 
thrown [s\src\hotspot\share\prims\jni.cpp, line 516]
Event: 56.761 Thread 0x0000016dec05fbf0 Exception <a 'java/io/FileNotFoundException'{0x00000000ebb59bb0}> (0x00000000ebb59bb0) 
thrown [s\src\hotspot\share\prims\jni.cpp, line 516]
Event: 56.898 Thread 0x0000016dec05fbf0 Exception <a 'java/lang/NoSuchMethodError'{0x00000000ebe8c128}: 'java.lang.Object java.lang.invoke.DirectMethodHandle$Holder.invokeStatic(java.lang.Object, java.lang.Object, long, java.lang.Object)'> (0x00000000ebe8c128) 
thrown [s\src\hotspot\share\interpreter\linkResolver.cpp, line 759]
Event: 56.913 Thread 0x0000016dec05fbf0 Exception <a 'java/lang/NoSuchMethodError'{0x00000000ebea38f8}: 'java.lang.Object java.lang.invoke.DirectMethodHandle$Holder.invokeStaticInit(java.lang.Object, java.lang.Object, long, java.lang.Object)'> (0x00000000ebea38f8) 
thrown [s\src\hotspot\share\interpreter\linkResolver.cpp, line 759]
Event: 56.931 Thread 0x0000016dec05fbf0 Exception <a 'java/lang/NoSuchMethodError'{0x00000000ebf0c7a8}: 'java.lang.Object java.lang.invoke.DirectMethodHandle$Holder.newInvokeSpecial(java.lang.Object, java.lang.Object, long)'> (0x00000000ebf0c7a8) 
thrown [s\src\hotspot\share\interpreter\linkResolver.cpp, line 759]
Event: 57.080 Thread 0x0000016d85e95810 Exception <a 'java/lang/NoClassDefFoundError'{0x00000000ec0edf40}: javax/enterprise/inject/Typed> (0x00000000ec0edf40) 
thrown [s\src\hotspot\share\classfile\systemDictionary.cpp, line 245]
Event: 58.010 Thread 0x0000016dec05fbf0 Exception <a 'java/lang/NoSuchMethodError'{0x00000000ebff2b70}: 'void java.lang.invoke.DirectMethodHandle$Holder.invokeSpecial(java.lang.Object, java.lang.Object, java.lang.Object, java.lang.Object, java.lang.Object, java.lang.Object)'> (0x00000000ebff2b70) 
thrown [s\src\hotspot\share\interpreter\linkResolver.cpp, line 759]
Event: 58.012 Thread 0x0000016dec05fbf0 Exception <a 'java/lang/IncompatibleClassChangeError'{0x00000000ebffc270}: Found class java.lang.Object, but interface was expected> (0x00000000ebffc270) 
thrown [s\src\hotspot\share\interpreter\linkResolver.cpp, line 826]

VM Operations (20 events):
Event: 55.694 Executing VM operation: HandshakeAllThreads
Event: 55.694 Executing VM operation: HandshakeAllThreads done
Event: 55.704 Executing VM operation: HandshakeAllThreads
Event: 55.704 Executing VM operation: HandshakeAllThreads done
Event: 55.710 Executing VM operation: HandshakeAllThreads
Event: 55.710 Executing VM operation: HandshakeAllThreads done
Event: 55.902 Executing VM operation: HandshakeAllThreads
Event: 55.902 Executing VM operation: HandshakeAllThreads done
Event: 55.956 Executing VM operation: CollectForMetadataAllocation
Event: 56.018 Executing VM operation: CollectForMetadataAllocation done
Event: 56.056 Executing VM operation: HandshakeAllThreads
Event: 56.056 Executing VM operation: HandshakeAllThreads done
Event: 56.418 Executing VM operation: HandshakeAllThreads
Event: 56.477 Executing VM operation: HandshakeAllThreads done
Event: 56.995 Executing VM operation: HandshakeAllThreads
Event: 56.995 Executing VM operation: HandshakeAllThreads done
Event: 57.111 Executing VM operation: ParallelGCFailedAllocation
Event: 57.119 Executing VM operation: ParallelGCFailedAllocation done
Event: 58.087 Executing VM operation: ParallelGCFailedAllocation
Event: 58.095 Executing VM operation: ParallelGCFailedAllocation done

Events (20 events):
Event: 57.345 loading class jdk/internal/access/foreign/MemorySegmentProxy
Event: 57.346 loading class jdk/internal/access/foreign/MemorySegmentProxy done
Event: 57.684 Thread 0x0000016d86a40e00 Thread exited: 0x0000016d86a40e00
Event: 57.700 loading class sun/reflect/generics/tree/ArrayTypeSignature
Event: 57.700 loading class sun/reflect/generics/tree/ArrayTypeSignature done
Event: 57.702 loading class sun/reflect/generics/tree/BooleanSignature
Event: 57.702 loading class sun/reflect/generics/tree/BooleanSignature done
Event: 57.811 loading class sun/reflect/misc/ReflectUtil
Event: 57.832 loading class sun/reflect/misc/ReflectUtil done
Event: 57.944 loading class java/util/concurrent/atomic/AtomicIntegerArray
Event: 57.944 loading class java/util/concurrent/atomic/AtomicIntegerArray done
Event: 57.948 loading class java/util/Currency
Event: 57.948 loading class java/util/Currency done
Event: 57.954 loading class java/util/concurrent/atomic/AtomicLongArray
Event: 57.956 loading class java/util/concurrent/atomic/AtomicLongArray done
Event: 58.073 Thread 0x0000016d8532e8a0 Thread added: 0x0000016d8532e8a0
Event: 58.080 loading class sun/util/locale/provider/DateFormatProviderImpl
Event: 58.080 loading class sun/util/locale/provider/DateFormatProviderImpl done
Event: 58.115 Thread 0x0000016d85b50540 Thread added: 0x0000016d85b50540
Event: 58.115 Thread 0x0000016d85b4dcc0 Thread added: 0x0000016d85b4dcc0


Dynamic libraries:
0x00007ff794890000 - 0x00007ff79489e000 	c:\Users\Dell\.vscode\extensions\redhat.java-1.28.1-win32-x64\jre\17.0.10-win32-x86_64\bin\java.exe
0x00007ff9e9f10000 - 0x00007ff9ea108000 	C:\Windows\SYSTEM32\ntdll.dll
0x00007ff9e7f40000 - 0x00007ff9e7ffd000 	C:\Windows\System32\KERNEL32.DLL
0x00007ff9e7710000 - 0x00007ff9e7a06000 	C:\Windows\System32\KERNELBASE.dll
0x00007ff9e7c40000 - 0x00007ff9e7d40000 	C:\Windows\System32\ucrtbase.dll
0x00007ff9d8cf0000 - 0x00007ff9d8d07000 	c:\Users\Dell\.vscode\extensions\redhat.java-1.28.1-win32-x64\jre\17.0.10-win32-x86_64\bin\jli.dll
0x00007ff9e8500000 - 0x00007ff9e869e000 	C:\Windows\System32\USER32.dll
0x00007ff9e7a10000 - 0x00007ff9e7a32000 	C:\Windows\System32\win32u.dll
0x00007ff9e94a0000 - 0x00007ff9e94cb000 	C:\Windows\System32\GDI32.dll
0x00007ff9e7ad0000 - 0x00007ff9e7be7000 	C:\Windows\System32\gdi32full.dll
0x00007ff9e7d40000 - 0x00007ff9e7ddd000 	C:\Windows\System32\msvcp_win.dll
0x00007ff9d8cd0000 - 0x00007ff9d8ceb000 	c:\Users\Dell\.vscode\extensions\redhat.java-1.28.1-win32-x64\jre\17.0.10-win32-x86_64\bin\VCRUNTIME140.dll
0x00007ff9db480000 - 0x00007ff9db71a000 	C:\Windows\WinSxS\amd64_microsoft.windows.common-controls_6595b64144ccf1df_6.0.19041.3636_none_60b6a03d71f818d5\COMCTL32.dll
0x00007ff9e94d0000 - 0x00007ff9e956e000 	C:\Windows\System32\msvcrt.dll
0x00007ff9e8930000 - 0x00007ff9e8962000 	C:\Windows\System32\IMM32.DLL
0x00007ff9e3200000 - 0x00007ff9e320c000 	c:\Users\Dell\.vscode\extensions\redhat.java-1.28.1-win32-x64\jre\17.0.10-win32-x86_64\bin\vcruntime140_1.dll
0x00007ff9cc630000 - 0x00007ff9cc6bd000 	c:\Users\Dell\.vscode\extensions\redhat.java-1.28.1-win32-x64\jre\17.0.10-win32-x86_64\bin\msvcp140.dll
0x00007ff98b6e0000 - 0x00007ff98c342000 	c:\Users\Dell\.vscode\extensions\redhat.java-1.28.1-win32-x64\jre\17.0.10-win32-x86_64\bin\server\jvm.dll
0x00007ff9e8390000 - 0x00007ff9e8440000 	C:\Windows\System32\ADVAPI32.dll
0x00007ff9e9590000 - 0x00007ff9e9630000 	C:\Windows\System32\sechost.dll
0x00007ff9e81a0000 - 0x00007ff9e82c5000 	C:\Windows\System32\RPCRT4.dll
0x00007ff9e75c0000 - 0x00007ff9e75e7000 	C:\Windows\System32\bcrypt.dll
0x00007ff9e74a0000 - 0x00007ff9e74eb000 	C:\Windows\SYSTEM32\POWRPROF.dll
0x00007ff9dec90000 - 0x00007ff9dec99000 	C:\Windows\SYSTEM32\WSOCK32.dll
0x00007ff9e86a0000 - 0x00007ff9e870b000 	C:\Windows\System32\WS2_32.dll
0x00007ff9de1e0000 - 0x00007ff9de207000 	C:\Windows\SYSTEM32\WINMM.dll
0x00007ff9e2d50000 - 0x00007ff9e2d5a000 	C:\Windows\SYSTEM32\VERSION.dll
0x00007ff9e7480000 - 0x00007ff9e7492000 	C:\Windows\SYSTEM32\UMPDC.dll
0x00007ff9e5350000 - 0x00007ff9e5362000 	C:\Windows\SYSTEM32\kernel.appcore.dll
0x00007ff9d8c90000 - 0x00007ff9d8c9a000 	c:\Users\Dell\.vscode\extensions\redhat.java-1.28.1-win32-x64\jre\17.0.10-win32-x86_64\bin\jimage.dll
0x00007ff9d5880000 - 0x00007ff9d5a64000 	C:\Windows\SYSTEM32\DBGHELP.DLL
0x00007ff9e1c90000 - 0x00007ff9e1cc4000 	C:\Windows\SYSTEM32\dbgcore.DLL
0x00007ff9e7a40000 - 0x00007ff9e7ac2000 	C:\Windows\System32\bcryptPrimitives.dll
0x00007ff9d8c50000 - 0x00007ff9d8c5e000 	c:\Users\Dell\.vscode\extensions\redhat.java-1.28.1-win32-x64\jre\17.0.10-win32-x86_64\bin\instrument.dll
0x00007ff9cbfe0000 - 0x00007ff9cc005000 	c:\Users\Dell\.vscode\extensions\redhat.java-1.28.1-win32-x64\jre\17.0.10-win32-x86_64\bin\java.dll
0x00007ff9cbfc0000 - 0x00007ff9cbfd8000 	c:\Users\Dell\.vscode\extensions\redhat.java-1.28.1-win32-x64\jre\17.0.10-win32-x86_64\bin\zip.dll
0x00007ff9e9630000 - 0x00007ff9e9d9b000 	C:\Windows\System32\SHELL32.dll
0x00007ff9e5630000 - 0x00007ff9e5dce000 	C:\Windows\SYSTEM32\windows.storage.dll
0x00007ff9e9140000 - 0x00007ff9e9493000 	C:\Windows\System32\combase.dll
0x00007ff9e6e50000 - 0x00007ff9e6e7e000 	C:\Windows\SYSTEM32\Wldp.dll
0x00007ff9e8710000 - 0x00007ff9e87dd000 	C:\Windows\System32\OLEAUT32.dll
0x00007ff9e80f0000 - 0x00007ff9e819d000 	C:\Windows\System32\SHCORE.dll
0x00007ff9e8000000 - 0x00007ff9e8055000 	C:\Windows\System32\shlwapi.dll
0x00007ff9e74f0000 - 0x00007ff9e7515000 	C:\Windows\SYSTEM32\profapi.dll
0x00007ff9cbe90000 - 0x00007ff9cbea9000 	C:\Users\Dell\.vscode\extensions\redhat.java-1.28.1-win32-x64\jre\17.0.10-win32-x86_64\bin\net.dll
0x00007ff9e0370000 - 0x00007ff9e047a000 	C:\Windows\SYSTEM32\WINHTTP.dll
0x00007ff9e6c20000 - 0x00007ff9e6c8a000 	C:\Windows\system32\mswsock.dll
0x00007ff9cbe70000 - 0x00007ff9cbe86000 	C:\Users\Dell\.vscode\extensions\redhat.java-1.28.1-win32-x64\jre\17.0.10-win32-x86_64\bin\nio.dll
0x00007ff9d5c40000 - 0x00007ff9d5c50000 	c:\Users\Dell\.vscode\extensions\redhat.java-1.28.1-win32-x64\jre\17.0.10-win32-x86_64\bin\verify.dll
0x00007ff9c9cb0000 - 0x00007ff9c9cee000 	C:\Users\Dell\AppData\Roaming\Code\User\globalStorage\redhat.java\1.28.1\config_win\org.eclipse.equinox.launcher\org.eclipse.equinox.launcher.win32.win32.x86_64_1.2.900.v20240129-1338\eclipse_11900.dll
0x00007ff9e9da0000 - 0x00007ff9e9ecb000 	C:\Windows\System32\ole32.dll
0x00007ff9cc800000 - 0x00007ff9cc809000 	C:\Users\Dell\.vscode\extensions\redhat.java-1.28.1-win32-x64\jre\17.0.10-win32-x86_64\bin\management.dll
0x00007ff9cc620000 - 0x00007ff9cc62b000 	C:\Users\Dell\.vscode\extensions\redhat.java-1.28.1-win32-x64\jre\17.0.10-win32-x86_64\bin\management_ext.dll
0x00007ff9e80e0000 - 0x00007ff9e80e8000 	C:\Windows\System32\PSAPI.DLL
0x00007ff9e6ef0000 - 0x00007ff9e6f08000 	C:\Windows\SYSTEM32\CRYPTSP.dll
0x00007ff9e6570000 - 0x00007ff9e65a4000 	C:\Windows\system32\rsaenh.dll
0x00007ff9e7440000 - 0x00007ff9e746e000 	C:\Windows\SYSTEM32\USERENV.dll
0x00007ff9e6db0000 - 0x00007ff9e6dbc000 	C:\Windows\SYSTEM32\CRYPTBASE.dll
0x00007ff9e6930000 - 0x00007ff9e696b000 	C:\Windows\SYSTEM32\IPHLPAPI.DLL
0x00007ff9e84f0000 - 0x00007ff9e84f8000 	C:\Windows\System32\NSI.dll
0x00007ff9e1530000 - 0x00007ff9e1547000 	C:\Windows\SYSTEM32\dhcpcsvc6.DLL
0x00007ff9e17b0000 - 0x00007ff9e17cd000 	C:\Windows\SYSTEM32\dhcpcsvc.DLL
0x00007ff9e6970000 - 0x00007ff9e6a3b000 	C:\Windows\SYSTEM32\DNSAPI.dll
0x00007ff9c48c0000 - 0x00007ff9c4905000 	C:\Users\Dell\AppData\Local\Temp\jna-2094529\jna5873195671664368117.dll

dbghelp: loaded successfully - version: 4.0.5 - missing functions: none
symbol engine: initialized successfully - sym options: 0x614 - pdb path: .;c:\Users\Dell\.vscode\extensions\redhat.java-1.28.1-win32-x64\jre\17.0.10-win32-x86_64\bin;C:\Windows\SYSTEM32;C:\Windows\WinSxS\amd64_microsoft.windows.common-controls_6595b64144ccf1df_6.0.19041.3636_none_60b6a03d71f818d5;c:\Users\Dell\.vscode\extensions\redhat.java-1.28.1-win32-x64\jre\17.0.10-win32-x86_64\bin\server;C:\Users\Dell\AppData\Roaming\Code\User\globalStorage\redhat.java\1.28.1\config_win\org.eclipse.equinox.launcher\org.eclipse.equinox.launcher.win32.win32.x86_64_1.2.900.v20240129-1338;C:\Users\Dell\AppData\Local\Temp\jna-2094529

VM Arguments:
jvm_args: --add-modules=ALL-SYSTEM --add-opens=java.base/java.util=ALL-UNNAMED --add-opens=java.base/java.lang=ALL-UNNAMED --add-opens=java.base/sun.nio.fs=ALL-UNNAMED -Declipse.application=org.eclipse.jdt.ls.core.id1 -Dosgi.bundles.defaultStartLevel=4 -Declipse.product=org.eclipse.jdt.ls.core.product -Djava.import.generatesMetadataFilesAtProjectRoot=false -DDetectVMInstallationsJob.disabled=true -Dfile.encoding=utf8 -XX:+UseParallelGC -XX:GCTimeRatio=4 -XX:AdaptiveSizePolicyWeight=90 -Dsun.zip.disableMemoryMapping=true -Xmx1G -Xms100m -Xlog:disable -javaagent:c:\Users\Dell\.vscode\extensions\redhat.java-1.28.1-win32-x64\lombok\lombok-1.18.31.jar -XX:+HeapDumpOnOutOfMemoryError -XX:HeapDumpPath=c:\Users\Dell\AppData\Roaming\Code\User\workspaceStorage\d77688133bc9dfcb1443ad5b983b3a8c\redhat.java -Daether.dependencyCollector.impl=bf 
java_command: c:\Users\Dell\.vscode\extensions\redhat.java-1.28.1-win32-x64\server\plugins\org.eclipse.equinox.launcher_1.6.700.v20231214-2017.jar -configuration c:\Users\Dell\AppData\Roaming\Code\User\globalStorage\redhat.java\1.28.1\config_win -data c:\Users\Dell\AppData\Roaming\Code\User\workspaceStorage\d77688133bc9dfcb1443ad5b983b3a8c\redhat.java\jdt_ws --stdio
java_class_path (initial): c:\Users\Dell\.vscode\extensions\redhat.java-1.28.1-win32-x64\server\plugins\org.eclipse.equinox.launcher_1.6.700.v20231214-2017.jar
Launcher Type: SUN_STANDARD

[Global flags]
    uintx AdaptiveSizePolicyWeight                 = 90                                        {product} {command line}
     intx CICompilerCount                          = 3                                         {product} {ergonomic}
    uintx GCTimeRatio                              = 4                                         {product} {command line}
     bool HeapDumpOnOutOfMemoryError               = true                                   {manageable} {command line}
    ccstr HeapDumpPath                             = c:\Users\Dell\AppData\Roaming\Code\User\workspaceStorage\d77688133bc9dfcb1443ad5b983b3a8c\redhat.java         {manageable} {command line}
   size_t InitialHeapSize                          = 104857600                                 {product} {command line}
   size_t MaxHeapSize                              = 1073741824                                {product} {command line}
   size_t MaxNewSize                               = 357564416                                 {product} {ergonomic}
   size_t MinHeapDeltaBytes                        = 524288                                    {product} {ergonomic}
   size_t MinHeapSize                              = 104857600                                 {product} {command line}
   size_t NewSize                                  = 34603008                                  {product} {ergonomic}
    uintx NonNMethodCodeHeapSize                   = 5832780                                {pd product} {ergonomic}
    uintx NonProfiledCodeHeapSize                  = 122912730                              {pd product} {ergonomic}
   size_t OldSize                                  = 70254592                                  {product} {ergonomic}
    uintx ProfiledCodeHeapSize                     = 122912730                              {pd product} {ergonomic}
    uintx ReservedCodeCacheSize                    = 251658240                              {pd product} {ergonomic}
     bool SegmentedCodeCache                       = true                                      {product} {ergonomic}
   size_t SoftMaxHeapSize                          = 1073741824                             {manageable} {ergonomic}
     bool UseCompressedClassPointers               = true                           {product lp64_product} {ergonomic}
     bool UseCompressedOops                        = true                           {product lp64_product} {ergonomic}
     bool UseLargePagesIndividualAllocation        = false                                  {pd product} {ergonomic}
     bool UseParallelGC                            = true                                      {product} {command line}

Logging:
Log output configuration:
 #0: stdout all=off uptime,level,tags
 #1: stderr all=off uptime,level,tags

Environment Variables:
CLASSPATH=.;C:\Program Files (x86)\MySQL\Connector J 8.0\mysql-connector-j-8.0.33.jar
PATH=C:\Program Files (x86)\Common Files\Intel\Shared Libraries\redist\intel64\compiler;C:\Program Files\Common Files\Oracle\Java\javapath;C:\Windows\system32;C:\Windows;C:\Windows\System32\Wbem;C:\Windows\System32\WindowsPowerShell\v1.0\;C:\Windows\System32\OpenSSH\;C:\Program Files\dotnet\;C:\mingw64\bin;C:\Program Files (x86)\Tesseract-OCR;C:\Program Files\Git\cmd;C:\Program Files (x86)\nodejs\;C:\Program Files\gnuplot\bin;C:\Users\Dell\AppData\Local\Programs\Python\Python312\Scripts\;C:\Users\Dell\AppData\Local\Programs\Python\Python312\;C:\Users\Dell\AppData\Local\Programs\Python\Launcher\;C:\Users\Dell\AppData\Local\Programs\Python\Python311\Scripts\;C:\Users\Dell\AppData\Local\Programs\Python\Python311\;C:\Program Files\MySQL\MySQL Shell 8.0\bin\;C:\Users\Dell\AppData\Local\Microsoft\WindowsApps;C:\Users\Dell\AppData\Local\Programs\Microsoft VS Code\bin;C:\Users\Dell\AppData\Local\Programs\MiKTeX\miktex\bin\x64\;C:\Users\Dell\AppData\Roaming\npm
USERNAME=DELL
OS=Windows_NT
PROCESSOR_IDENTIFIER=Intel64 Family 6 Model 58 Stepping 9, GenuineIntel
TMP=C:\Users\Dell\AppData\Local\Temp
TEMP=C:\Users\Dell\AppData\Local\Temp



Periodic native trim disabled


---------------  S Y S T E M  ---------------

OS:
 Windows 10 , 64 bit Build 19041 (10.0.19041.3636)
OS uptime: 1 days 13:47 hours
Hyper-V role detected

CPU: total 4 (initial active 4) (2 cores per cpu, 2 threads per core) family 6 model 58 stepping 9 microcode 0x21, cx8, cmov, fxsr, ht, mmx, sse, sse2, sse3, ssse3, sse4.1, sse4.2, popcnt, tsc, tscinvbit, avx, aes, erms, clmul, vzeroupper, clflush, hv
Processor Information for all 4 processors :
  Max Mhz: 1801, Current Mhz: 1801, Mhz Limit: 1801

Memory: 4k page, system-wide physical 6013M (417M free)
TotalPageFile size 8061M (AvailPageFile size 61M)
current process WorkingSet (physical memory assigned to process): 170M, peak: 186M
current process commit charge ("private bytes"): 255M, peak: 271M

vm_info: OpenJDK 64-Bit Server VM (17.0.10+7) for windows-amd64 JRE (17.0.10+7), built on Jan 16 2024 23:25:11 by "admin" with MS VC++ 16.10 / 16.11 (VS2019)

END.
