#
# There is insufficient memory for the Java Runtime Environment to continue.
# Native memory allocation (malloc) failed to allocate 1048576 bytes for AllocateHeap
# Possible reasons:
#   The system is out of physical RAM or swap space
#   The process is running with CompressedOops enabled, and the Java Heap may be blocking the growth of the native heap
# Possible solutions:
#   Reduce memory load on the system
#   Increase physical memory or swap space
#   Check if swap backing store is full
#   Decrease Java heap size (-Xmx/-Xms)
#   Decrease number of Java threads
#   Decrease Java thread stack sizes (-Xss)
#   Set larger code cache with -XX:ReservedCodeCacheSize=
#   JVM is running with Unscaled Compressed Oops mode in which the Java heap is
#     placed in the first 4GB address space. The Java Heap base address is the
#     maximum limit for the native heap growth. Please use -XX:HeapBaseMinAddress
#     to set the Java Heap base and to place the Java Heap above 4GB virtual address.
# This output file may be truncated or incomplete.
#
#  Out of Memory Error (allocation.cpp:44), pid=13880, tid=13820
#
# JRE version:  (17.0.10+7) (build )
# Java VM: OpenJDK 64-Bit Server VM (17.0.10+7, mixed mode, tiered, compressed oops, compressed class ptrs, parallel gc, windows-amd64)
# No core dump will be written. Minidumps are not enabled by default on client versions of Windows
#

---------------  S U M M A R Y ------------

Command Line: --add-modules=ALL-SYSTEM --add-opens=java.base/java.util=ALL-UNNAMED --add-opens=java.base/java.lang=ALL-UNNAMED --add-opens=java.base/sun.nio.fs=ALL-UNNAMED -Declipse.application=org.eclipse.jdt.ls.core.id1 -Dosgi.bundles.defaultStartLevel=4 -Declipse.product=org.eclipse.jdt.ls.core.product -Djava.import.generatesMetadataFilesAtProjectRoot=false -DDetectVMInstallationsJob.disabled=true -Dfile.encoding=utf8 -XX:+UseParallelGC -XX:GCTimeRatio=4 -XX:AdaptiveSizePolicyWeight=90 -Dsun.zip.disableMemoryMapping=true -Xmx1G -Xms100m -Xlog:disable -javaagent:c:\Users\Dell\.vscode\extensions\redhat.java-1.28.1-win32-x64\lombok\lombok-1.18.31.jar -XX:+HeapDumpOnOutOfMemoryError -XX:HeapDumpPath=c:\Users\Dell\AppData\Roaming\Code\User\workspaceStorage\d77688133bc9dfcb1443ad5b983b3a8c\redhat.java -Daether.dependencyCollector.impl=bf c:\Users\Dell\.vscode\extensions\redhat.java-1.28.1-win32-x64\server\plugins\org.eclipse.equinox.launcher_1.6.700.v20231214-2017.jar -configuration c:\Users\Dell\AppData\Roaming\Code\User\globalStorage\redhat.java\1.28.1\config_win -data c:\Users\Dell\AppData\Roaming\Code\User\workspaceStorage\d77688133bc9dfcb1443ad5b983b3a8c\redhat.java\jdt_ws --stdio

Host: Intel(R) Core(TM) i5-3337U CPU @ 1.80GHz, 4 cores, 5G,  Windows 10 , 64 bit Build 19041 (10.0.19041.3636)
Time: Fri Mar 29 00:36:33 2024 India Standard Time elapsed time: 0.184340 seconds (0d 0h 0m 0s)

---------------  T H R E A D  ---------------

Current thread (0x0000019390890850):  JavaThread "Unknown thread" [_thread_in_vm, id=13820, stack(0x00000027c5f00000,0x00000027c6000000)]

Stack: [0x00000027c5f00000,0x00000027c6000000]
Native frames: (J=compiled Java code, j=interpreted, Vv=VM code, C=native code)
V  [jvm.dll+0x67d2c9]
V  [jvm.dll+0x834afa]
V  [jvm.dll+0x8365be]
V  [jvm.dll+0x836c23]
V  [jvm.dll+0x2477ff]
V  [jvm.dll+0xa6c93]
V  [jvm.dll+0x6afe5a]
V  [jvm.dll+0x6b0b4f]
V  [jvm.dll+0x689a43]
V  [jvm.dll+0x806a7b]
V  [jvm.dll+0x36c774]
V  [jvm.dll+0x7e4e06]
V  [jvm.dll+0x3eff3f]
V  [jvm.dll+0x3f1b71]
C  [jli.dll+0x528f]
C  [ucrtbase.dll+0x21bb2]
C  [KERNEL32.DLL+0x17344]
C  [ntdll.dll+0x526b1]


---------------  P R O C E S S  ---------------

Threads class SMR info:
_java_thread_list=0x00007ff98c20ee98, length=0, elements={
}

Java Threads: ( => current thread )

Other Threads:
  0x00000193908a54a0 GCTaskThread "GC Thread#0" [stack: 0x00000027c6000000,0x00000027c6100000] [id=9416]

=>0x0000019390890850 (exited) JavaThread "Unknown thread" [_thread_in_vm, id=13820, stack(0x00000027c5f00000,0x00000027c6000000)]

Threads with active compile tasks:

VM state: not at safepoint (normal execution)

VM Mutex/Monitor currently owned by a thread: None

Heap address: 0x00000000c0000000, size: 1024 MB, Compressed Oops mode: 32-bit

CDS archive(s) not mapped
Compressed class space mapped at: 0x0000000100000000-0x0000000140000000, reserved size: 1073741824
Narrow klass base: 0x0000000000000000, Narrow klass shift: 3, Narrow klass range: 0x140000000

GC Precious Log:
 CPUs: 4 total, 4 available
 Memory: 6013M
 Large Page Support: Disabled
 NUMA Support: Disabled
 Compressed Oops: Enabled (32-bit)
 Alignments: Space 512K, Generation 512K, Heap 2M
 Heap Min Capacity: 100M
 Heap Initial Capacity: 100M
 Heap Max Capacity: 1G
 Pre-touch: Disabled
 Parallel Workers: 4

Heap:
 PSYoungGen      total 29696K, used 512K [0x00000000eab00000, 0x00000000ecc00000, 0x0000000100000000)
  eden space 25600K, 2% used [0x00000000eab00000,0x00000000eab80070,0x00000000ec400000)
  from space 4096K, 0% used [0x00000000ec800000,0x00000000ec800000,0x00000000ecc00000)
  to   space 4096K, 0% used [0x00000000ec400000,0x00000000ec400000,0x00000000ec800000)
 ParOldGen       total 68608K, used 0K [0x00000000c0000000, 0x00000000c4300000, 0x00000000eab00000)
  object space 68608K, 0% used [0x00000000c0000000,0x00000000c0000000,0x00000000c4300000)
 Metaspace       used 1149K, committed 1216K, reserved 1114112K
  class space    used 101K, committed 128K, reserved 1048576K

Card table byte_map: [0x0000019390230000,0x0000019390440000] _byte_map_base: 0x000001938fc30000

Marking Bits: (ParMarkBitMap*) 0x00007ff98c27d7d0
 Begin Bits: [0x00000193a2530000, 0x00000193a3530000)
 End Bits:   [0x00000193a3530000, 0x00000193a4530000)

Polling page: 0x000001938e610000

Metaspace:

Usage:
  Non-class:      1.02 MB used.
      Class:    101.05 KB used.
       Both:      1.12 MB used.

Virtual space:
  Non-class space:       64.00 MB reserved,       1.06 MB (  2%) committed,  1 nodes.
      Class space:        1.00 GB reserved,     128.00 KB ( <1%) committed,  1 nodes.
             Both:        1.06 GB reserved,       1.19 MB ( <1%) committed. 

Chunk freelists:
   Non-Class:  12.00 MB
       Class:  15.75 MB
        Both:  27.75 MB

MaxMetaspaceSize: unlimited
CompressedClassSpaceSize: 1.00 GB
Initial GC threshold: 21.00 MB
Current GC threshold: 17179869184.00 GB
CDS: off
MetaspaceReclaimPolicy: balanced
 - commit_granule_bytes: 65536.
 - commit_granule_words: 8192.
 - virtual_space_node_default_size: 8388608.
 - enlarge_chunks_in_place: 1.
 - new_chunks_are_fully_committed: 0.
 - uncommit_free_chunks: 1.
 - use_allocation_guard: 0.
 - handle_deallocations: 1.


Internal statistics:

num_allocs_failed_limit: 0.
num_arena_births: 2.
num_arena_deaths: 0.
num_vsnodes_births: 2.
num_vsnodes_deaths: 0.
num_space_committed: 19.
num_space_uncommitted: 0.
num_chunks_returned_to_freelist: 0.
num_chunks_taken_from_freelist: 3.
num_chunk_merges: 0.
num_chunk_splits: 2.
num_chunks_enlarged: 0.
num_inconsistent_stats: 0.

CodeHeap 'non-profiled nmethods': size=120000Kb used=0Kb max_used=0Kb free=120000Kb
 bounds [0x000001939b000000, 0x000001939b270000, 0x00000193a2530000]
CodeHeap 'profiled nmethods': size=120000Kb used=0Kb max_used=0Kb free=120000Kb
 bounds [0x0000019393530000, 0x00000193937a0000, 0x000001939aa60000]
CodeHeap 'non-nmethods': size=5760Kb used=202Kb max_used=353Kb free=5557Kb
 bounds [0x000001939aa60000, 0x000001939acd0000, 0x000001939b000000]
 total_blobs=66 nmethods=0 adapters=47
 compilation: enabled
              stopped_count=0, restarted_count=0
 full_count=0

Compilation events (0 events):
No events

GC Heap History (0 events):
No events

Dll operation events (1 events):
Event: 0.015 Loaded shared library c:\Users\Dell\.vscode\extensions\redhat.java-1.28.1-win32-x64\jre\17.0.10-win32-x86_64\bin\java.dll

Deoptimization events (0 events):
No events

Classes unloaded (0 events):
No events

Classes redefined (0 events):
No events

Internal exceptions (0 events):
No events

VM Operations (0 events):
No events

Events (20 events):
Event: 0.100 loading class java/lang/Long
Event: 0.100 loading class java/lang/Long done
Event: 0.100 loading class java/util/Iterator
Event: 0.100 loading class java/util/Iterator done
Event: 0.100 loading class java/lang/reflect/RecordComponent
Event: 0.101 loading class java/lang/reflect/RecordComponent done
Event: 0.101 loading class jdk/internal/vm/vector/VectorSupport
Event: 0.101 loading class jdk/internal/vm/vector/VectorSupport done
Event: 0.101 loading class jdk/internal/vm/vector/VectorSupport$VectorPayload
Event: 0.101 loading class jdk/internal/vm/vector/VectorSupport$VectorPayload done
Event: 0.101 loading class jdk/internal/vm/vector/VectorSupport$Vector
Event: 0.101 loading class jdk/internal/vm/vector/VectorSupport$Vector done
Event: 0.101 loading class jdk/internal/vm/vector/VectorSupport$VectorMask
Event: 0.101 loading class jdk/internal/vm/vector/VectorSupport$VectorMask done
Event: 0.101 loading class jdk/internal/vm/vector/VectorSupport$VectorShuffle
Event: 0.101 loading class jdk/internal/vm/vector/VectorSupport$VectorShuffle done
Event: 0.106 loading class java/lang/NullPointerException
Event: 0.106 loading class java/lang/NullPointerException done
Event: 0.106 loading class java/lang/ArithmeticException
Event: 0.106 loading class java/lang/ArithmeticException done


Dynamic libraries:
0x00007ff794890000 - 0x00007ff79489e000 	c:\Users\Dell\.vscode\extensions\redhat.java-1.28.1-win32-x64\jre\17.0.10-win32-x86_64\bin\java.exe
0x00007ff9e9f10000 - 0x00007ff9ea108000 	C:\Windows\SYSTEM32\ntdll.dll
0x00007ff9e7f40000 - 0x00007ff9e7ffd000 	C:\Windows\System32\KERNEL32.DLL
0x00007ff9e7710000 - 0x00007ff9e7a06000 	C:\Windows\System32\KERNELBASE.dll
0x00007ff9e7c40000 - 0x00007ff9e7d40000 	C:\Windows\System32\ucrtbase.dll
0x00007ff9d8cf0000 - 0x00007ff9d8d07000 	c:\Users\Dell\.vscode\extensions\redhat.java-1.28.1-win32-x64\jre\17.0.10-win32-x86_64\bin\jli.dll
0x00007ff9e8500000 - 0x00007ff9e869e000 	C:\Windows\System32\USER32.dll
0x00007ff9e7a10000 - 0x00007ff9e7a32000 	C:\Windows\System32\win32u.dll
0x00007ff9e94a0000 - 0x00007ff9e94cb000 	C:\Windows\System32\GDI32.dll
0x00007ff9e7ad0000 - 0x00007ff9e7be7000 	C:\Windows\System32\gdi32full.dll
0x00007ff9e7d40000 - 0x00007ff9e7ddd000 	C:\Windows\System32\msvcp_win.dll
0x00007ff9d8cd0000 - 0x00007ff9d8ceb000 	c:\Users\Dell\.vscode\extensions\redhat.java-1.28.1-win32-x64\jre\17.0.10-win32-x86_64\bin\VCRUNTIME140.dll
0x00007ff9db480000 - 0x00007ff9db71a000 	C:\Windows\WinSxS\amd64_microsoft.windows.common-controls_6595b64144ccf1df_6.0.19041.3636_none_60b6a03d71f818d5\COMCTL32.dll
0x00007ff9e94d0000 - 0x00007ff9e956e000 	C:\Windows\System32\msvcrt.dll
0x00007ff9e8930000 - 0x00007ff9e8962000 	C:\Windows\System32\IMM32.DLL
0x00007ff9e3200000 - 0x00007ff9e320c000 	c:\Users\Dell\.vscode\extensions\redhat.java-1.28.1-win32-x64\jre\17.0.10-win32-x86_64\bin\vcruntime140_1.dll
0x00007ff9cc630000 - 0x00007ff9cc6bd000 	c:\Users\Dell\.vscode\extensions\redhat.java-1.28.1-win32-x64\jre\17.0.10-win32-x86_64\bin\msvcp140.dll
0x00007ff98b6e0000 - 0x00007ff98c342000 	c:\Users\Dell\.vscode\extensions\redhat.java-1.28.1-win32-x64\jre\17.0.10-win32-x86_64\bin\server\jvm.dll
0x00007ff9e8390000 - 0x00007ff9e8440000 	C:\Windows\System32\ADVAPI32.dll
0x00007ff9e9590000 - 0x00007ff9e9630000 	C:\Windows\System32\sechost.dll
0x00007ff9e81a0000 - 0x00007ff9e82c5000 	C:\Windows\System32\RPCRT4.dll
0x00007ff9e75c0000 - 0x00007ff9e75e7000 	C:\Windows\System32\bcrypt.dll
0x00007ff9e74a0000 - 0x00007ff9e74eb000 	C:\Windows\SYSTEM32\POWRPROF.dll
0x00007ff9dec90000 - 0x00007ff9dec99000 	C:\Windows\SYSTEM32\WSOCK32.dll
0x00007ff9e86a0000 - 0x00007ff9e870b000 	C:\Windows\System32\WS2_32.dll
0x00007ff9de1e0000 - 0x00007ff9de207000 	C:\Windows\SYSTEM32\WINMM.dll
0x00007ff9e2d50000 - 0x00007ff9e2d5a000 	C:\Windows\SYSTEM32\VERSION.dll
0x00007ff9e7480000 - 0x00007ff9e7492000 	C:\Windows\SYSTEM32\UMPDC.dll
0x00007ff9e5350000 - 0x00007ff9e5362000 	C:\Windows\SYSTEM32\kernel.appcore.dll
0x00007ff9d8c90000 - 0x00007ff9d8c9a000 	c:\Users\Dell\.vscode\extensions\redhat.java-1.28.1-win32-x64\jre\17.0.10-win32-x86_64\bin\jimage.dll
0x00007ff9d5880000 - 0x00007ff9d5a64000 	C:\Windows\SYSTEM32\DBGHELP.DLL
0x00007ff9e1c90000 - 0x00007ff9e1cc4000 	C:\Windows\SYSTEM32\dbgcore.DLL
0x00007ff9e7a40000 - 0x00007ff9e7ac2000 	C:\Windows\System32\bcryptPrimitives.dll
0x00007ff9d8c50000 - 0x00007ff9d8c5e000 	c:\Users\Dell\.vscode\extensions\redhat.java-1.28.1-win32-x64\jre\17.0.10-win32-x86_64\bin\instrument.dll
0x00007ff9cbfe0000 - 0x00007ff9cc005000 	c:\Users\Dell\.vscode\extensions\redhat.java-1.28.1-win32-x64\jre\17.0.10-win32-x86_64\bin\java.dll
0x00007ff9cbfc0000 - 0x00007ff9cbfd8000 	c:\Users\Dell\.vscode\extensions\redhat.java-1.28.1-win32-x64\jre\17.0.10-win32-x86_64\bin\zip.dll

dbghelp: loaded successfully - version: 4.0.5 - missing functions: none
symbol engine: initialized successfully - sym options: 0x614 - pdb path: .;c:\Users\Dell\.vscode\extensions\redhat.java-1.28.1-win32-x64\jre\17.0.10-win32-x86_64\bin;C:\Windows\SYSTEM32;C:\Windows\WinSxS\amd64_microsoft.windows.common-controls_6595b64144ccf1df_6.0.19041.3636_none_60b6a03d71f818d5;c:\Users\Dell\.vscode\extensions\redhat.java-1.28.1-win32-x64\jre\17.0.10-win32-x86_64\bin\server

VM Arguments:
jvm_args: --add-modules=ALL-SYSTEM --add-opens=java.base/java.util=ALL-UNNAMED --add-opens=java.base/java.lang=ALL-UNNAMED --add-opens=java.base/sun.nio.fs=ALL-UNNAMED -Declipse.application=org.eclipse.jdt.ls.core.id1 -Dosgi.bundles.defaultStartLevel=4 -Declipse.product=org.eclipse.jdt.ls.core.product -Djava.import.generatesMetadataFilesAtProjectRoot=false -DDetectVMInstallationsJob.disabled=true -Dfile.encoding=utf8 -XX:+UseParallelGC -XX:GCTimeRatio=4 -XX:AdaptiveSizePolicyWeight=90 -Dsun.zip.disableMemoryMapping=true -Xmx1G -Xms100m -Xlog:disable -javaagent:c:\Users\Dell\.vscode\extensions\redhat.java-1.28.1-win32-x64\lombok\lombok-1.18.31.jar -XX:+HeapDumpOnOutOfMemoryError -XX:HeapDumpPath=c:\Users\Dell\AppData\Roaming\Code\User\workspaceStorage\d77688133bc9dfcb1443ad5b983b3a8c\redhat.java -Daether.dependencyCollector.impl=bf 
java_command: c:\Users\Dell\.vscode\extensions\redhat.java-1.28.1-win32-x64\server\plugins\org.eclipse.equinox.launcher_1.6.700.v20231214-2017.jar -configuration c:\Users\Dell\AppData\Roaming\Code\User\globalStorage\redhat.java\1.28.1\config_win -data c:\Users\Dell\AppData\Roaming\Code\User\workspaceStorage\d77688133bc9dfcb1443ad5b983b3a8c\redhat.java\jdt_ws --stdio
java_class_path (initial): c:\Users\Dell\.vscode\extensions\redhat.java-1.28.1-win32-x64\server\plugins\org.eclipse.equinox.launcher_1.6.700.v20231214-2017.jar
Launcher Type: SUN_STANDARD

[Global flags]
    uintx AdaptiveSizePolicyWeight                 = 90                                        {product} {command line}
     intx CICompilerCount                          = 3                                         {product} {ergonomic}
    uintx GCTimeRatio                              = 4                                         {product} {command line}
     bool HeapDumpOnOutOfMemoryError               = true                                   {manageable} {command line}
    ccstr HeapDumpPath                             = c:\Users\Dell\AppData\Roaming\Code\User\workspaceStorage\d77688133bc9dfcb1443ad5b983b3a8c\redhat.java         {manageable} {command line}
   size_t InitialHeapSize                          = 104857600                                 {product} {command line}
   size_t MaxHeapSize                              = 1073741824                                {product} {command line}
   size_t MaxNewSize                               = 357564416                                 {product} {ergonomic}
   size_t MinHeapDeltaBytes                        = 524288                                    {product} {ergonomic}
   size_t MinHeapSize                              = 104857600                                 {product} {command line}
   size_t NewSize                                  = 34603008                                  {product} {ergonomic}
    uintx NonNMethodCodeHeapSize                   = 5832780                                {pd product} {ergonomic}
    uintx NonProfiledCodeHeapSize                  = 122912730                              {pd product} {ergonomic}
   size_t OldSize                                  = 70254592                                  {product} {ergonomic}
    uintx ProfiledCodeHeapSize                     = 122912730                              {pd product} {ergonomic}
    uintx ReservedCodeCacheSize                    = 251658240                              {pd product} {ergonomic}
     bool SegmentedCodeCache                       = true                                      {product} {ergonomic}
   size_t SoftMaxHeapSize                          = 1073741824                             {manageable} {ergonomic}
     bool UseCompressedClassPointers               = true                           {product lp64_product} {ergonomic}
     bool UseCompressedOops                        = true                           {product lp64_product} {ergonomic}
     bool UseLargePagesIndividualAllocation        = false                                  {pd product} {ergonomic}
     bool UseParallelGC                            = true                                      {product} {command line}

Logging:
Log output configuration:
 #0: stdout all=off uptime,level,tags
 #1: stderr all=off uptime,level,tags

Environment Variables:
CLASSPATH=.;C:\Program Files (x86)\MySQL\Connector J 8.0\mysql-connector-j-8.0.33.jar
PATH=C:\Program Files (x86)\Common Files\Intel\Shared Libraries\redist\intel64\compiler;C:\Program Files\Common Files\Oracle\Java\javapath;C:\Windows\system32;C:\Windows;C:\Windows\System32\Wbem;C:\Windows\System32\WindowsPowerShell\v1.0\;C:\Windows\System32\OpenSSH\;C:\Program Files\dotnet\;C:\mingw64\bin;C:\Program Files (x86)\Tesseract-OCR;C:\Program Files\Git\cmd;C:\Program Files (x86)\nodejs\;C:\Program Files\gnuplot\bin;C:\Users\Dell\AppData\Local\Programs\Python\Python312\Scripts\;C:\Users\Dell\AppData\Local\Programs\Python\Python312\;C:\Users\Dell\AppData\Local\Programs\Python\Launcher\;C:\Users\Dell\AppData\Local\Programs\Python\Python311\Scripts\;C:\Users\Dell\AppData\Local\Programs\Python\Python311\;C:\Program Files\MySQL\MySQL Shell 8.0\bin\;C:\Users\Dell\AppData\Local\Microsoft\WindowsApps;C:\Users\Dell\AppData\Local\Programs\Microsoft VS Code\bin;C:\Users\Dell\AppData\Local\Programs\MiKTeX\miktex\bin\x64\;C:\Users\Dell\AppData\Roaming\npm
USERNAME=DELL
OS=Windows_NT
PROCESSOR_IDENTIFIER=Intel64 Family 6 Model 58 Stepping 9, GenuineIntel
TMP=C:\Users\Dell\AppData\Local\Temp
TEMP=C:\Users\Dell\AppData\Local\Temp



Periodic native trim disabled


---------------  S Y S T E M  ---------------

OS:
 Windows 10 , 64 bit Build 19041 (10.0.19041.3636)
OS uptime: 1 days 13:48 hours
Hyper-V role detected

CPU: total 4 (initial active 4) (2 cores per cpu, 2 threads per core) family 6 model 58 stepping 9 microcode 0x21, cx8, cmov, fxsr, ht, mmx, sse, sse2, sse3, ssse3, sse4.1, sse4.2, popcnt, tsc, tscinvbit, avx, aes, erms, clmul, vzeroupper, clflush, hv
Processor Information for all 4 processors :
  Max Mhz: 1801, Current Mhz: 1801, Mhz Limit: 1801

Memory: 4k page, system-wide physical 6013M (566M free)
TotalPageFile size 8061M (AvailPageFile size 18M)
current process WorkingSet (physical memory assigned to process): 15M, peak: 15M
current process commit charge ("private bytes"): 150M, peak: 151M

vm_info: OpenJDK 64-Bit Server VM (17.0.10+7) for windows-amd64 JRE (17.0.10+7), built on Jan 16 2024 23:25:11 by "admin" with MS VC++ 16.10 / 16.11 (VS2019)

END.
