#
# There is insufficient memory for the Java Runtime Environment to continue.
# Native memory allocation (mmap) failed to map 65536 bytes for Failed to commit metaspace.
# Possible reasons:
#   The system is out of physical RAM or swap space
#   The process is running with CompressedOops enabled, and the Java Heap may be blocking the growth of the native heap
# Possible solutions:
#   Reduce memory load on the system
#   Increase physical memory or swap space
#   Check if swap backing store is full
#   Decrease Java heap size (-Xmx/-Xms)
#   Decrease number of Java threads
#   Decrease Java thread stack sizes (-Xss)
#   Set larger code cache with -XX:ReservedCodeCacheSize=
#   JVM is running with Unscaled Compressed Oops mode in which the Java heap is
#     placed in the first 4GB address space. The Java Heap base address is the
#     maximum limit for the native heap growth. Please use -XX:HeapBaseMinAddress
#     to set the Java Heap base and to place the Java Heap above 4GB virtual address.
# This output file may be truncated or incomplete.
#
#  Out of Memory Error (virtualSpaceNode.cpp:110), pid=14740, tid=16052
#
# JRE version: OpenJDK Runtime Environment Temurin-17.0.10+7 (17.0.10+7) (build 17.0.10+7)
# Java VM: OpenJDK 64-Bit Server VM Temurin-17.0.10+7 (17.0.10+7, mixed mode, tiered, compressed oops, compressed class ptrs, parallel gc, windows-amd64)
# No core dump will be written. Minidumps are not enabled by default on client versions of Windows
#

---------------  S U M M A R Y ------------

Command Line: --add-modules=ALL-SYSTEM --add-opens=java.base/java.util=ALL-UNNAMED --add-opens=java.base/java.lang=ALL-UNNAMED --add-opens=java.base/sun.nio.fs=ALL-UNNAMED -Declipse.application=org.eclipse.jdt.ls.core.id1 -Dosgi.bundles.defaultStartLevel=4 -Declipse.product=org.eclipse.jdt.ls.core.product -Djava.import.generatesMetadataFilesAtProjectRoot=false -DDetectVMInstallationsJob.disabled=true -Dfile.encoding=utf8 -XX:+UseParallelGC -XX:GCTimeRatio=4 -XX:AdaptiveSizePolicyWeight=90 -Dsun.zip.disableMemoryMapping=true -Xmx1G -Xms100m -Xlog:disable -javaagent:c:\Users\Dell\.vscode\extensions\redhat.java-1.28.1-win32-x64\lombok\lombok-1.18.31.jar c:\Users\Dell\.vscode\extensions\redhat.java-1.28.1-win32-x64\server\plugins\org.eclipse.equinox.launcher_1.6.700.v20231214-2017.jar -configuration c:\Users\Dell\AppData\Roaming\Code\User\globalStorage\redhat.java\1.28.1\config_ss_win -data c:\Users\Dell\AppData\Roaming\Code\User\workspaceStorage\d77688133bc9dfcb1443ad5b983b3a8c\redhat.java\ss_ws --stdio

Host: Intel(R) Core(TM) i5-3337U CPU @ 1.80GHz, 4 cores, 5G,  Windows 10 , 64 bit Build 19041 (10.0.19041.3636)
Time: Fri Mar 29 00:36:33 2024 India Standard Time elapsed time: 8.213186 seconds (0d 0h 0m 8s)

---------------  T H R E A D  ---------------

Current thread (0x0000018e4b39de80):  JavaThread "Start Level: Equinox Container: d00f4bfb-67d2-425d-8075-7e7e265cf8c0" daemon [_thread_in_vm, id=16052, stack(0x0000007ce8b00000,0x0000007ce8c00000)]

Stack: [0x0000007ce8b00000,0x0000007ce8c00000]
Native frames: (J=compiled Java code, j=interpreted, Vv=VM code, C=native code)
V  [jvm.dll+0x67d2c9]
V  [jvm.dll+0x834afa]
V  [jvm.dll+0x8365be]
V  [jvm.dll+0x836c23]
V  [jvm.dll+0x2477ff]
V  [jvm.dll+0x8307bb]
V  [jvm.dll+0x621d16]
V  [jvm.dll+0x1c183e]
V  [jvm.dll+0x624671]
V  [jvm.dll+0x6226b6]
V  [jvm.dll+0x23d116]
V  [jvm.dll+0x1ec25b]
V  [jvm.dll+0x1e1c01]
V  [jvm.dll+0x5427ce]
V  [jvm.dll+0x7aed0d]
V  [jvm.dll+0x7aec6a]
V  [jvm.dll+0x410f8e]
V  [jvm.dll+0x42470c]
C  [java.dll+0x1657]

Java frames: (J=compiled Java code, j=interpreted, Vv=VM code)
j  java.lang.ClassLoader.defineClass0(Ljava/lang/ClassLoader;Ljava/lang/Class;Ljava/lang/String;[BIILjava/security/ProtectionDomain;ZILjava/lang/Object;)Ljava/lang/Class;+0 java.base@17.0.10
j  java.lang.System$2.defineClass(Ljava/lang/ClassLoader;Ljava/lang/Class;Ljava/lang/String;[BLjava/security/ProtectionDomain;ZILjava/lang/Object;)Ljava/lang/Class;+17 java.base@17.0.10
j  java.lang.invoke.MethodHandles$Lookup$ClassDefiner.defineClass(ZLjava/lang/Object;)Ljava/lang/Class;+54 java.base@17.0.10
j  java.lang.invoke.InvokerBytecodeGenerator.loadMethod([B)Ljava/lang/invoke/MemberName;+16 java.base@17.0.10
j  java.lang.invoke.InvokerBytecodeGenerator.generateCustomizedCode(Ljava/lang/invoke/LambdaForm;Ljava/lang/invoke/MethodType;)Ljava/lang/invoke/MemberName;+30 java.base@17.0.10
j  java.lang.invoke.LambdaForm.compileToBytecode()V+69 java.base@17.0.10
j  java.lang.invoke.Invokers.invokeHandleForm(Ljava/lang/invoke/MethodType;ZI)Ljava/lang/invoke/LambdaForm;+641 java.base@17.0.10
j  java.lang.invoke.Invokers.methodHandleInvokeLinkerMethod(Ljava/lang/String;Ljava/lang/invoke/MethodType;[Ljava/lang/Object;)Ljava/lang/invoke/MemberName;+144 java.base@17.0.10
j  java.lang.invoke.MethodHandleNatives.linkMethodImpl(Ljava/lang/Class;ILjava/lang/Class;Ljava/lang/String;Ljava/lang/Object;[Ljava/lang/Object;)Ljava/lang/invoke/MemberName;+20 java.base@17.0.10
j  java.lang.invoke.MethodHandleNatives.linkMethod(Ljava/lang/Class;ILjava/lang/Class;Ljava/lang/String;Ljava/lang/Object;[Ljava/lang/Object;)Ljava/lang/invoke/MemberName;+14 java.base@17.0.10
v  ~StubRoutines::call_stub
j  java.lang.invoke.BootstrapMethodInvoker.invoke(Ljava/lang/Class;Ljava/lang/invoke/MethodHandle;Ljava/lang/String;Ljava/lang/Object;Ljava/lang/Object;Ljava/lang/Class;)Ljava/lang/Object;+462 java.base@17.0.10
j  java.lang.invoke.CallSite.makeSite(Ljava/lang/invoke/MethodHandle;Ljava/lang/String;Ljava/lang/invoke/MethodType;Ljava/lang/Object;Ljava/lang/Class;)Ljava/lang/invoke/CallSite;+8 java.base@17.0.10
j  java.lang.invoke.MethodHandleNatives.linkCallSiteImpl(Ljava/lang/Class;Ljava/lang/invoke/MethodHandle;Ljava/lang/String;Ljava/lang/invoke/MethodType;Ljava/lang/Object;[Ljava/lang/Object;)Ljava/lang/invoke/MemberName;+6 java.base@17.0.10
j  java.lang.invoke.MethodHandleNatives.linkCallSite(Ljava/lang/Object;ILjava/lang/Object;Ljava/lang/Object;Ljava/lang/Object;Ljava/lang/Object;[Ljava/lang/Object;)Ljava/lang/invoke/MemberName;+46 java.base@17.0.10
v  ~StubRoutines::call_stub
j  java.util.Comparator.comparing(Ljava/util/function/Function;)Ljava/util/Comparator;+6 java.base@17.0.10
j  org.eclipse.core.internal.runtime.InternalPlatform.<clinit>()V+103
v  ~StubRoutines::call_stub
j  org.eclipse.core.internal.runtime.PlatformActivator.start(Lorg/osgi/framework/BundleContext;)V+4
j  org.eclipse.osgi.internal.framework.BundleContextImpl$2.run()Ljava/lang/Void;+23
j  org.eclipse.osgi.internal.framework.BundleContextImpl$2.run()Ljava/lang/Object;+1
J 891 c1 java.security.AccessController.executePrivileged(Ljava/security/PrivilegedExceptionAction;Ljava/security/AccessControlContext;Ljava/lang/Class;)Ljava/lang/Object; java.base@17.0.10 (65 bytes) @ 0x0000018e3432d6b4 [0x0000018e3432d560+0x0000000000000154]
j  java.security.AccessController.doPrivileged(Ljava/security/PrivilegedExceptionAction;)Ljava/lang/Object;+9 java.base@17.0.10
j  org.eclipse.osgi.internal.framework.BundleContextImpl.startActivator(Lorg/osgi/framework/BundleActivator;)V+9
j  org.eclipse.osgi.internal.framework.BundleContextImpl.start()V+134
j  org.eclipse.osgi.internal.framework.EquinoxBundle.startWorker0()V+35
j  org.eclipse.osgi.internal.framework.EquinoxBundle$EquinoxModule.startWorker()V+4
j  org.eclipse.osgi.container.Module.doStart([Lorg/eclipse/osgi/container/Module$StartOptions;)Lorg/eclipse/osgi/container/ModuleContainerAdaptor$ModuleEvent;+190
j  org.eclipse.osgi.container.Module.start([Lorg/eclipse/osgi/container/Module$StartOptions;)V+460
j  org.eclipse.osgi.container.ModuleContainer$ContainerStartLevel$2.run()V+71
j  org.eclipse.osgi.internal.framework.EquinoxContainerAdaptor$1$1.execute(Ljava/lang/Runnable;)V+1
j  org.eclipse.osgi.container.ModuleContainer$ContainerStartLevel.incStartLevel(ILjava/util/List;Z)V+193
j  org.eclipse.osgi.container.ModuleContainer$ContainerStartLevel.incStartLevel(ILjava/util/List;Ljava/util/List;Ljava/util/List;Ljava/util/List;)V+19
j  org.eclipse.osgi.container.ModuleContainer$ContainerStartLevel.doContainerStartLevel(Lorg/eclipse/osgi/container/Module;I[Lorg/osgi/framework/FrameworkListener;)V+349
j  org.eclipse.osgi.container.ModuleContainer$ContainerStartLevel.dispatchEvent(Lorg/eclipse/osgi/container/Module;[Lorg/osgi/framework/FrameworkListener;ILjava/lang/Integer;)V+32
j  org.eclipse.osgi.container.ModuleContainer$ContainerStartLevel.dispatchEvent(Ljava/lang/Object;Ljava/lang/Object;ILjava/lang/Object;)V+15
j  org.eclipse.osgi.framework.eventmgr.EventManager.dispatchEvent(Ljava/util/Set;Lorg/eclipse/osgi/framework/eventmgr/EventDispatcher;ILjava/lang/Object;)V+48
j  org.eclipse.osgi.framework.eventmgr.EventManager$EventThread.run()V+26
v  ~StubRoutines::call_stub

Compiled method (c1)    8383  891       3       java.security.AccessController::executePrivileged (65 bytes)
 total in heap  [0x0000018e3432d390,0x0000018e3432d978] = 1512
 relocation     [0x0000018e3432d4e8,0x0000018e3432d548] = 96
 main code      [0x0000018e3432d560,0x0000018e3432d800] = 672
 stub code      [0x0000018e3432d800,0x0000018e3432d858] = 88
 metadata       [0x0000018e3432d858,0x0000018e3432d868] = 16
 scopes data    [0x0000018e3432d868,0x0000018e3432d8e0] = 120
 scopes pcs     [0x0000018e3432d8e0,0x0000018e3432d960] = 128
 dependencies   [0x0000018e3432d960,0x0000018e3432d968] = 8
 nul chk table  [0x0000018e3432d968,0x0000018e3432d978] = 16

[Constant Pool (empty)]

[MachCode]
[Verified Entry Point]
  # {method} {0x0000018e46030fe8} 'executePrivileged' '(Ljava/security/PrivilegedExceptionAction;Ljava/security/AccessControlContext;Ljava/lang/Class;)Ljava/lang/Object;' in 'java/security/AccessController'
  # parm0:    rdx:rdx   = 'java/security/PrivilegedExceptionAction'
  # parm1:    r8:r8     = 'java/security/AccessControlContext'
  # parm2:    r9:r9     = 'java/lang/Class'
  #           [sp+0x50]  (sp of caller)
  0x0000018e3432d560: 8984 2400 | 90ff ff55 | 4883 ec40 | 4c89 4424 

  0x0000018e3432d570: ;   {metadata(method data for {method} {0x0000018e46030fe8} 'executePrivileged' '(Ljava/security/PrivilegedExceptionAction;Ljava/security/AccessControlContext;Ljava/lang/Class;)Ljava/lang/Object;' in 'java/security/AccessController')}
  0x0000018e3432d570: 3048 be90 | 659b 468e | 0100 008b | becc 0000 | 0083 c702 | 89be cc00 | 0000 81e7 | fe07 0000 
  0x0000018e3432d590: 83ff 000f | 84b7 0100 | 0049 83f8 

  0x0000018e3432d59c: ;   {metadata(method data for {method} {0x0000018e46030fe8} 'executePrivileged' '(Ljava/security/PrivilegedExceptionAction;Ljava/security/AccessControlContext;Ljava/lang/Class;)Ljava/lang/Object;' in 'java/security/AccessController')}
  0x0000018e3432d59c: 0048 be90 | 659b 468e | 0100 0048 | bf10 0100 | 0000 0000 | 000f 840a | 0000 0048 | bf20 0100 
  0x0000018e3432d5bc: 0000 0000 | 0048 8b1c | 3e48 8d5b | 0148 891c | 3e4c 894c | 2428 4889 | 5424 200f | 841f 0000 
  0x0000018e3432d5dc: ;   {metadata(method data for {method} {0x0000018e46030fe8} 'executePrivileged' '(Ljava/security/PrivilegedExceptionAction;Ljava/security/AccessControlContext;Ljava/lang/Class;)Ljava/lang/Object;' in 'java/security/AccessController')}
  0x0000018e3432d5dc: 0048 be90 | 659b 468e | 0100 0048 | 8386 3001 | 0000 0149 | 8bd0 0f1f 

  0x0000018e3432d5f4: ;   {static_call}
  0x0000018e3432d5f4: 4400 00e8 

  0x0000018e3432d5f8: ; ImmutableOopMap {[32]=Oop [40]=Oop [48]=Oop }
                      ;*invokestatic ensureMaterializedForStackWalk {reexecute=0 rethrow=0 return_oop=0}
                      ; - java.security.AccessController::executePrivileged@5
  0x0000018e3432d5f8: 3c2f 9d07 

  0x0000018e3432d5fc: ;   {metadata(method data for {method} {0x0000018e46030fe8} 'executePrivileged' '(Ljava/security/PrivilegedExceptionAction;Ljava/security/AccessControlContext;Ljava/lang/Class;)Ljava/lang/Object;' in 'java/security/AccessController')}
  0x0000018e3432d5fc: 48ba 9065 | 9b46 8e01 | 0000 ff82 | 4001 0000 | 488b 5424 | 2048 3b02 

  0x0000018e3432d614: ;   {metadata(method data for {method} {0x0000018e46030fe8} 'executePrivileged' '(Ljava/security/PrivilegedExceptionAction;Ljava/security/AccessControlContext;Ljava/lang/Class;)Ljava/lang/Object;' in 'java/security/AccessController')}
  0x0000018e3432d614: 488b f248 | bf90 659b | 468e 0100 | 008b 7608 | 48c1 e603 | 483b b7b0 | 0100 0075 | 0d48 8387 
  0x0000018e3432d634: b801 0000 | 01e9 6600 | 0000 483b | b7c0 0100 | 0075 0d48 | 8387 c801 | 0000 01e9 | 5000 0000 
  0x0000018e3432d654: 4881 bfb0 | 0100 0000 | 0000 0075 | 1748 89b7 | b001 0000 | 48c7 87b8 | 0100 0001 | 0000 00e9 
  0x0000018e3432d674: 2c00 0000 | 4881 bfc0 | 0100 0000 | 0000 0075 | 1748 89b7 | c001 0000 | 48c7 87c8 | 0100 0001 
  0x0000018e3432d694: 0000 00e9 | 0800 0000 | 4883 87a0 | 0100 0001 | 9048 b810 | 4011 4b8e 

  0x0000018e3432d6ac: ;   {virtual_call}
  0x0000018e3432d6ac: 0100 00e8 

  0x0000018e3432d6b0: ; ImmutableOopMap {[40]=Oop [48]=Oop }
                      ;*invokeinterface run {reexecute=0 rethrow=0 return_oop=0}
                      ; - java.security.AccessController::executePrivileged@29
  0x0000018e3432d6b0: d4f7 4a07 

  0x0000018e3432d6b4: ;   {metadata(method data for {method} {0x0000018e46030fe8} 'executePrivileged' '(Ljava/security/PrivilegedExceptionAction;Ljava/security/AccessControlContext;Ljava/lang/Class;)Ljava/lang/Object;' in 'java/security/AccessController')}
  0x0000018e3432d6b4: 48be 9065 | 9b46 8e01 | 0000 ff86 | d801 0000 | 4c8b 4c24 

  0x0000018e3432d6c8: ;   {metadata(method data for {method} {0x0000018e46030fe8} 'executePrivileged' '(Ljava/security/PrivilegedExceptionAction;Ljava/security/AccessControlContext;Ljava/lang/Class;)Ljava/lang/Object;' in 'java/security/AccessController')}
  0x0000018e3432d6c8: 2848 be90 | 659b 468e | 0100 0048 | 8386 3802 

  0x0000018e3432d6d8: ;   {metadata(method data for {method} {0x0000018e46035da8} 'reachabilityFence' '(Ljava/lang/Object;)V' in 'java/lang/ref/Reference')}
  0x0000018e3432d6d8: 0000 0148 | be38 8b5e | 468e 0100 | 008b becc | 0000 0083 | c702 89be | cc00 0000 | 81e7 feff 
  0x0000018e3432d6f8: 1f00 83ff | 000f 8473 

  0x0000018e3432d700: ;   {metadata(method data for {method} {0x0000018e46030fe8} 'executePrivileged' '(Ljava/security/PrivilegedExceptionAction;Ljava/security/AccessControlContext;Ljava/lang/Class;)Ljava/lang/Object;' in 'java/security/AccessController')}
  0x0000018e3432d700: 0000 0048 | be90 659b | 468e 0100 | 0048 8386 | 4802 0000 

  0x0000018e3432d714: ;   {metadata(method data for {method} {0x0000018e46035da8} 'reachabilityFence' '(Ljava/lang/Object;)V' in 'java/lang/ref/Reference')}
  0x0000018e3432d714: 0148 be38 | 8b5e 468e | 0100 008b | becc 0000 | 0083 c702 | 89be cc00 | 0000 81e7 | feff 1f00 
  0x0000018e3432d734: 83ff 000f | 845a 0000 | 0048 83c4 

  0x0000018e3432d740: ;   {poll_return}
  0x0000018e3432d740: 405d 493b | a750 0300 | 000f 8766 | 0000 00c3 

  0x0000018e3432d750: ;   {metadata({method} {0x0000018e46030fe8} 'executePrivileged' '(Ljava/security/PrivilegedExceptionAction;Ljava/security/AccessControlContext;Ljava/lang/Class;)Ljava/lang/Object;' in 'java/security/AccessController')}
  0x0000018e3432d750: 49ba e00f | 0346 8e01 | 0000 4c89 | 5424 0848 | c704 24ff 

  0x0000018e3432d764: ;   {runtime_call counter_overflow Runtime1 stub}
  0x0000018e3432d764: ffff ffe8 

  0x0000018e3432d768: ; ImmutableOopMap {rdx=Oop r8=Oop [48]=Oop r9=Oop }
                      ;*synchronization entry
                      ; - java.security.AccessController::executePrivileged@-1
  0x0000018e3432d768: 94cc 4a07 | e928 feff 

  0x0000018e3432d770: ;   {runtime_call throw_null_pointer_exception Runtime1 stub}
  0x0000018e3432d770: ffe8 2a9c 

  0x0000018e3432d774: ; ImmutableOopMap {[40]=Oop rdx=Oop [48]=Oop }
                      ;*invokeinterface run {reexecute=0 rethrow=0 return_oop=0}
                      ; - java.security.AccessController::executePrivileged@29
                      ;   {metadata({method} {0x0000018e46035da8} 'reachabilityFence' '(Ljava/lang/Object;)V' in 'java/lang/ref/Reference')}
  0x0000018e3432d774: 4107 49ba | a05d 0346 | 8e01 0000 | 4c89 5424 | 0848 c704 | 24ff ffff 

  0x0000018e3432d78c: ;   {runtime_call counter_overflow Runtime1 stub}
  0x0000018e3432d78c: ffe8 6ecc 

  0x0000018e3432d790: ; ImmutableOopMap {rax=Oop r9=Oop }
                      ;*synchronization entry
                      ; - java.lang.ref.Reference::reachabilityFence@-1
                      ; - java.security.AccessController::executePrivileged@56
  0x0000018e3432d790: 4a07 e96c 

  0x0000018e3432d794: ;   {metadata({method} {0x0000018e46035da8} 'reachabilityFence' '(Ljava/lang/Object;)V' in 'java/lang/ref/Reference')}
  0x0000018e3432d794: ffff ff49 | baa0 5d03 | 468e 0100 | 004c 8954 | 2408 48c7 | 0424 ffff 

  0x0000018e3432d7ac: ;   {runtime_call counter_overflow Runtime1 stub}
  0x0000018e3432d7ac: ffff e84d 

  0x0000018e3432d7b0: ; ImmutableOopMap {rax=Oop }
                      ;*synchronization entry
                      ; - java.lang.ref.Reference::reachabilityFence@-1
                      ; - java.security.AccessController::executePrivileged@60
  0x0000018e3432d7b0: cc4a 07eb 

  0x0000018e3432d7b4: ;   {internal_word}
  0x0000018e3432d7b4: 8849 ba42 | d732 348e | 0100 004d | 8997 6803 

  0x0000018e3432d7c4: ;   {runtime_call SafepointBlob}
  0x0000018e3432d7c4: 0000 e935 | 9f40 0790 | 9049 8b87 | e003 0000 | 49c7 87e0 | 0300 0000 | 0000 0049 | c787 e803 
  0x0000018e3432d7e4: 0000 0000 | 0000 4883 

  0x0000018e3432d7ec: ;   {runtime_call unwind_exception Runtime1 stub}
  0x0000018e3432d7ec: c440 5de9 | 8caa 4107 | f4f4 f4f4 | f4f4 f4f4 | f4f4 f4f4 
[Stub Code]
  0x0000018e3432d800: ;   {no_reloc}
  0x0000018e3432d800: 0f1f 4400 

  0x0000018e3432d804: ;   {static_stub}
  0x0000018e3432d804: 0048 bb58 | 0d03 468e 

  0x0000018e3432d80c: ;   {runtime_call I2C/C2I adapters}
  0x0000018e3432d80c: 0100 00e9 | 3c82 4007 

  0x0000018e3432d814: ;   {static_stub}
  0x0000018e3432d814: 9048 bb00 | 0000 0000 

  0x0000018e3432d81c: ;   {runtime_call}
  0x0000018e3432d81c: 0000 00e9 | fbff ffff 
[Exception Handler]
  0x0000018e3432d824: ;   {runtime_call handle_exception_from_callee Runtime1 stub}
  0x0000018e3432d824: e857 7d41 

  0x0000018e3432d828: ;   {external_word}
  0x0000018e3432d828: 0748 b940 | 9a00 8cf9 | 7f00 0048 

  0x0000018e3432d834: ;   {runtime_call}
  0x0000018e3432d834: 83e4 f049 | ba60 2dc9 | 8bf9 7f00 | 0041 ffd2 

  0x0000018e3432d844: ;   {section_word}
  0x0000018e3432d844: f449 ba45 | d832 348e | 0100 0041 

  0x0000018e3432d850: ;   {runtime_call DeoptimizationBlob}
  0x0000018e3432d850: 52e9 4a91 | 4007 f4f4 
[/MachCode]


---------------  P R O C E S S  ---------------

Threads class SMR info:
_java_thread_list=0x0000018e4afdd260, length=17, elements={
0x0000018e31514010, 0x0000018e315c5810, 0x0000018e315c7fd0, 0x0000018e315cb070,
0x0000018e315cbe00, 0x0000018e315ccb90, 0x0000018e315ce870, 0x0000018e45381750,
0x0000018e4a5763b0, 0x0000018e4a579080, 0x0000018e31577820, 0x0000018e4a7735a0,
0x0000018e4b3889d0, 0x0000018e4b366560, 0x0000018e4b39de80, 0x0000018e4a564880,
0x0000018e4a666360
}

Java Threads: ( => current thread )
  0x0000018e31514010 JavaThread "main" [_thread_blocked, id=6140, stack(0x0000007ce7700000,0x0000007ce7800000)]
  0x0000018e315c5810 JavaThread "Reference Handler" daemon [_thread_blocked, id=1528, stack(0x0000007ce7a00000,0x0000007ce7b00000)]
  0x0000018e315c7fd0 JavaThread "Finalizer" daemon [_thread_blocked, id=11360, stack(0x0000007ce7b00000,0x0000007ce7c00000)]
  0x0000018e315cb070 JavaThread "Signal Dispatcher" daemon [_thread_blocked, id=3212, stack(0x0000007ce7c00000,0x0000007ce7d00000)]
  0x0000018e315cbe00 JavaThread "Attach Listener" daemon [_thread_blocked, id=14104, stack(0x0000007ce7d00000,0x0000007ce7e00000)]
  0x0000018e315ccb90 JavaThread "Service Thread" daemon [_thread_blocked, id=5256, stack(0x0000007ce7e00000,0x0000007ce7f00000)]
  0x0000018e315ce870 JavaThread "Monitor Deflation Thread" daemon [_thread_blocked, id=10508, stack(0x0000007ce7f00000,0x0000007ce8000000)]
  0x0000018e45381750 JavaThread "C2 CompilerThread0" daemon [_thread_blocked, id=14748, stack(0x0000007ce8000000,0x0000007ce8100000)]
  0x0000018e4a5763b0 JavaThread "C1 CompilerThread0" daemon [_thread_blocked, id=15400, stack(0x0000007ce8100000,0x0000007ce8200000)]
  0x0000018e4a579080 JavaThread "Sweeper thread" daemon [_thread_blocked, id=9072, stack(0x0000007ce8200000,0x0000007ce8300000)]
  0x0000018e31577820 JavaThread "Common-Cleaner" daemon [_thread_blocked, id=14700, stack(0x0000007ce8300000,0x0000007ce8400000)]
  0x0000018e4a7735a0 JavaThread "Notification Thread" daemon [_thread_blocked, id=15044, stack(0x0000007ce8400000,0x0000007ce8500000)]
  0x0000018e4b3889d0 JavaThread "Active Thread: Equinox Container: d00f4bfb-67d2-425d-8075-7e7e265cf8c0" [_thread_blocked, id=15228, stack(0x0000007ce8a00000,0x0000007ce8b00000)]
  0x0000018e4b366560 JavaThread "Framework Event Dispatcher: Equinox Container: d00f4bfb-67d2-425d-8075-7e7e265cf8c0" daemon [_thread_blocked, id=12412, stack(0x0000007ce8900000,0x0000007ce8a00000)]
=>0x0000018e4b39de80 JavaThread "Start Level: Equinox Container: d00f4bfb-67d2-425d-8075-7e7e265cf8c0" daemon [_thread_in_vm, id=16052, stack(0x0000007ce8b00000,0x0000007ce8c00000)]
  0x0000018e4a564880 JavaThread "SCR Component Actor" daemon [_thread_blocked, id=7020, stack(0x0000007ce8c00000,0x0000007ce8d00000)]
  0x0000018e4a666360 JavaThread "SCR Component Registry" daemon [_thread_blocked, id=15148, stack(0x0000007ce8d00000,0x0000007ce8e00000)]

Other Threads:
  0x0000018e45346870 VMThread "VM Thread" [stack: 0x0000007ce7900000,0x0000007ce7a00000] [id=12836]
  0x0000018e4a7d8440 WatcherThread [stack: 0x0000007ce8500000,0x0000007ce8600000] [id=14408]
  0x0000018e3152b620 GCTaskThread "GC Thread#0" [stack: 0x0000007ce7800000,0x0000007ce7900000] [id=5628]
  0x0000018e4aa84b10 GCTaskThread "GC Thread#1" [stack: 0x0000007ce8600000,0x0000007ce8700000] [id=2964]
  0x0000018e4ab6c340 GCTaskThread "GC Thread#2" [stack: 0x0000007ce8700000,0x0000007ce8800000] [id=11968]
  0x0000018e4ae80a60 GCTaskThread "GC Thread#3" [stack: 0x0000007ce8800000,0x0000007ce8900000] [id=12900]

Threads with active compile tasks:

VM state: not at safepoint (normal execution)

VM Mutex/Monitor currently owned by a thread:  ([mutex/lock_event])
[0x0000018e3150f6c0] Metaspace_lock - owner thread: 0x0000018e4b39de80

Heap address: 0x00000000c0000000, size: 1024 MB, Compressed Oops mode: 32-bit

CDS archive(s) not mapped
Compressed class space mapped at: 0x0000000100000000-0x0000000140000000, reserved size: 1073741824
Narrow klass base: 0x0000000000000000, Narrow klass shift: 3, Narrow klass range: 0x140000000

GC Precious Log:
 CPUs: 4 total, 4 available
 Memory: 6013M
 Large Page Support: Disabled
 NUMA Support: Disabled
 Compressed Oops: Enabled (32-bit)
 Alignments: Space 512K, Generation 512K, Heap 2M
 Heap Min Capacity: 100M
 Heap Initial Capacity: 100M
 Heap Max Capacity: 1G
 Pre-touch: Disabled
 Parallel Workers: 4

Heap:
 PSYoungGen      total 29696K, used 15598K [0x00000000eab00000, 0x00000000ecc00000, 0x0000000100000000)
  eden space 25600K, 45% used [0x00000000eab00000,0x00000000eb6413b0,0x00000000ec400000)
  from space 4096K, 99% used [0x00000000ec800000,0x00000000ecbfa640,0x00000000ecc00000)
  to   space 4096K, 0% used [0x00000000ec400000,0x00000000ec400000,0x00000000ec800000)
 ParOldGen       total 68608K, used 740K [0x00000000c0000000, 0x00000000c4300000, 0x00000000eab00000)
  object space 68608K, 1% used [0x00000000c0000000,0x00000000c00b9350,0x00000000c4300000)
 Metaspace       used 17132K, committed 17408K, reserved 1114112K
  class space    used 1759K, committed 1856K, reserved 1048576K

Card table byte_map: [0x0000018e30eb0000,0x0000018e310c0000] _byte_map_base: 0x0000018e308b0000

Marking Bits: (ParMarkBitMap*) 0x00007ff98c27d7d0
 Begin Bits: [0x0000018e431b0000, 0x0000018e441b0000)
 End Bits:   [0x0000018e441b0000, 0x0000018e451b0000)

Polling page: 0x0000018e2f3b0000

Metaspace:

Usage:
  Non-class:     15.01 MB used.
      Class:      1.72 MB used.
       Both:     16.73 MB used.

Virtual space:
  Non-class space:       64.00 MB reserved,      15.19 MB ( 24%) committed,  1 nodes.
      Class space:        1.00 GB reserved,       1.81 MB ( <1%) committed,  1 nodes.
             Both:        1.06 GB reserved,      17.00 MB (  2%) committed. 

Chunk freelists:
   Non-Class:  15.87 MB
       Class:  14.21 MB
        Both:  30.08 MB

MaxMetaspaceSize: unlimited
CompressedClassSpaceSize: 1.00 GB
Initial GC threshold: 21.00 MB
Current GC threshold: 21.00 MB
CDS: off
MetaspaceReclaimPolicy: balanced
 - commit_granule_bytes: 65536.
 - commit_granule_words: 8192.
 - virtual_space_node_default_size: 8388608.
 - enlarge_chunks_in_place: 1.
 - new_chunks_are_fully_committed: 0.
 - uncommit_free_chunks: 1.
 - use_allocation_guard: 0.
 - handle_deallocations: 1.


Internal statistics:

num_allocs_failed_limit: 0.
num_arena_births: 144.
num_arena_deaths: 0.
num_vsnodes_births: 2.
num_vsnodes_deaths: 0.
num_space_committed: 272.
num_space_uncommitted: 0.
num_chunks_returned_to_freelist: 0.
num_chunks_taken_from_freelist: 461.
num_chunk_merges: 0.
num_chunk_splits: 293.
num_chunks_enlarged: 210.
num_inconsistent_stats: 0.

CodeHeap 'non-profiled nmethods': size=120000Kb used=743Kb max_used=743Kb free=119256Kb
 bounds [0x0000018e3bc80000, 0x0000018e3bef0000, 0x0000018e431b0000]
CodeHeap 'profiled nmethods': size=120000Kb used=3445Kb max_used=3445Kb free=116554Kb
 bounds [0x0000018e341b0000, 0x0000018e34510000, 0x0000018e3b6e0000]
CodeHeap 'non-nmethods': size=5760Kb used=1169Kb max_used=1187Kb free=4590Kb
 bounds [0x0000018e3b6e0000, 0x0000018e3b950000, 0x0000018e3bc80000]
 total_blobs=2306 nmethods=1837 adapters=383
 compilation: enabled
              stopped_count=0, restarted_count=0
 full_count=0

Compilation events (20 events):
Event: 8.192 Thread 0x0000018e4a5763b0 nmethod 1827 0x0000018e34509690 code [0x0000018e34509840, 0x0000018e34509b28]
Event: 8.192 Thread 0x0000018e4a5763b0 1829       3       org.eclipse.osgi.internal.framework.EquinoxBundle::getState (101 bytes)
Event: 8.194 Thread 0x0000018e4a5763b0 nmethod 1829 0x0000018e34509c90 code [0x0000018e34509f00, 0x0000018e3450a8f8]
Event: 8.194 Thread 0x0000018e4a5763b0 1830   !   3       org.eclipse.osgi.internal.framework.EquinoxBundle::$SWITCH_TABLE$org$eclipse$osgi$container$Module$State (115 bytes)
Event: 8.194 Thread 0x0000018e4a5763b0 nmethod 1830 0x0000018e3450ac90 code [0x0000018e3450ae80, 0x0000018e3450b3e8]
Event: 8.194 Thread 0x0000018e4a5763b0 1831       1       org.eclipse.osgi.container.ModuleWire::getRequirement (5 bytes)
Event: 8.194 Thread 0x0000018e4a5763b0 nmethod 1831 0x0000018e3bd39510 code [0x0000018e3bd396a0, 0x0000018e3bd39778]
Event: 8.201 Thread 0x0000018e4a5763b0 1832       3       java.security.AccessController::doPrivileged (9 bytes)
Event: 8.201 Thread 0x0000018e4a5763b0 nmethod 1832 0x0000018e3450b610 code [0x0000018e3450b7e0, 0x0000018e3450baf8]
Event: 8.202 Thread 0x0000018e4a5763b0 1833       3       java.lang.invoke.MethodTypeForm::cachedLambdaForm (23 bytes)
Event: 8.202 Thread 0x0000018e4a5763b0 nmethod 1833 0x0000018e3450bc90 code [0x0000018e3450be40, 0x0000018e3450c188]
Event: 8.202 Thread 0x0000018e4a5763b0 1835       3       java.lang.invoke.MethodHandleNatives::refKindIsMethod (19 bytes)
Event: 8.202 Thread 0x0000018e4a5763b0 nmethod 1835 0x0000018e3450c290 code [0x0000018e3450c440, 0x0000018e3450c698]
Event: 8.202 Thread 0x0000018e4a5763b0 1836       3       java.lang.invoke.InvokerBytecodeGenerator::emitStoreResult (27 bytes)
Event: 8.203 Thread 0x0000018e4a5763b0 nmethod 1836 0x0000018e3450c790 code [0x0000018e3450c940, 0x0000018e3450cb28]
Event: 8.203 Thread 0x0000018e4a5763b0 1837       3       java.lang.invoke.LambdaForm$NamedFunction::intrinsicName (21 bytes)
Event: 8.203 Thread 0x0000018e45381750 1839       4       jdk.internal.org.objectweb.asm.Symbol::<init> (38 bytes)
Event: 8.203 Thread 0x0000018e4a5763b0 nmethod 1837 0x0000018e3450cc10 code [0x0000018e3450cdc0, 0x0000018e3450d008]
Event: 8.203 Thread 0x0000018e4a5763b0 1838       3       java.lang.invoke.LambdaForm$NamedFunction::member (26 bytes)
Event: 8.203 Thread 0x0000018e4a5763b0 nmethod 1838 0x0000018e3450d110 code [0x0000018e3450d2a0, 0x0000018e3450d3b8]

GC Heap History (4 events):
Event: 3.718 GC heap before
{Heap before GC invocations=1 (full 0):
 PSYoungGen      total 29696K, used 25600K [0x00000000eab00000, 0x00000000ecc00000, 0x0000000100000000)
  eden space 25600K, 100% used [0x00000000eab00000,0x00000000ec400000,0x00000000ec400000)
  from space 4096K, 0% used [0x00000000ec800000,0x00000000ec800000,0x00000000ecc00000)
  to   space 4096K, 0% used [0x00000000ec400000,0x00000000ec400000,0x00000000ec800000)
 ParOldGen       total 68608K, used 0K [0x00000000c0000000, 0x00000000c4300000, 0x00000000eab00000)
  object space 68608K, 0% used [0x00000000c0000000,0x00000000c0000000,0x00000000c4300000)
 Metaspace       used 11022K, committed 11200K, reserved 1114112K
  class space    used 1098K, committed 1216K, reserved 1048576K
}
Event: 3.740 GC heap after
{Heap after GC invocations=1 (full 0):
 PSYoungGen      total 29696K, used 3188K [0x00000000eab00000, 0x00000000ecc00000, 0x0000000100000000)
  eden space 25600K, 0% used [0x00000000eab00000,0x00000000eab00000,0x00000000ec400000)
  from space 4096K, 77% used [0x00000000ec400000,0x00000000ec71d130,0x00000000ec800000)
  to   space 4096K, 0% used [0x00000000ec800000,0x00000000ec800000,0x00000000ecc00000)
 ParOldGen       total 68608K, used 0K [0x00000000c0000000, 0x00000000c4300000, 0x00000000eab00000)
  object space 68608K, 0% used [0x00000000c0000000,0x00000000c0000000,0x00000000c4300000)
 Metaspace       used 11022K, committed 11200K, reserved 1114112K
  class space    used 1098K, committed 1216K, reserved 1048576K
}
Event: 7.102 GC heap before
{Heap before GC invocations=2 (full 0):
 PSYoungGen      total 29696K, used 28788K [0x00000000eab00000, 0x00000000ecc00000, 0x0000000100000000)
  eden space 25600K, 100% used [0x00000000eab00000,0x00000000ec400000,0x00000000ec400000)
  from space 4096K, 77% used [0x00000000ec400000,0x00000000ec71d130,0x00000000ec800000)
  to   space 4096K, 0% used [0x00000000ec800000,0x00000000ec800000,0x00000000ecc00000)
 ParOldGen       total 68608K, used 0K [0x00000000c0000000, 0x00000000c4300000, 0x00000000eab00000)
  object space 68608K, 0% used [0x00000000c0000000,0x00000000c0000000,0x00000000c4300000)
 Metaspace       used 14916K, committed 15168K, reserved 1114112K
  class space    used 1514K, committed 1664K, reserved 1048576K
}
Event: 7.110 GC heap after
{Heap after GC invocations=2 (full 0):
 PSYoungGen      total 29696K, used 4073K [0x00000000eab00000, 0x00000000ecc00000, 0x0000000100000000)
  eden space 25600K, 0% used [0x00000000eab00000,0x00000000eab00000,0x00000000ec400000)
  from space 4096K, 99% used [0x00000000ec800000,0x00000000ecbfa640,0x00000000ecc00000)
  to   space 4096K, 0% used [0x00000000ec400000,0x00000000ec400000,0x00000000ec800000)
 ParOldGen       total 68608K, used 740K [0x00000000c0000000, 0x00000000c4300000, 0x00000000eab00000)
  object space 68608K, 1% used [0x00000000c0000000,0x00000000c00b9350,0x00000000c4300000)
 Metaspace       used 14916K, committed 15168K, reserved 1114112K
  class space    used 1514K, committed 1664K, reserved 1048576K
}

Dll operation events (9 events):
Event: 0.029 Loaded shared library c:\Users\Dell\.vscode\extensions\redhat.java-1.28.1-win32-x64\jre\17.0.10-win32-x86_64\bin\java.dll
Event: 0.620 Loaded shared library c:\Users\Dell\.vscode\extensions\redhat.java-1.28.1-win32-x64\jre\17.0.10-win32-x86_64\bin\zip.dll
Event: 0.643 Loaded shared library C:\Users\Dell\.vscode\extensions\redhat.java-1.28.1-win32-x64\jre\17.0.10-win32-x86_64\bin\instrument.dll
Event: 0.683 Loaded shared library C:\Users\Dell\.vscode\extensions\redhat.java-1.28.1-win32-x64\jre\17.0.10-win32-x86_64\bin\net.dll
Event: 0.695 Loaded shared library C:\Users\Dell\.vscode\extensions\redhat.java-1.28.1-win32-x64\jre\17.0.10-win32-x86_64\bin\nio.dll
Event: 0.715 Loaded shared library C:\Users\Dell\.vscode\extensions\redhat.java-1.28.1-win32-x64\jre\17.0.10-win32-x86_64\bin\zip.dll
Event: 0.770 Loaded shared library C:\Users\Dell\.vscode\extensions\redhat.java-1.28.1-win32-x64\jre\17.0.10-win32-x86_64\bin\jimage.dll
Event: 1.004 Loaded shared library c:\Users\Dell\.vscode\extensions\redhat.java-1.28.1-win32-x64\jre\17.0.10-win32-x86_64\bin\verify.dll
Event: 6.432 Loaded shared library C:\Users\Dell\AppData\Roaming\Code\User\globalStorage\redhat.java\1.28.1\config_ss_win\org.eclipse.equinox.launcher\org.eclipse.equinox.launcher.win32.win32.x86_64_1.2.900.v20240129-1338\eclipse_11900.dll

Deoptimization events (20 events):
Event: 7.986 Thread 0x0000018e4b39de80 Uncommon trap: trap_request=0xffffffde fr.pc=0x0000018e3bce4bf8 relative=0x0000000000000498
Event: 7.986 Thread 0x0000018e4b39de80 Uncommon trap: reason=class_check action=maybe_recompile pc=0x0000018e3bce4bf8 method=java.io.DataInputStream.readInt()I @ 6 c2
Event: 7.986 Thread 0x0000018e4b39de80 DEOPT PACKING pc=0x0000018e3bce4bf8 sp=0x0000007ce8bfb940
Event: 7.986 Thread 0x0000018e4b39de80 DEOPT UNPACKING pc=0x0000018e3b7366a3 sp=0x0000007ce8bfb8f8 mode 2
Event: 7.988 Thread 0x0000018e4b39de80 Uncommon trap: trap_request=0xffffffde fr.pc=0x0000018e3bce99ac relative=0x00000000000011cc
Event: 7.988 Thread 0x0000018e4b39de80 Uncommon trap: reason=class_check action=maybe_recompile pc=0x0000018e3bce99ac method=java.io.DataInputStream.readFully([BII)V @ 30 c2
Event: 7.988 Thread 0x0000018e4b39de80 DEOPT PACKING pc=0x0000018e3bce99ac sp=0x0000007ce8bfb8a0
Event: 7.988 Thread 0x0000018e4b39de80 DEOPT UNPACKING pc=0x0000018e3b7366a3 sp=0x0000007ce8bfb7e8 mode 2
Event: 7.988 Thread 0x0000018e4b39de80 Uncommon trap: trap_request=0xffffffde fr.pc=0x0000018e3bce99ac relative=0x00000000000011cc
Event: 7.988 Thread 0x0000018e4b39de80 Uncommon trap: reason=class_check action=maybe_recompile pc=0x0000018e3bce99ac method=java.io.DataInputStream.readFully([BII)V @ 30 c2
Event: 7.988 Thread 0x0000018e4b39de80 DEOPT PACKING pc=0x0000018e3bce99ac sp=0x0000007ce8bfb8a0
Event: 7.988 Thread 0x0000018e4b39de80 DEOPT UNPACKING pc=0x0000018e3b7366a3 sp=0x0000007ce8bfb7e8 mode 2
Event: 7.990 Thread 0x0000018e4b39de80 Uncommon trap: trap_request=0xffffffde fr.pc=0x0000018e3bce99ac relative=0x00000000000011cc
Event: 7.990 Thread 0x0000018e4b39de80 Uncommon trap: reason=class_check action=maybe_recompile pc=0x0000018e3bce99ac method=java.io.DataInputStream.readFully([BII)V @ 30 c2
Event: 7.990 Thread 0x0000018e4b39de80 DEOPT PACKING pc=0x0000018e3bce99ac sp=0x0000007ce8bfb8a0
Event: 7.990 Thread 0x0000018e4b39de80 DEOPT UNPACKING pc=0x0000018e3b7366a3 sp=0x0000007ce8bfb7e8 mode 2
Event: 7.990 Thread 0x0000018e4b39de80 Uncommon trap: trap_request=0xffffffde fr.pc=0x0000018e3bce99ac relative=0x00000000000011cc
Event: 7.990 Thread 0x0000018e4b39de80 Uncommon trap: reason=class_check action=maybe_recompile pc=0x0000018e3bce99ac method=java.io.DataInputStream.readFully([BII)V @ 30 c2
Event: 7.990 Thread 0x0000018e4b39de80 DEOPT PACKING pc=0x0000018e3bce99ac sp=0x0000007ce8bfb8a0
Event: 7.990 Thread 0x0000018e4b39de80 DEOPT UNPACKING pc=0x0000018e3b7366a3 sp=0x0000007ce8bfb7e8 mode 2

Classes unloaded (0 events):
No events

Classes redefined (0 events):
No events

Internal exceptions (20 events):
Event: 3.105 Thread 0x0000018e31514010 Exception <a 'java/lang/ClassNotFoundException'{0x00000000ec0a2af8}: sun/net/www/protocol/c/Handler> (0x00000000ec0a2af8) 
thrown [s\src\hotspot\share\classfile\systemDictionary.cpp, line 256]
Event: 3.106 Thread 0x0000018e31514010 Exception <a 'java/lang/ClassNotFoundException'{0x00000000ec0a3c68}: sun/net/www/protocol/c/Handler> (0x00000000ec0a3c68) 
thrown [s\src\hotspot\share\classfile\systemDictionary.cpp, line 256]
Event: 3.164 Thread 0x0000018e31514010 Exception <a 'java/io/FileNotFoundException'{0x00000000ec0c7dc0}> (0x00000000ec0c7dc0) 
thrown [s\src\hotspot\share\prims\jni.cpp, line 516]
Event: 3.423 Thread 0x0000018e31514010 Implicit null exception at 0x0000018e3bcbf23b to 0x0000018e3bcbfb3c
Event: 3.423 Thread 0x0000018e31514010 Implicit null exception at 0x0000018e3bcd066c to 0x0000018e3bcd084c
Event: 3.424 Thread 0x0000018e31514010 Implicit null exception at 0x0000018e3bcc270e to 0x0000018e3bcc2948
Event: 3.671 Thread 0x0000018e31514010 Exception <a 'java/lang/NoSuchMethodError'{0x00000000ec3a0e00}: 'int java.lang.invoke.DirectMethodHandle$Holder.invokeStaticInit(java.lang.Object, java.lang.Object, java.lang.Object, java.lang.Object)'> (0x00000000ec3a0e00) 
thrown [s\src\hotspot\share\interpreter\linkResolver.cpp, line 759]
Event: 3.677 Thread 0x0000018e31514010 Exception <a 'java/lang/NoSuchMethodError'{0x00000000ec3ab470}: 'java.lang.Object java.lang.invoke.DirectMethodHandle$Holder.invokeInterface(java.lang.Object, java.lang.Object)'> (0x00000000ec3ab470) 
thrown [s\src\hotspot\share\interpreter\linkResolver.cpp, line 759]
Event: 3.678 Thread 0x0000018e31514010 Exception <a 'java/lang/IncompatibleClassChangeError'{0x00000000ec3aec68}: Found class java.lang.Object, but interface was expected> (0x00000000ec3aec68) 
thrown [s\src\hotspot\share\interpreter\linkResolver.cpp, line 826]
Event: 3.679 Thread 0x0000018e31514010 Exception <a 'java/lang/NoSuchMethodError'{0x00000000ec3b3158}: 'void java.lang.invoke.DirectMethodHandle$Holder.invokeStatic(java.lang.Object, java.lang.Object)'> (0x00000000ec3b3158) 
thrown [s\src\hotspot\share\interpreter\linkResolver.cpp, line 759]
Event: 3.680 Thread 0x0000018e31514010 Exception <a 'java/lang/NoSuchMethodError'{0x00000000ec3b6958}: 'void java.lang.invoke.DirectMethodHandle$Holder.invokeStaticInit(java.lang.Object, java.lang.Object)'> (0x00000000ec3b6958) 
thrown [s\src\hotspot\share\interpreter\linkResolver.cpp, line 759]
Event: 3.684 Thread 0x0000018e31514010 Exception <a 'java/lang/NoSuchMethodError'{0x00000000ec3bf608}: 'int java.lang.invoke.DirectMethodHandle$Holder.invokeStaticInit(java.lang.Object, java.lang.Object)'> (0x00000000ec3bf608) 
thrown [s\src\hotspot\share\interpreter\linkResolver.cpp, line 759]
Event: 3.835 Thread 0x0000018e31514010 Exception <a 'java/lang/NoSuchMethodError'{0x00000000eabeb020}: 'void java.lang.invoke.DirectMethodHandle$Holder.invokeSpecial(java.lang.Object, java.lang.Object, java.lang.Object)'> (0x00000000eabeb020) 
thrown [s\src\hotspot\share\interpreter\linkResolver.cpp, line 759]
Event: 5.291 Thread 0x0000018e31514010 Exception <a 'java/lang/NoSuchMethodError'{0x00000000eb8a3ba8}: 'java.lang.Object java.lang.invoke.DirectMethodHandle$Holder.newInvokeSpecial(java.lang.Object, int, java.lang.Object)'> (0x00000000eb8a3ba8) 
thrown [s\src\hotspot\share\interpreter\linkResolver.cpp, line 759]
Event: 6.379 Thread 0x0000018e31514010 Exception <a 'java/lang/UnsatisfiedLinkError'{0x00000000ebde7a88}: 'void org.eclipse.equinox.launcher.JNIBridge._update_splash()'> (0x00000000ebde7a88) 
thrown [s\src\hotspot\share\prims\nativeLookup.cpp, line 543]
Event: 6.613 Thread 0x0000018e4b39de80 Exception <a 'java/lang/NoSuchMethodError'{0x00000000ec102d30}: 'java.lang.Object java.lang.invoke.DirectMethodHandle$Holder.invokeStaticInit(java.lang.Object)'> (0x00000000ec102d30) 
thrown [s\src\hotspot\share\interpreter\linkResolver.cpp, line 759]
Event: 6.875 Thread 0x0000018e4b39de80 Exception <a 'java/lang/NullPointerException'{0x00000000ec23d368}> (0x00000000ec23d368) 
thrown [s\src\hotspot\share\interpreter\linkResolver.cpp, line 1350]
Event: 6.875 Thread 0x0000018e4b39de80 Exception <a 'java/lang/NullPointerException'{0x00000000ec23d640}> (0x00000000ec23d640) 
thrown [s\src\hotspot\share\interpreter\linkResolver.cpp, line 1350]
Event: 7.965 Thread 0x0000018e4b39de80 Exception <a 'java/io/FileNotFoundException'{0x00000000eb476cc0}> (0x00000000eb476cc0) 
thrown [s\src\hotspot\share\prims\jni.cpp, line 516]
Event: 8.202 Thread 0x0000018e4b39de80 Exception <a 'java/lang/NoSuchMethodError'{0x00000000eb6213f0}: 'java.lang.Object java.lang.invoke.Invokers$Holder.invokeExact_MT(java.lang.Object, java.lang.Object, java.lang.Object, java.lang.Object, java.lang.Object, java.lang.Object)'> (0x00000000eb6213f0) 
thrown [s\src\hotspot\share\interpreter\linkResolver.cpp, line 759]

VM Operations (20 events):
Event: 3.717 Executing VM operation: ParallelGCFailedAllocation
Event: 3.740 Executing VM operation: ParallelGCFailedAllocation done
Event: 5.139 Executing VM operation: HandshakeAllThreads
Event: 5.139 Executing VM operation: HandshakeAllThreads done
Event: 5.139 Executing VM operation: Cleanup
Event: 5.139 Executing VM operation: Cleanup done
Event: 5.139 Executing VM operation: HandshakeAllThreads
Event: 5.139 Executing VM operation: HandshakeAllThreads done
Event: 5.162 Executing VM operation: HandshakeAllThreads
Event: 5.162 Executing VM operation: HandshakeAllThreads done
Event: 5.261 Executing VM operation: HandshakeAllThreads
Event: 5.261 Executing VM operation: HandshakeAllThreads done
Event: 6.272 Executing VM operation: Cleanup
Event: 6.273 Executing VM operation: Cleanup done
Event: 6.863 Executing VM operation: HandshakeAllThreads
Event: 6.863 Executing VM operation: HandshakeAllThreads done
Event: 7.101 Executing VM operation: ParallelGCFailedAllocation
Event: 7.110 Executing VM operation: ParallelGCFailedAllocation done
Event: 8.113 Executing VM operation: Cleanup
Event: 8.159 Executing VM operation: Cleanup done

Events (20 events):
Event: 7.357 loading class java/util/Timer done
Event: 7.357 loading class java/util/TaskQueue
Event: 7.357 loading class java/util/TaskQueue done
Event: 7.357 loading class java/util/TimerThread
Event: 7.358 loading class java/util/TimerThread done
Event: 7.358 loading class java/util/Timer$ThreadReaper
Event: 7.358 loading class java/util/Timer$ThreadReaper done
Event: 7.358 Thread 0x0000018e4a666360 Thread added: 0x0000018e4a666360
Event: 7.534 loading class java/util/concurrent/locks/ReentrantLock$FairSync
Event: 7.534 loading class java/util/concurrent/locks/ReentrantLock$FairSync done
Event: 7.536 loading class java/util/Collections$ReverseComparator
Event: 7.537 loading class java/util/Collections$ReverseComparator done
Event: 7.779 loading class java/lang/CloneNotSupportedException
Event: 7.779 loading class java/lang/CloneNotSupportedException done
Event: 7.851 loading class java/util/TreeMap$Values
Event: 7.852 loading class java/util/TreeMap$Values done
Event: 7.852 loading class java/util/TreeMap$ValueIterator
Event: 7.852 loading class java/util/TreeMap$ValueIterator done
Event: 8.199 loading class java/lang/StackWalker$Option
Event: 8.199 loading class java/lang/StackWalker$Option done


Dynamic libraries:
0x00007ff794890000 - 0x00007ff79489e000 	c:\Users\Dell\.vscode\extensions\redhat.java-1.28.1-win32-x64\jre\17.0.10-win32-x86_64\bin\java.exe
0x00007ff9e9f10000 - 0x00007ff9ea108000 	C:\Windows\SYSTEM32\ntdll.dll
0x00007ff9e7f40000 - 0x00007ff9e7ffd000 	C:\Windows\System32\KERNEL32.DLL
0x00007ff9e7710000 - 0x00007ff9e7a06000 	C:\Windows\System32\KERNELBASE.dll
0x00007ff9e7c40000 - 0x00007ff9e7d40000 	C:\Windows\System32\ucrtbase.dll
0x00007ff9d8cf0000 - 0x00007ff9d8d07000 	c:\Users\Dell\.vscode\extensions\redhat.java-1.28.1-win32-x64\jre\17.0.10-win32-x86_64\bin\jli.dll
0x00007ff9e8500000 - 0x00007ff9e869e000 	C:\Windows\System32\USER32.dll
0x00007ff9e7a10000 - 0x00007ff9e7a32000 	C:\Windows\System32\win32u.dll
0x00007ff9e94a0000 - 0x00007ff9e94cb000 	C:\Windows\System32\GDI32.dll
0x00007ff9d8cd0000 - 0x00007ff9d8ceb000 	c:\Users\Dell\.vscode\extensions\redhat.java-1.28.1-win32-x64\jre\17.0.10-win32-x86_64\bin\VCRUNTIME140.dll
0x00007ff9e7ad0000 - 0x00007ff9e7be7000 	C:\Windows\System32\gdi32full.dll
0x00007ff9e7d40000 - 0x00007ff9e7ddd000 	C:\Windows\System32\msvcp_win.dll
0x00007ff9db480000 - 0x00007ff9db71a000 	C:\Windows\WinSxS\amd64_microsoft.windows.common-controls_6595b64144ccf1df_6.0.19041.3636_none_60b6a03d71f818d5\COMCTL32.dll
0x00007ff9e94d0000 - 0x00007ff9e956e000 	C:\Windows\System32\msvcrt.dll
0x00007ff9e8930000 - 0x00007ff9e8962000 	C:\Windows\System32\IMM32.DLL
0x00007ff9e3200000 - 0x00007ff9e320c000 	c:\Users\Dell\.vscode\extensions\redhat.java-1.28.1-win32-x64\jre\17.0.10-win32-x86_64\bin\vcruntime140_1.dll
0x00007ff9cc630000 - 0x00007ff9cc6bd000 	c:\Users\Dell\.vscode\extensions\redhat.java-1.28.1-win32-x64\jre\17.0.10-win32-x86_64\bin\msvcp140.dll
0x00007ff98b6e0000 - 0x00007ff98c342000 	c:\Users\Dell\.vscode\extensions\redhat.java-1.28.1-win32-x64\jre\17.0.10-win32-x86_64\bin\server\jvm.dll
0x00007ff9e8390000 - 0x00007ff9e8440000 	C:\Windows\System32\ADVAPI32.dll
0x00007ff9e9590000 - 0x00007ff9e9630000 	C:\Windows\System32\sechost.dll
0x00007ff9e81a0000 - 0x00007ff9e82c5000 	C:\Windows\System32\RPCRT4.dll
0x00007ff9e75c0000 - 0x00007ff9e75e7000 	C:\Windows\System32\bcrypt.dll
0x00007ff9e74a0000 - 0x00007ff9e74eb000 	C:\Windows\SYSTEM32\POWRPROF.dll
0x00007ff9dec90000 - 0x00007ff9dec99000 	C:\Windows\SYSTEM32\WSOCK32.dll
0x00007ff9e86a0000 - 0x00007ff9e870b000 	C:\Windows\System32\WS2_32.dll
0x00007ff9de1e0000 - 0x00007ff9de207000 	C:\Windows\SYSTEM32\WINMM.dll
0x00007ff9e2d50000 - 0x00007ff9e2d5a000 	C:\Windows\SYSTEM32\VERSION.dll
0x00007ff9e7480000 - 0x00007ff9e7492000 	C:\Windows\SYSTEM32\UMPDC.dll
0x00007ff9e5350000 - 0x00007ff9e5362000 	C:\Windows\SYSTEM32\kernel.appcore.dll
0x00007ff9d8c90000 - 0x00007ff9d8c9a000 	c:\Users\Dell\.vscode\extensions\redhat.java-1.28.1-win32-x64\jre\17.0.10-win32-x86_64\bin\jimage.dll
0x00007ff9d5880000 - 0x00007ff9d5a64000 	C:\Windows\SYSTEM32\DBGHELP.DLL
0x00007ff9e1c90000 - 0x00007ff9e1cc4000 	C:\Windows\SYSTEM32\dbgcore.DLL
0x00007ff9e7a40000 - 0x00007ff9e7ac2000 	C:\Windows\System32\bcryptPrimitives.dll
0x00007ff9d8c50000 - 0x00007ff9d8c5e000 	c:\Users\Dell\.vscode\extensions\redhat.java-1.28.1-win32-x64\jre\17.0.10-win32-x86_64\bin\instrument.dll
0x00007ff9cbfe0000 - 0x00007ff9cc005000 	c:\Users\Dell\.vscode\extensions\redhat.java-1.28.1-win32-x64\jre\17.0.10-win32-x86_64\bin\java.dll
0x00007ff9cbfc0000 - 0x00007ff9cbfd8000 	c:\Users\Dell\.vscode\extensions\redhat.java-1.28.1-win32-x64\jre\17.0.10-win32-x86_64\bin\zip.dll
0x00007ff9e9630000 - 0x00007ff9e9d9b000 	C:\Windows\System32\SHELL32.dll
0x00007ff9e5630000 - 0x00007ff9e5dce000 	C:\Windows\SYSTEM32\windows.storage.dll
0x00007ff9e9140000 - 0x00007ff9e9493000 	C:\Windows\System32\combase.dll
0x00007ff9e6e50000 - 0x00007ff9e6e7e000 	C:\Windows\SYSTEM32\Wldp.dll
0x00007ff9e8710000 - 0x00007ff9e87dd000 	C:\Windows\System32\OLEAUT32.dll
0x00007ff9e80f0000 - 0x00007ff9e819d000 	C:\Windows\System32\SHCORE.dll
0x00007ff9e8000000 - 0x00007ff9e8055000 	C:\Windows\System32\shlwapi.dll
0x00007ff9e74f0000 - 0x00007ff9e7515000 	C:\Windows\SYSTEM32\profapi.dll
0x00007ff9cbe90000 - 0x00007ff9cbea9000 	C:\Users\Dell\.vscode\extensions\redhat.java-1.28.1-win32-x64\jre\17.0.10-win32-x86_64\bin\net.dll
0x00007ff9e0370000 - 0x00007ff9e047a000 	C:\Windows\SYSTEM32\WINHTTP.dll
0x00007ff9e6c20000 - 0x00007ff9e6c8a000 	C:\Windows\system32\mswsock.dll
0x00007ff9cbe70000 - 0x00007ff9cbe86000 	C:\Users\Dell\.vscode\extensions\redhat.java-1.28.1-win32-x64\jre\17.0.10-win32-x86_64\bin\nio.dll
0x00007ff9d5c40000 - 0x00007ff9d5c50000 	c:\Users\Dell\.vscode\extensions\redhat.java-1.28.1-win32-x64\jre\17.0.10-win32-x86_64\bin\verify.dll
0x00007ff9c9cf0000 - 0x00007ff9c9d2e000 	C:\Users\Dell\AppData\Roaming\Code\User\globalStorage\redhat.java\1.28.1\config_ss_win\org.eclipse.equinox.launcher\org.eclipse.equinox.launcher.win32.win32.x86_64_1.2.900.v20240129-1338\eclipse_11900.dll
0x00007ff9e9da0000 - 0x00007ff9e9ecb000 	C:\Windows\System32\ole32.dll

dbghelp: loaded successfully - version: 4.0.5 - missing functions: none
symbol engine: initialized successfully - sym options: 0x614 - pdb path: .;c:\Users\Dell\.vscode\extensions\redhat.java-1.28.1-win32-x64\jre\17.0.10-win32-x86_64\bin;C:\Windows\SYSTEM32;C:\Windows\WinSxS\amd64_microsoft.windows.common-controls_6595b64144ccf1df_6.0.19041.3636_none_60b6a03d71f818d5;c:\Users\Dell\.vscode\extensions\redhat.java-1.28.1-win32-x64\jre\17.0.10-win32-x86_64\bin\server;C:\Users\Dell\AppData\Roaming\Code\User\globalStorage\redhat.java\1.28.1\config_ss_win\org.eclipse.equinox.launcher\org.eclipse.equinox.launcher.win32.win32.x86_64_1.2.900.v20240129-1338

VM Arguments:
jvm_args: --add-modules=ALL-SYSTEM --add-opens=java.base/java.util=ALL-UNNAMED --add-opens=java.base/java.lang=ALL-UNNAMED --add-opens=java.base/sun.nio.fs=ALL-UNNAMED -Declipse.application=org.eclipse.jdt.ls.core.id1 -Dosgi.bundles.defaultStartLevel=4 -Declipse.product=org.eclipse.jdt.ls.core.product -Djava.import.generatesMetadataFilesAtProjectRoot=false -DDetectVMInstallationsJob.disabled=true -Dfile.encoding=utf8 -XX:+UseParallelGC -XX:GCTimeRatio=4 -XX:AdaptiveSizePolicyWeight=90 -Dsun.zip.disableMemoryMapping=true -Xmx1G -Xms100m -Xlog:disable -javaagent:c:\Users\Dell\.vscode\extensions\redhat.java-1.28.1-win32-x64\lombok\lombok-1.18.31.jar 
java_command: c:\Users\Dell\.vscode\extensions\redhat.java-1.28.1-win32-x64\server\plugins\org.eclipse.equinox.launcher_1.6.700.v20231214-2017.jar -configuration c:\Users\Dell\AppData\Roaming\Code\User\globalStorage\redhat.java\1.28.1\config_ss_win -data c:\Users\Dell\AppData\Roaming\Code\User\workspaceStorage\d77688133bc9dfcb1443ad5b983b3a8c\redhat.java\ss_ws --stdio
java_class_path (initial): c:\Users\Dell\.vscode\extensions\redhat.java-1.28.1-win32-x64\server\plugins\org.eclipse.equinox.launcher_1.6.700.v20231214-2017.jar
Launcher Type: SUN_STANDARD

[Global flags]
    uintx AdaptiveSizePolicyWeight                 = 90                                        {product} {command line}
     intx CICompilerCount                          = 3                                         {product} {ergonomic}
    uintx GCTimeRatio                              = 4                                         {product} {command line}
   size_t InitialHeapSize                          = 104857600                                 {product} {command line}
   size_t MaxHeapSize                              = 1073741824                                {product} {command line}
   size_t MaxNewSize                               = 357564416                                 {product} {ergonomic}
   size_t MinHeapDeltaBytes                        = 524288                                    {product} {ergonomic}
   size_t MinHeapSize                              = 104857600                                 {product} {command line}
   size_t NewSize                                  = 34603008                                  {product} {ergonomic}
    uintx NonNMethodCodeHeapSize                   = 5832780                                {pd product} {ergonomic}
    uintx NonProfiledCodeHeapSize                  = 122912730                              {pd product} {ergonomic}
   size_t OldSize                                  = 70254592                                  {product} {ergonomic}
    uintx ProfiledCodeHeapSize                     = 122912730                              {pd product} {ergonomic}
    uintx ReservedCodeCacheSize                    = 251658240                              {pd product} {ergonomic}
     bool SegmentedCodeCache                       = true                                      {product} {ergonomic}
   size_t SoftMaxHeapSize                          = 1073741824                             {manageable} {ergonomic}
     bool UseCompressedClassPointers               = true                           {product lp64_product} {ergonomic}
     bool UseCompressedOops                        = true                           {product lp64_product} {ergonomic}
     bool UseLargePagesIndividualAllocation        = false                                  {pd product} {ergonomic}
     bool UseParallelGC                            = true                                      {product} {command line}

Logging:
Log output configuration:
 #0: stdout all=off uptime,level,tags
 #1: stderr all=off uptime,level,tags

Environment Variables:
CLASSPATH=.;C:\Program Files (x86)\MySQL\Connector J 8.0\mysql-connector-j-8.0.33.jar
PATH=C:\Program Files (x86)\Common Files\Intel\Shared Libraries\redist\intel64\compiler;C:\Program Files\Common Files\Oracle\Java\javapath;C:\Windows\system32;C:\Windows;C:\Windows\System32\Wbem;C:\Windows\System32\WindowsPowerShell\v1.0\;C:\Windows\System32\OpenSSH\;C:\Program Files\dotnet\;C:\mingw64\bin;C:\Program Files (x86)\Tesseract-OCR;C:\Program Files\Git\cmd;C:\Program Files (x86)\nodejs\;C:\Program Files\gnuplot\bin;C:\Users\Dell\AppData\Local\Programs\Python\Python312\Scripts\;C:\Users\Dell\AppData\Local\Programs\Python\Python312\;C:\Users\Dell\AppData\Local\Programs\Python\Launcher\;C:\Users\Dell\AppData\Local\Programs\Python\Python311\Scripts\;C:\Users\Dell\AppData\Local\Programs\Python\Python311\;C:\Program Files\MySQL\MySQL Shell 8.0\bin\;C:\Users\Dell\AppData\Local\Microsoft\WindowsApps;C:\Users\Dell\AppData\Local\Programs\Microsoft VS Code\bin;C:\Users\Dell\AppData\Local\Programs\MiKTeX\miktex\bin\x64\;C:\Users\Dell\AppData\Roaming\npm
USERNAME=DELL
OS=Windows_NT
PROCESSOR_IDENTIFIER=Intel64 Family 6 Model 58 Stepping 9, GenuineIntel
TMP=C:\Users\Dell\AppData\Local\Temp
TEMP=C:\Users\Dell\AppData\Local\Temp



Periodic native trim disabled


---------------  S Y S T E M  ---------------

OS:
 Windows 10 , 64 bit Build 19041 (10.0.19041.3636)
OS uptime: 1 days 13:48 hours
Hyper-V role detected

CPU: total 4 (initial active 4) (2 cores per cpu, 2 threads per core) family 6 model 58 stepping 9 microcode 0x21, cx8, cmov, fxsr, ht, mmx, sse, sse2, sse3, ssse3, sse4.1, sse4.2, popcnt, tsc, tscinvbit, avx, aes, erms, clmul, vzeroupper, clflush, hv
Processor Information for all 4 processors :
  Max Mhz: 1801, Current Mhz: 1801, Mhz Limit: 1801

Memory: 4k page, system-wide physical 6013M (574M free)
TotalPageFile size 8061M (AvailPageFile size 171M)
current process WorkingSet (physical memory assigned to process): 89M, peak: 89M
current process commit charge ("private bytes"): 193M, peak: 193M

vm_info: OpenJDK 64-Bit Server VM (17.0.10+7) for windows-amd64 JRE (17.0.10+7), built on Jan 16 2024 23:25:11 by "admin" with MS VC++ 16.10 / 16.11 (VS2019)

END.
